{"meta": {"format": 3, "version": "7.14.3", "timestamp": "2026-06-28T19:12:19.760673", "branch_coverage": false, "show_contexts": false}, "files": {"app/__init__.py": {"executed_lines": [], "summary": {"covered_lines": 0, "num_statements": 0, "percent_covered": 100.0, "percent_covered_display": "100", "missing_lines": 0, "excluded_lines": 0, "percent_statements_covered": 100.0, "percent_statements_covered_display": "100"}, "missing_lines": [], "excluded_lines": [], "functions": {"": {"executed_lines": [], "summary": {"covered_lines": 0, "num_statements": 0, "percent_covered": 100.0, "percent_covered_display": "100", "missing_lines": 0, "excluded_lines": 0, "percent_statements_covered": 100.0, "percent_statements_covered_display": "100"}, "missing_lines": [], "excluded_lines": [], "start_line": 1}}, "classes": {"": {"executed_lines": [], "summary": {"covered_lines": 0, "num_statements": 0, "percent_covered": 100.0, "percent_covered_display": "100", "missing_lines": 0, "excluded_lines": 0, "percent_statements_covered": 100.0, "percent_statements_covered_display": "100"}, "missing_lines": [], "excluded_lines": [], "start_line": 1}}}, "app/api/__init__.py": {"executed_lines": [], "summary": {"covered_lines": 0, "num_statements": 0, "percent_covered": 100.0, "percent_covered_display": "100", "missing_lines": 0, "excluded_lines": 0, "percent_statements_covered": 100.0, "percent_statements_covered_display": "100"}, "missing_lines": [], "excluded_lines": [], "functions": {"": {"executed_lines": [], "summary": {"covered_lines": 0, "num_statements": 0, "percent_covered": 100.0, "percent_covered_display": "100", "missing_lines": 0, "excluded_lines": 0, "percent_statements_covered": 100.0, "percent_statements_covered_display": "100"}, "missing_lines": [], "excluded_lines": [], "start_line": 1}}, "classes": {"": {"executed_lines": [], "summary": {"covered_lines": 0, "num_statements": 0, "percent_covered": 100.0, "percent_covered_display": "100", "missing_lines": 0, "excluded_lines": 0, "percent_statements_covered": 100.0, "percent_statements_covered_display": "100"}, "missing_lines": [], "excluded_lines": [], "start_line": 1}}}, "app/api/v1/__init__.py": {"executed_lines": [], "summary": {"covered_lines": 0, "num_statements": 0, "percent_covered": 100.0, "percent_covered_display": "100", "missing_lines": 0, "excluded_lines": 0, "percent_statements_covered": 100.0, "percent_statements_covered_display": "100"}, "missing_lines": [], "excluded_lines": [], "functions": {"": {"executed_lines": [], "summary": {"covered_lines": 0, "num_statements": 0, "percent_covered": 100.0, "percent_covered_display": "100", "missing_lines": 0, "excluded_lines": 0, "percent_statements_covered": 100.0, "percent_statements_covered_display": "100"}, "missing_lines": [], "excluded_lines": [], "start_line": 1}}, "classes": {"": {"executed_lines": [], "summary": {"covered_lines": 0, "num_statements": 0, "percent_covered": 100.0, "percent_covered_display": "100", "missing_lines": 0, "excluded_lines": 0, "percent_statements_covered": 100.0, "percent_statements_covered_display": "100"}, "missing_lines": [], "excluded_lines": [], "start_line": 1}}}, "app/api/v1/agents.py": {"executed_lines": [3, 4, 5, 6, 7, 9, 10, 11, 12, 13, 14, 15, 21, 22, 23, 27, 30, 31, 40, 41, 46, 47, 48, 49, 50, 59, 60, 61, 62, 63, 64, 65, 71, 72, 73, 76, 77, 79, 80, 86, 87, 88, 89, 95, 96, 97, 98, 103, 104, 105, 110, 111, 112, 113, 115, 116, 118, 119, 120, 121, 122, 123, 124, 126, 127, 128, 130, 137, 138, 141, 142, 143, 150, 151, 152, 155, 156, 157, 162, 163, 164, 165, 166, 172, 181, 182, 183, 185, 186, 187, 188, 189, 190, 191, 192, 193, 195, 196, 197, 198, 205, 206, 209, 210, 211, 212, 213, 215, 216, 217, 222, 223, 230, 231, 232, 233, 234, 235, 236, 237, 238, 239, 244, 247, 248, 249, 250, 251, 252, 253, 254, 269, 274, 275, 276, 277, 278, 281, 282, 284, 285, 286, 287, 288, 289, 290, 291, 301, 302, 308, 309, 310, 312, 314, 315, 316, 318, 319, 320, 322, 323, 324, 326, 327, 328, 329, 332, 333, 335, 344, 345, 348, 351, 352, 353, 354, 355, 357, 362, 363, 368, 369, 370, 371, 372, 373, 374, 379, 380, 381, 382, 387, 388, 393, 394, 399, 400, 401, 402, 403, 408, 409, 412, 413, 416, 417, 418, 419, 420, 421, 422, 423, 428, 429, 432, 433, 434, 435, 436, 437, 438, 445, 446, 451, 452, 453, 455, 461, 462], "summary": {"covered_lines": 229, "num_statements": 238, "percent_covered": 96.21848739495799, "percent_covered_display": "96", "missing_lines": 9, "excluded_lines": 0, "percent_statements_covered": 96.21848739495799, "percent_statements_covered_display": "96"}, "missing_lines": [81, 125, 167, 173, 174, 175, 176, 194, 283], "excluded_lines": [], "functions": {"_not_found": {"executed_lines": [31], "summary": {"covered_lines": 1, "num_statements": 1, "percent_covered": 100.0, "percent_covered_display": "100", "missing_lines": 0, "excluded_lines": 0, "percent_statements_covered": 100.0, "percent_statements_covered_display": "100"}, "missing_lines": [], "excluded_lines": [], "start_line": 30}, "list_agents": {"executed_lines": [46, 47, 48, 49, 50, 59, 60, 61, 62, 63, 64, 65, 71, 72, 73], "summary": {"covered_lines": 15, "num_statements": 15, "percent_covered": 100.0, "percent_covered_display": "100", "missing_lines": 0, "excluded_lines": 0, "percent_statements_covered": 100.0, "percent_statements_covered_display": "100"}, "missing_lines": [], "excluded_lines": [], "start_line": 41}, "create_agent": {"executed_lines": [79, 80, 86, 87, 88, 89, 95, 96, 97, 98, 103, 104, 105, 110, 111, 112, 113, 115, 116, 118, 119, 120, 121, 122, 123, 124, 126, 127, 128, 130, 137, 138], "summary": {"covered_lines": 32, "num_statements": 34, "percent_covered": 94.11764705882354, "percent_covered_display": "94", "missing_lines": 2, "excluded_lines": 0, "percent_statements_covered": 94.11764705882354, "percent_statements_covered_display": "94"}, "missing_lines": [81, 125], "excluded_lines": [], "start_line": 77}, "get_agent": {"executed_lines": [143, 150, 151, 152], "summary": {"covered_lines": 4, "num_statements": 4, "percent_covered": 100.0, "percent_covered_display": "100", "missing_lines": 0, "excluded_lines": 0, "percent_statements_covered": 100.0, "percent_statements_covered_display": "100"}, "missing_lines": [], "excluded_lines": [], "start_line": 142}, "update_agent": {"executed_lines": [157, 162, 163, 164, 165, 166, 172, 181, 182, 183, 185, 186, 187, 188, 189, 190, 191, 192, 193, 195, 196, 197, 198, 205, 206], "summary": {"covered_lines": 25, "num_statements": 31, "percent_covered": 80.64516129032258, "percent_covered_display": "81", "missing_lines": 6, "excluded_lines": 0, "percent_statements_covered": 80.64516129032258, "percent_statements_covered_display": "81"}, "missing_lines": [167, 173, 174, 175, 176, 194], "excluded_lines": [], "start_line": 156}, "delete_agent": {"executed_lines": [211, 212, 213, 215, 216, 217, 222, 223], "summary": {"covered_lines": 8, "num_statements": 8, "percent_covered": 100.0, "percent_covered_display": "100", "missing_lines": 0, "excluded_lines": 0, "percent_statements_covered": 100.0, "percent_statements_covered_display": "100"}, "missing_lines": [], "excluded_lines": [], "start_line": 210}, "run_agent": {"executed_lines": [232, 233, 234, 235, 236, 237, 238, 239, 244], "summary": {"covered_lines": 9, "num_statements": 9, "percent_covered": 100.0, "percent_covered_display": "100", "missing_lines": 0, "excluded_lines": 0, "percent_statements_covered": 100.0, "percent_statements_covered_display": "100"}, "missing_lines": [], "excluded_lines": [], "start_line": 231}, "get_run_status": {"executed_lines": [249, 250, 251, 252, 253, 254], "summary": {"covered_lines": 6, "num_statements": 6, "percent_covered": 100.0, "percent_covered_display": "100", "missing_lines": 0, "excluded_lines": 0, "percent_statements_covered": 100.0, "percent_statements_covered_display": "100"}, "missing_lines": [], "excluded_lines": [], "start_line": 248}, "_condition_results_for_resource": {"executed_lines": [274, 275, 276, 277, 278], "summary": {"covered_lines": 5, "num_statements": 5, "percent_covered": 100.0, "percent_covered_display": "100", "missing_lines": 0, "excluded_lines": 0, "percent_statements_covered": 100.0, "percent_statements_covered_display": "100"}, "missing_lines": [], "excluded_lines": [], "start_line": 269}, "_walk_conditions": {"executed_lines": [282, 284, 285, 286, 287, 288, 289, 290, 291], "summary": {"covered_lines": 9, "num_statements": 10, "percent_covered": 90.0, "percent_covered_display": "90", "missing_lines": 1, "excluded_lines": 0, "percent_statements_covered": 90.0, "percent_statements_covered_display": "90"}, "missing_lines": [283], "excluded_lines": [], "start_line": 281}, "test_filters": {"executed_lines": [308, 309, 310, 312, 314, 315, 316, 318, 319, 320, 322, 323, 324, 326, 327, 328, 329, 332, 333, 335], "summary": {"covered_lines": 20, "num_statements": 20, "percent_covered": 100.0, "percent_covered_display": "100", "missing_lines": 0, "excluded_lines": 0, "percent_statements_covered": 100.0, "percent_statements_covered_display": "100"}, "missing_lines": [], "excluded_lines": [], "start_line": 302}, "_get_work": {"executed_lines": [345, 348], "summary": {"covered_lines": 2, "num_statements": 2, "percent_covered": 100.0, "percent_covered_display": "100", "missing_lines": 0, "excluded_lines": 0, "percent_statements_covered": 100.0, "percent_statements_covered_display": "100"}, "missing_lines": [], "excluded_lines": [], "start_line": 344}, "list_works": {"executed_lines": [353, 354, 355, 357, 362, 363], "summary": {"covered_lines": 6, "num_statements": 6, "percent_covered": 100.0, "percent_covered_display": "100", "missing_lines": 0, "excluded_lines": 0, "percent_statements_covered": 100.0, "percent_statements_covered_display": "100"}, "missing_lines": [], "excluded_lines": [], "start_line": 352}, "create_work": {"executed_lines": [370, 371, 372, 373, 374, 379, 380, 381, 382, 387, 388, 393, 394, 399, 400, 401, 402, 403, 408, 409], "summary": {"covered_lines": 20, "num_statements": 20, "percent_covered": 100.0, "percent_covered_display": "100", "missing_lines": 0, "excluded_lines": 0, "percent_statements_covered": 100.0, "percent_statements_covered_display": "100"}, "missing_lines": [], "excluded_lines": [], "start_line": 369}, "update_work": {"executed_lines": [416, 417, 418, 419, 420, 421, 422, 423, 428, 429], "summary": {"covered_lines": 10, "num_statements": 10, "percent_covered": 100.0, "percent_covered_display": "100", "missing_lines": 0, "excluded_lines": 0, "percent_statements_covered": 100.0, "percent_statements_covered_display": "100"}, "missing_lines": [], "excluded_lines": [], "start_line": 413}, "delete_work": {"executed_lines": [434, 435, 436, 437, 438], "summary": {"covered_lines": 5, "num_statements": 5, "percent_covered": 100.0, "percent_covered_display": "100", "missing_lines": 0, "excluded_lines": 0, "percent_statements_covered": 100.0, "percent_statements_covered_display": "100"}, "missing_lines": [], "excluded_lines": [], "start_line": 433}, "get_suggestions": {"executed_lines": [451, 452, 453, 455, 461, 462], "summary": {"covered_lines": 6, "num_statements": 6, "percent_covered": 100.0, "percent_covered_display": "100", "missing_lines": 0, "excluded_lines": 0, "percent_statements_covered": 100.0, "percent_statements_covered_display": "100"}, "missing_lines": [], "excluded_lines": [], "start_line": 446}, "": {"executed_lines": [3, 4, 5, 6, 7, 9, 10, 11, 12, 13, 14, 15, 21, 22, 23, 27, 30, 40, 41, 76, 77, 141, 142, 155, 156, 209, 210, 230, 231, 247, 248, 269, 281, 301, 302, 344, 351, 352, 368, 369, 412, 413, 432, 433, 445, 446], "summary": {"covered_lines": 46, "num_statements": 46, "percent_covered": 100.0, "percent_covered_display": "100", "missing_lines": 0, "excluded_lines": 0, "percent_statements_covered": 100.0, "percent_statements_covered_display": "100"}, "missing_lines": [], "excluded_lines": [], "start_line": 1}}, "classes": {"": {"executed_lines": [3, 4, 5, 6, 7, 9, 10, 11, 12, 13, 14, 15, 21, 22, 23, 27, 30, 31, 40, 41, 46, 47, 48, 49, 50, 59, 60, 61, 62, 63, 64, 65, 71, 72, 73, 76, 77, 79, 80, 86, 87, 88, 89, 95, 96, 97, 98, 103, 104, 105, 110, 111, 112, 113, 115, 116, 118, 119, 120, 121, 122, 123, 124, 126, 127, 128, 130, 137, 138, 141, 142, 143, 150, 151, 152, 155, 156, 157, 162, 163, 164, 165, 166, 172, 181, 182, 183, 185, 186, 187, 188, 189, 190, 191, 192, 193, 195, 196, 197, 198, 205, 206, 209, 210, 211, 212, 213, 215, 216, 217, 222, 223, 230, 231, 232, 233, 234, 235, 236, 237, 238, 239, 244, 247, 248, 249, 250, 251, 252, 253, 254, 269, 274, 275, 276, 277, 278, 281, 282, 284, 285, 286, 287, 288, 289, 290, 291, 301, 302, 308, 309, 310, 312, 314, 315, 316, 318, 319, 320, 322, 323, 324, 326, 327, 328, 329, 332, 333, 335, 344, 345, 348, 351, 352, 353, 354, 355, 357, 362, 363, 368, 369, 370, 371, 372, 373, 374, 379, 380, 381, 382, 387, 388, 393, 394, 399, 400, 401, 402, 403, 408, 409, 412, 413, 416, 417, 418, 419, 420, 421, 422, 423, 428, 429, 432, 433, 434, 435, 436, 437, 438, 445, 446, 451, 452, 453, 455, 461, 462], "summary": {"covered_lines": 229, "num_statements": 238, "percent_covered": 96.21848739495799, "percent_covered_display": "96", "missing_lines": 9, "excluded_lines": 0, "percent_statements_covered": 96.21848739495799, "percent_statements_covered_display": "96"}, "missing_lines": [81, 125, 167, 173, 174, 175, 176, 194, 283], "excluded_lines": [], "start_line": 1}}}, "app/api/v1/channels.py": {"executed_lines": [3, 4, 5, 7, 8, 9, 10, 12, 13, 14, 15, 23, 24, 26, 28, 31, 32, 38, 39, 45, 46, 48, 49, 50, 54, 55, 60, 61, 62, 63, 64, 65, 68, 69, 70, 71, 73, 74, 75, 76, 77, 78, 81, 82, 87, 95, 96, 97, 98, 104, 105, 106, 107, 108, 110, 111, 116, 119, 120, 121, 122, 123, 124, 125, 126, 127, 129, 132, 133, 134, 138, 144, 145, 146, 147, 150, 151, 152, 153, 154, 155, 156, 157, 158, 160, 167, 168, 171, 174, 175, 181, 182, 183, 184, 189, 190, 191, 192, 193, 200, 201, 202, 203, 205, 206, 207, 211, 214, 215, 216, 217, 219, 220, 221, 224, 225, 228, 229, 230, 231, 232, 233, 234, 235, 236, 237, 238, 241, 242, 243, 244, 245, 246, 247, 250, 251, 252, 253, 254, 255, 256, 257, 258, 261, 262, 265, 268, 269, 270, 271, 277, 278, 279, 280, 281, 282, 285, 286, 287, 288, 289, 290, 293, 298, 299, 300, 301, 302, 303, 306, 307, 317, 318, 319, 320, 321, 322, 323, 324, 325, 328, 329, 339, 340, 341, 342, 344, 345, 346, 347, 350, 351, 352, 353, 357, 360, 361, 362, 363, 364, 365, 371, 372, 373, 374, 375, 376, 377, 378, 379, 380, 381, 382, 383, 384, 385, 386, 387], "summary": {"covered_lines": 218, "num_statements": 234, "percent_covered": 93.16239316239316, "percent_covered_display": "93", "missing_lines": 16, "excluded_lines": 0, "percent_statements_covered": 93.16239316239316, "percent_statements_covered_display": "93"}, "missing_lines": [47, 51, 88, 135, 136, 194, 208, 209, 218, 222, 223, 294, 295, 310, 332, 343], "excluded_lines": [], "functions": {"_not_found": {"executed_lines": [32], "summary": {"covered_lines": 1, "num_statements": 1, "percent_covered": 100.0, "percent_covered_display": "100", "missing_lines": 0, "excluded_lines": 0, "percent_statements_covered": 100.0, "percent_statements_covered_display": "100"}, "missing_lines": [], "excluded_lines": [], "start_line": 31}, "_already_running": {"executed_lines": [39], "summary": {"covered_lines": 1, "num_statements": 1, "percent_covered": 100.0, "percent_covered_display": "100", "missing_lines": 0, "excluded_lines": 0, "percent_statements_covered": 100.0, "percent_statements_covered_display": "100"}, "missing_lines": [], "excluded_lines": [], "start_line": 38}, "_valid_field_mapping": {"executed_lines": [46, 48, 49, 50], "summary": {"covered_lines": 4, "num_statements": 6, "percent_covered": 66.66666666666667, "percent_covered_display": "67", "missing_lines": 2, "excluded_lines": 0, "percent_statements_covered": 66.66666666666667, "percent_statements_covered_display": "67"}, "missing_lines": [47, 51], "excluded_lines": [], "start_line": 45}, "list_channels": {"executed_lines": [60, 61, 62, 63, 64, 65, 68, 69, 70, 71, 73, 74, 75, 76, 77, 78], "summary": {"covered_lines": 16, "num_statements": 16, "percent_covered": 100.0, "percent_covered_display": "100", "missing_lines": 0, "excluded_lines": 0, "percent_statements_covered": 100.0, "percent_statements_covered_display": "100"}, "missing_lines": [], "excluded_lines": [], "start_line": 55}, "create_channel": {"executed_lines": [87, 95, 96, 97, 98, 104, 105, 106, 107, 108, 110, 111, 116, 129, 132, 133, 134, 138], "summary": {"covered_lines": 18, "num_statements": 21, "percent_covered": 85.71428571428571, "percent_covered_display": "86", "missing_lines": 3, "excluded_lines": 0, "percent_statements_covered": 85.71428571428571, "percent_statements_covered_display": "86"}, "missing_lines": [88, 135, 136], "excluded_lines": [], "start_line": 82}, "create_channel._create_channel_in_db": {"executed_lines": [119, 120, 121, 122, 123, 124, 125, 126, 127], "summary": {"covered_lines": 9, "num_statements": 9, "percent_covered": 100.0, "percent_covered_display": "100", "missing_lines": 0, "excluded_lines": 0, "percent_statements_covered": 100.0, "percent_statements_covered_display": "100"}, "missing_lines": [], "excluded_lines": [], "start_line": 116}, "get_form_token": {"executed_lines": [146, 147], "summary": {"covered_lines": 2, "num_statements": 2, "percent_covered": 100.0, "percent_covered_display": "100", "missing_lines": 0, "excluded_lines": 0, "percent_statements_covered": 100.0, "percent_statements_covered_display": "100"}, "missing_lines": [], "excluded_lines": [], "start_line": 145}, "get_channel": {"executed_lines": [152, 153, 154, 155, 156, 157, 158, 160, 167, 168, 171], "summary": {"covered_lines": 11, "num_statements": 11, "percent_covered": 100.0, "percent_covered_display": "100", "missing_lines": 0, "excluded_lines": 0, "percent_statements_covered": 100.0, "percent_statements_covered_display": "100"}, "missing_lines": [], "excluded_lines": [], "start_line": 151}, "update_channel": {"executed_lines": [181, 182, 183, 184, 189, 190, 191, 192, 193, 200, 201, 202, 203, 205, 206, 207, 211], "summary": {"covered_lines": 17, "num_statements": 20, "percent_covered": 85.0, "percent_covered_display": "85", "missing_lines": 3, "excluded_lines": 0, "percent_statements_covered": 85.0, "percent_statements_covered_display": "85"}, "missing_lines": [194, 208, 209], "excluded_lines": [], "start_line": 175}, "delete_channel": {"executed_lines": [216, 217, 219, 220, 221, 224, 225], "summary": {"covered_lines": 7, "num_statements": 10, "percent_covered": 70.0, "percent_covered_display": "70", "missing_lines": 3, "excluded_lines": 0, "percent_statements_covered": 70.0, "percent_statements_covered_display": "70"}, "missing_lines": [218, 222, 223], "excluded_lines": [], "start_line": 215}, "fetch_channel": {"executed_lines": [230, 231, 232, 233, 234, 235, 236, 237, 238], "summary": {"covered_lines": 9, "num_statements": 9, "percent_covered": 100.0, "percent_covered_display": "100", "missing_lines": 0, "excluded_lines": 0, "percent_statements_covered": 100.0, "percent_statements_covered_display": "100"}, "missing_lines": [], "excluded_lines": [], "start_line": 229}, "get_fetch_status": {"executed_lines": [243, 244, 245, 246, 247], "summary": {"covered_lines": 5, "num_statements": 5, "percent_covered": 100.0, "percent_covered_display": "100", "missing_lines": 0, "excluded_lines": 0, "percent_statements_covered": 100.0, "percent_statements_covered_display": "100"}, "missing_lines": [], "excluded_lines": [], "start_line": 242}, "analyze_channel_feed": {"executed_lines": [252, 253, 254, 255, 256, 257, 258, 261, 262, 265], "summary": {"covered_lines": 10, "num_statements": 10, "percent_covered": 100.0, "percent_covered_display": "100", "missing_lines": 0, "excluded_lines": 0, "percent_statements_covered": 100.0, "percent_statements_covered_display": "100"}, "missing_lines": [], "excluded_lines": [], "start_line": 251}, "validate_url": {"executed_lines": [270, 271], "summary": {"covered_lines": 2, "num_statements": 2, "percent_covered": 100.0, "percent_covered_display": "100", "missing_lines": 0, "excluded_lines": 0, "percent_statements_covered": 100.0, "percent_statements_covered_display": "100"}, "missing_lines": [], "excluded_lines": [], "start_line": 269}, "preview_feed": {"executed_lines": [279, 280, 281, 282, 285, 286, 287, 288, 289, 290], "summary": {"covered_lines": 10, "num_statements": 10, "percent_covered": 100.0, "percent_covered_display": "100", "missing_lines": 0, "excluded_lines": 0, "percent_statements_covered": 100.0, "percent_statements_covered_display": "100"}, "missing_lines": [], "excluded_lines": [], "start_line": 278}, "_stream_events": {"executed_lines": [], "summary": {"covered_lines": 0, "num_statements": 2, "percent_covered": 0.0, "percent_covered_display": "0", "missing_lines": 2, "excluded_lines": 0, "percent_statements_covered": 0.0, "percent_statements_covered_display": "0"}, "missing_lines": [294, 295], "excluded_lines": [], "start_line": 293}, "analyze_url_stream": {"executed_lines": [300, 301, 302, 303, 306, 307], "summary": {"covered_lines": 6, "num_statements": 7, "percent_covered": 85.71428571428571, "percent_covered_display": "86", "missing_lines": 1, "excluded_lines": 0, "percent_statements_covered": 85.71428571428571, "percent_statements_covered_display": "86"}, "missing_lines": [310], "excluded_lines": [], "start_line": 299}, "analyze_channel_stream": {"executed_lines": [319, 320, 321, 322, 323, 324, 325, 328, 329], "summary": {"covered_lines": 9, "num_statements": 10, "percent_covered": 90.0, "percent_covered_display": "90", "missing_lines": 1, "excluded_lines": 0, "percent_statements_covered": 90.0, "percent_statements_covered_display": "90"}, "missing_lines": [332], "excluded_lines": [], "start_line": 318}, "generate_title_regex": {"executed_lines": [341, 342, 344, 345, 346, 347, 350, 351, 352, 353, 357], "summary": {"covered_lines": 11, "num_statements": 12, "percent_covered": 91.66666666666667, "percent_covered_display": "92", "missing_lines": 1, "excluded_lines": 0, "percent_statements_covered": 91.66666666666667, "percent_statements_covered_display": "92"}, "missing_lines": [343], "excluded_lines": [], "start_line": 340}, "summarize_filters": {"executed_lines": [362, 363, 364, 365, 371, 372, 373, 374, 375, 376, 377, 378, 379, 380, 381, 382, 383, 384, 385, 386, 387], "summary": {"covered_lines": 21, "num_statements": 21, "percent_covered": 100.0, "percent_covered_display": "100", "missing_lines": 0, "excluded_lines": 0, "percent_statements_covered": 100.0, "percent_statements_covered_display": "100"}, "missing_lines": [], "excluded_lines": [], "start_line": 361}, "": {"executed_lines": [3, 4, 5, 7, 8, 9, 10, 12, 13, 14, 15, 23, 24, 26, 28, 31, 38, 45, 54, 55, 81, 82, 144, 145, 150, 151, 174, 175, 214, 215, 228, 229, 241, 242, 250, 251, 268, 269, 277, 278, 293, 298, 299, 317, 318, 339, 340, 360, 361], "summary": {"covered_lines": 49, "num_statements": 49, "percent_covered": 100.0, "percent_covered_display": "100", "missing_lines": 0, "excluded_lines": 0, "percent_statements_covered": 100.0, "percent_statements_covered_display": "100"}, "missing_lines": [], "excluded_lines": [], "start_line": 1}}, "classes": {"": {"executed_lines": [3, 4, 5, 7, 8, 9, 10, 12, 13, 14, 15, 23, 24, 26, 28, 31, 32, 38, 39, 45, 46, 48, 49, 50, 54, 55, 60, 61, 62, 63, 64, 65, 68, 69, 70, 71, 73, 74, 75, 76, 77, 78, 81, 82, 87, 95, 96, 97, 98, 104, 105, 106, 107, 108, 110, 111, 116, 119, 120, 121, 122, 123, 124, 125, 126, 127, 129, 132, 133, 134, 138, 144, 145, 146, 147, 150, 151, 152, 153, 154, 155, 156, 157, 158, 160, 167, 168, 171, 174, 175, 181, 182, 183, 184, 189, 190, 191, 192, 193, 200, 201, 202, 203, 205, 206, 207, 211, 214, 215, 216, 217, 219, 220, 221, 224, 225, 228, 229, 230, 231, 232, 233, 234, 235, 236, 237, 238, 241, 242, 243, 244, 245, 246, 247, 250, 251, 252, 253, 254, 255, 256, 257, 258, 261, 262, 265, 268, 269, 270, 271, 277, 278, 279, 280, 281, 282, 285, 286, 287, 288, 289, 290, 293, 298, 299, 300, 301, 302, 303, 306, 307, 317, 318, 319, 320, 321, 322, 323, 324, 325, 328, 329, 339, 340, 341, 342, 344, 345, 346, 347, 350, 351, 352, 353, 357, 360, 361, 362, 363, 364, 365, 371, 372, 373, 374, 375, 376, 377, 378, 379, 380, 381, 382, 383, 384, 385, 386, 387], "summary": {"covered_lines": 218, "num_statements": 234, "percent_covered": 93.16239316239316, "percent_covered_display": "93", "missing_lines": 16, "excluded_lines": 0, "percent_statements_covered": 93.16239316239316, "percent_statements_covered_display": "93"}, "missing_lines": [47, 51, 88, 135, 136, 194, 208, 209, 218, 222, 223, 294, 295, 310, 332, 343], "excluded_lines": [], "start_line": 1}}}, "app/api/v1/dashboard.py": {"executed_lines": [3, 4, 5, 6, 8, 9, 10, 11, 12, 13, 14, 15, 16, 18, 21, 22, 23, 26, 28, 31, 34, 35, 44, 46, 47, 48, 52, 53, 54, 55, 64, 65, 66, 67, 68, 74, 75, 76, 77, 78, 79, 85, 87, 90, 93, 104, 105, 107, 110, 111, 140], "summary": {"covered_lines": 51, "num_statements": 51, "percent_covered": 100.0, "percent_covered_display": "100", "missing_lines": 0, "excluded_lines": 0, "percent_statements_covered": 100.0, "percent_statements_covered_display": "100"}, "missing_lines": [], "excluded_lines": [], "functions": {"get_dashboard": {"executed_lines": [23, 26, 28, 31, 34, 35, 44, 46, 47, 48, 52, 53, 54, 55, 64, 65, 66, 67, 68, 74, 75, 76, 77, 78, 79, 85, 87, 90, 93, 104, 105, 107, 110, 111, 140], "summary": {"covered_lines": 35, "num_statements": 35, "percent_covered": 100.0, "percent_covered_display": "100", "missing_lines": 0, "excluded_lines": 0, "percent_statements_covered": 100.0, "percent_statements_covered_display": "100"}, "missing_lines": [], "excluded_lines": [], "start_line": 22}, "": {"executed_lines": [3, 4, 5, 6, 8, 9, 10, 11, 12, 13, 14, 15, 16, 18, 21, 22], "summary": {"covered_lines": 16, "num_statements": 16, "percent_covered": 100.0, "percent_covered_display": "100", "missing_lines": 0, "excluded_lines": 0, "percent_statements_covered": 100.0, "percent_statements_covered_display": "100"}, "missing_lines": [], "excluded_lines": [], "start_line": 1}}, "classes": {"": {"executed_lines": [3, 4, 5, 6, 8, 9, 10, 11, 12, 13, 14, 15, 16, 18, 21, 22, 23, 26, 28, 31, 34, 35, 44, 46, 47, 48, 52, 53, 54, 55, 64, 65, 66, 67, 68, 74, 75, 76, 77, 78, 79, 85, 87, 90, 93, 104, 105, 107, 110, 111, 140], "summary": {"covered_lines": 51, "num_statements": 51, "percent_covered": 100.0, "percent_covered_display": "100", "missing_lines": 0, "excluded_lines": 0, "percent_statements_covered": 100.0, "percent_statements_covered_display": "100"}, "missing_lines": [], "excluded_lines": [], "start_line": 1}}}, "app/api/v1/decisions.py": {"executed_lines": [3, 5, 6, 7, 8, 9, 11, 12, 13, 14, 15, 16, 18, 21, 22, 29, 30, 31, 32, 33, 34, 35, 41, 42, 43, 44, 46, 49, 50, 53, 54, 57, 58, 63, 64, 65, 66, 67, 68, 69, 70, 71, 72, 73, 76, 77, 78, 79, 81, 82, 83, 86, 87, 88, 89, 90, 91, 92, 93, 94, 95, 96], "summary": {"covered_lines": 62, "num_statements": 62, "percent_covered": 100.0, "percent_covered_display": "100", "missing_lines": 0, "excluded_lines": 0, "percent_statements_covered": 100.0, "percent_statements_covered_display": "100"}, "missing_lines": [], "excluded_lines": [], "functions": {"list_decisions": {"executed_lines": [29, 30, 31, 32, 33, 34, 35, 41, 42, 43, 44, 46, 49, 50, 53, 54], "summary": {"covered_lines": 16, "num_statements": 16, "percent_covered": 100.0, "percent_covered_display": "100", "missing_lines": 0, "excluded_lines": 0, "percent_statements_covered": 100.0, "percent_statements_covered_display": "100"}, "missing_lines": [], "excluded_lines": [], "start_line": 22}, "confirm_decision": {"executed_lines": [63, 64, 65, 66, 67, 68, 69, 70, 71, 72, 73, 76, 77, 78, 79, 81, 82, 83], "summary": {"covered_lines": 18, "num_statements": 18, "percent_covered": 100.0, "percent_covered_display": "100", "missing_lines": 0, "excluded_lines": 0, "percent_statements_covered": 100.0, "percent_statements_covered_display": "100"}, "missing_lines": [], "excluded_lines": [], "start_line": 58}, "skip_decision": {"executed_lines": [88, 89, 90, 91, 92, 93, 94, 95, 96], "summary": {"covered_lines": 9, "num_statements": 9, "percent_covered": 100.0, "percent_covered_display": "100", "missing_lines": 0, "excluded_lines": 0, "percent_statements_covered": 100.0, "percent_statements_covered_display": "100"}, "missing_lines": [], "excluded_lines": [], "start_line": 87}, "": {"executed_lines": [3, 5, 6, 7, 8, 9, 11, 12, 13, 14, 15, 16, 18, 21, 22, 57, 58, 86, 87], "summary": {"covered_lines": 19, "num_statements": 19, "percent_covered": 100.0, "percent_covered_display": "100", "missing_lines": 0, "excluded_lines": 0, "percent_statements_covered": 100.0, "percent_statements_covered_display": "100"}, "missing_lines": [], "excluded_lines": [], "start_line": 1}}, "classes": {"": {"executed_lines": [3, 5, 6, 7, 8, 9, 11, 12, 13, 14, 15, 16, 18, 21, 22, 29, 30, 31, 32, 33, 34, 35, 41, 42, 43, 44, 46, 49, 50, 53, 54, 57, 58, 63, 64, 65, 66, 67, 68, 69, 70, 71, 72, 73, 76, 77, 78, 79, 81, 82, 83, 86, 87, 88, 89, 90, 91, 92, 93, 94, 95, 96], "summary": {"covered_lines": 62, "num_statements": 62, "percent_covered": 100.0, "percent_covered_display": "100", "missing_lines": 0, "excluded_lines": 0, "percent_statements_covered": 100.0, "percent_statements_covered_display": "100"}, "missing_lines": [], "excluded_lines": [], "start_line": 1}}}, "app/api/v1/downloaders.py": {"executed_lines": [3, 4, 5, 6, 8, 9, 10, 11, 12, 13, 14, 15, 16, 17, 19, 22, 23, 28, 29, 30, 31, 34, 35, 41, 42, 46, 47, 50, 51, 52, 53, 54, 55, 56, 59, 60, 61, 62, 63, 64, 67, 68, 73, 74, 75, 76, 77, 80, 81, 82, 83, 84, 87, 88, 89, 90, 91, 92, 93, 94, 97, 98, 108, 111, 114, 115, 116, 119, 120, 126, 127, 128, 129, 130, 131, 132, 133, 139, 140, 146, 147, 152, 153, 154, 155, 156, 157, 158, 159, 160, 166, 167, 168, 170, 171, 172, 174, 175, 176, 178, 179, 180, 181, 182, 183, 184, 185, 186, 187, 188, 190, 191, 192], "summary": {"covered_lines": 113, "num_statements": 119, "percent_covered": 94.95798319327731, "percent_covered_display": "95", "missing_lines": 6, "excluded_lines": 0, "percent_statements_covered": 94.95798319327731, "percent_statements_covered_display": "95"}, "missing_lines": [48, 49, 78, 79, 112, 113], "excluded_lines": [], "functions": {"list_downloaders": {"executed_lines": [28, 29, 30, 31, 34, 35], "summary": {"covered_lines": 6, "num_statements": 6, "percent_covered": 100.0, "percent_covered_display": "100", "missing_lines": 0, "excluded_lines": 0, "percent_statements_covered": 100.0, "percent_statements_covered_display": "100"}, "missing_lines": [], "excluded_lines": [], "start_line": 23}, "create_downloader": {"executed_lines": [46, 47, 50, 51, 52, 53, 54, 55, 56], "summary": {"covered_lines": 9, "num_statements": 11, "percent_covered": 81.81818181818181, "percent_covered_display": "82", "missing_lines": 2, "excluded_lines": 0, "percent_statements_covered": 81.81818181818181, "percent_statements_covered_display": "82"}, "missing_lines": [48, 49], "excluded_lines": [], "start_line": 42}, "get_downloader": {"executed_lines": [61, 62, 63, 64], "summary": {"covered_lines": 4, "num_statements": 4, "percent_covered": 100.0, "percent_covered_display": "100", "missing_lines": 0, "excluded_lines": 0, "percent_statements_covered": 100.0, "percent_statements_covered_display": "100"}, "missing_lines": [], "excluded_lines": [], "start_line": 60}, "update_downloader": {"executed_lines": [73, 74, 75, 76, 77, 80, 81, 82, 83, 84], "summary": {"covered_lines": 10, "num_statements": 12, "percent_covered": 83.33333333333333, "percent_covered_display": "83", "missing_lines": 2, "excluded_lines": 0, "percent_statements_covered": 83.33333333333333, "percent_statements_covered_display": "83"}, "missing_lines": [78, 79], "excluded_lines": [], "start_line": 68}, "delete_downloader": {"executed_lines": [89, 90, 91, 92, 93, 94, 97, 98, 108, 111, 114, 115, 116], "summary": {"covered_lines": 13, "num_statements": 15, "percent_covered": 86.66666666666667, "percent_covered_display": "87", "missing_lines": 2, "excluded_lines": 0, "percent_statements_covered": 86.66666666666667, "percent_statements_covered_display": "87"}, "missing_lines": [112, 113], "excluded_lines": [], "start_line": 88}, "list_downloader_tasks": {"executed_lines": [126, 127, 128, 129, 130, 131, 132, 133, 139, 140], "summary": {"covered_lines": 10, "num_statements": 10, "percent_covered": 100.0, "percent_covered_display": "100", "missing_lines": 0, "excluded_lines": 0, "percent_statements_covered": 100.0, "percent_statements_covered_display": "100"}, "missing_lines": [], "excluded_lines": [], "start_line": 120}, "list_downloader_live_torrents": {"executed_lines": [152, 153, 154, 155, 156, 157, 158, 159, 160], "summary": {"covered_lines": 9, "num_statements": 9, "percent_covered": 100.0, "percent_covered_display": "100", "missing_lines": 0, "excluded_lines": 0, "percent_statements_covered": 100.0, "percent_statements_covered_display": "100"}, "missing_lines": [], "excluded_lines": [], "start_line": 147}, "test_downloader": {"executed_lines": [168, 170, 171, 172, 174, 175, 176, 178, 179, 180, 181, 182, 183, 184, 185, 186, 187, 188, 190, 191, 192], "summary": {"covered_lines": 21, "num_statements": 21, "percent_covered": 100.0, "percent_covered_display": "100", "missing_lines": 0, "excluded_lines": 0, "percent_statements_covered": 100.0, "percent_statements_covered_display": "100"}, "missing_lines": [], "excluded_lines": [], "start_line": 167}, "": {"executed_lines": [3, 4, 5, 6, 8, 9, 10, 11, 12, 13, 14, 15, 16, 17, 19, 22, 23, 41, 42, 59, 60, 67, 68, 87, 88, 119, 120, 146, 147, 166, 167], "summary": {"covered_lines": 31, "num_statements": 31, "percent_covered": 100.0, "percent_covered_display": "100", "missing_lines": 0, "excluded_lines": 0, "percent_statements_covered": 100.0, "percent_statements_covered_display": "100"}, "missing_lines": [], "excluded_lines": [], "start_line": 1}}, "classes": {"": {"executed_lines": [3, 4, 5, 6, 8, 9, 10, 11, 12, 13, 14, 15, 16, 17, 19, 22, 23, 28, 29, 30, 31, 34, 35, 41, 42, 46, 47, 50, 51, 52, 53, 54, 55, 56, 59, 60, 61, 62, 63, 64, 67, 68, 73, 74, 75, 76, 77, 80, 81, 82, 83, 84, 87, 88, 89, 90, 91, 92, 93, 94, 97, 98, 108, 111, 114, 115, 116, 119, 120, 126, 127, 128, 129, 130, 131, 132, 133, 139, 140, 146, 147, 152, 153, 154, 155, 156, 157, 158, 159, 160, 166, 167, 168, 170, 171, 172, 174, 175, 176, 178, 179, 180, 181, 182, 183, 184, 185, 186, 187, 188, 190, 191, 192], "summary": {"covered_lines": 113, "num_statements": 119, "percent_covered": 94.95798319327731, "percent_covered_display": "95", "missing_lines": 6, "excluded_lines": 0, "percent_statements_covered": 94.95798319327731, "percent_statements_covered_display": "95"}, "missing_lines": [48, 49, 78, 79, 112, 113], "excluded_lines": [], "start_line": 1}}}, "app/api/v1/movies.py": {"executed_lines": [3, 4, 5, 6, 7, 9, 10, 11, 12, 13, 14, 16, 19, 20, 26, 27, 28, 29, 30, 37, 38, 39, 42, 43, 49, 50, 54, 55, 56, 57, 58, 61, 62, 63, 65, 66, 67, 68, 71, 77, 78, 79, 82, 87, 90, 91, 94, 96, 99, 100, 105, 106, 107, 108, 109, 110, 111, 112, 113, 116, 117, 118, 119, 120, 121, 122, 123, 124, 125, 128, 131, 132, 141, 142, 143, 144, 145, 146], "summary": {"covered_lines": 78, "num_statements": 78, "percent_covered": 100.0, "percent_covered_display": "100", "missing_lines": 0, "excluded_lines": 0, "percent_statements_covered": 100.0, "percent_statements_covered_display": "100"}, "missing_lines": [], "excluded_lines": [], "functions": {"list_movies": {"executed_lines": [26, 27, 28, 29, 30, 37, 38, 39, 42, 43], "summary": {"covered_lines": 10, "num_statements": 10, "percent_covered": 100.0, "percent_covered_display": "100", "missing_lines": 0, "excluded_lines": 0, "percent_statements_covered": 100.0, "percent_statements_covered_display": "100"}, "missing_lines": [], "excluded_lines": [], "start_line": 20}, "create_movie": {"executed_lines": [54, 55, 56, 57, 58], "summary": {"covered_lines": 5, "num_statements": 5, "percent_covered": 100.0, "percent_covered_display": "100", "missing_lines": 0, "excluded_lines": 0, "percent_statements_covered": 100.0, "percent_statements_covered_display": "100"}, "missing_lines": [], "excluded_lines": [], "start_line": 50}, "get_movie": {"executed_lines": [63, 65, 66, 67, 68, 71, 77, 78, 79, 82, 87, 90, 91, 94, 96], "summary": {"covered_lines": 15, "num_statements": 15, "percent_covered": 100.0, "percent_covered_display": "100", "missing_lines": 0, "excluded_lines": 0, "percent_statements_covered": 100.0, "percent_statements_covered_display": "100"}, "missing_lines": [], "excluded_lines": [], "start_line": 62}, "update_movie": {"executed_lines": [105, 106, 107, 108, 109, 110, 111, 112, 113], "summary": {"covered_lines": 9, "num_statements": 9, "percent_covered": 100.0, "percent_covered_display": "100", "missing_lines": 0, "excluded_lines": 0, "percent_statements_covered": 100.0, "percent_statements_covered_display": "100"}, "missing_lines": [], "excluded_lines": [], "start_line": 100}, "delete_movie": {"executed_lines": [118, 119, 120, 121, 122, 123, 124, 125, 128, 131, 132, 141, 142, 143, 144, 145, 146], "summary": {"covered_lines": 17, "num_statements": 17, "percent_covered": 100.0, "percent_covered_display": "100", "missing_lines": 0, "excluded_lines": 0, "percent_statements_covered": 100.0, "percent_statements_covered_display": "100"}, "missing_lines": [], "excluded_lines": [], "start_line": 117}, "": {"executed_lines": [3, 4, 5, 6, 7, 9, 10, 11, 12, 13, 14, 16, 19, 20, 49, 50, 61, 62, 99, 100, 116, 117], "summary": {"covered_lines": 22, "num_statements": 22, "percent_covered": 100.0, "percent_covered_display": "100", "missing_lines": 0, "excluded_lines": 0, "percent_statements_covered": 100.0, "percent_statements_covered_display": "100"}, "missing_lines": [], "excluded_lines": [], "start_line": 1}}, "classes": {"": {"executed_lines": [3, 4, 5, 6, 7, 9, 10, 11, 12, 13, 14, 16, 19, 20, 26, 27, 28, 29, 30, 37, 38, 39, 42, 43, 49, 50, 54, 55, 56, 57, 58, 61, 62, 63, 65, 66, 67, 68, 71, 77, 78, 79, 82, 87, 90, 91, 94, 96, 99, 100, 105, 106, 107, 108, 109, 110, 111, 112, 113, 116, 117, 118, 119, 120, 121, 122, 123, 124, 125, 128, 131, 132, 141, 142, 143, 144, 145, 146], "summary": {"covered_lines": 78, "num_statements": 78, "percent_covered": 100.0, "percent_covered_display": "100", "missing_lines": 0, "excluded_lines": 0, "percent_statements_covered": 100.0, "percent_statements_covered_display": "100"}, "missing_lines": [], "excluded_lines": [], "start_line": 1}}}, "app/api/v1/resources.py": {"executed_lines": [3, 5, 6, 7, 8, 9, 11, 12, 13, 14, 15, 16, 23, 24, 29, 31, 34, 35, 42, 43, 44, 48, 49, 50, 52, 53, 57, 58, 59, 60, 61, 62, 63, 64, 65, 67, 68, 69, 71, 72, 73, 74, 79, 80, 81, 82, 83, 90, 91, 97, 99, 100, 105, 106, 112, 113, 114, 118, 119, 123, 126, 127, 128, 132, 133, 138, 139, 140, 141, 142, 143, 144, 149, 150, 151, 152, 153, 154, 155, 156, 158, 167, 168, 171, 172, 173, 177, 178, 179, 180, 184, 187, 188, 191, 192, 193, 197, 198, 199, 200, 201, 202, 203, 209, 210, 211, 212, 218, 219, 224], "summary": {"covered_lines": 110, "num_statements": 112, "percent_covered": 98.21428571428571, "percent_covered_display": "98", "missing_lines": 2, "excluded_lines": 0, "percent_statements_covered": 98.21428571428571, "percent_statements_covered_display": "98"}, "missing_lines": [213, 214], "excluded_lines": [], "functions": {"list_resources": {"executed_lines": [42, 43, 44, 48, 49, 50, 52, 53, 57, 58, 59, 60, 61, 62, 63, 64, 65, 67, 68, 69, 71, 72, 73, 74, 79, 80, 81, 82, 83, 90, 91, 97, 99, 100, 105, 106], "summary": {"covered_lines": 36, "num_statements": 36, "percent_covered": 100.0, "percent_covered_display": "100", "missing_lines": 0, "excluded_lines": 0, "percent_statements_covered": 100.0, "percent_statements_covered_display": "100"}, "missing_lines": [], "excluded_lines": [], "start_line": 35}, "get_resource": {"executed_lines": [114, 118, 119, 123], "summary": {"covered_lines": 4, "num_statements": 4, "percent_covered": 100.0, "percent_covered_display": "100", "missing_lines": 0, "excluded_lines": 0, "percent_statements_covered": 100.0, "percent_statements_covered_display": "100"}, "missing_lines": [], "excluded_lines": [], "start_line": 113}, "get_resource_metadata": {"executed_lines": [128, 132, 133, 138, 139, 140, 141, 142, 143, 144, 149, 150, 151, 152, 153, 154, 155, 156, 158], "summary": {"covered_lines": 19, "num_statements": 19, "percent_covered": 100.0, "percent_covered_display": "100", "missing_lines": 0, "excluded_lines": 0, "percent_statements_covered": 100.0, "percent_statements_covered_display": "100"}, "missing_lines": [], "excluded_lines": [], "start_line": 127}, "search_metadata": {"executed_lines": [171, 172, 173, 177, 178, 179, 180, 184], "summary": {"covered_lines": 8, "num_statements": 8, "percent_covered": 100.0, "percent_covered_display": "100", "missing_lines": 0, "excluded_lines": 0, "percent_statements_covered": 100.0, "percent_statements_covered_display": "100"}, "missing_lines": [], "excluded_lines": [], "start_line": 168}, "link_metadata": {"executed_lines": [191, 192, 193, 197, 198, 199, 200, 201, 202, 203, 209, 210, 211, 212, 218, 219, 224], "summary": {"covered_lines": 17, "num_statements": 19, "percent_covered": 89.47368421052632, "percent_covered_display": "89", "missing_lines": 2, "excluded_lines": 0, "percent_statements_covered": 89.47368421052632, "percent_statements_covered_display": "89"}, "missing_lines": [213, 214], "excluded_lines": [], "start_line": 188}, "": {"executed_lines": [3, 5, 6, 7, 8, 9, 11, 12, 13, 14, 15, 16, 23, 24, 29, 31, 34, 35, 112, 113, 126, 127, 167, 168, 187, 188], "summary": {"covered_lines": 26, "num_statements": 26, "percent_covered": 100.0, "percent_covered_display": "100", "missing_lines": 0, "excluded_lines": 0, "percent_statements_covered": 100.0, "percent_statements_covered_display": "100"}, "missing_lines": [], "excluded_lines": [], "start_line": 1}}, "classes": {"": {"executed_lines": [3, 5, 6, 7, 8, 9, 11, 12, 13, 14, 15, 16, 23, 24, 29, 31, 34, 35, 42, 43, 44, 48, 49, 50, 52, 53, 57, 58, 59, 60, 61, 62, 63, 64, 65, 67, 68, 69, 71, 72, 73, 74, 79, 80, 81, 82, 83, 90, 91, 97, 99, 100, 105, 106, 112, 113, 114, 118, 119, 123, 126, 127, 128, 132, 133, 138, 139, 140, 141, 142, 143, 144, 149, 150, 151, 152, 153, 154, 155, 156, 158, 167, 168, 171, 172, 173, 177, 178, 179, 180, 184, 187, 188, 191, 192, 193, 197, 198, 199, 200, 201, 202, 203, 209, 210, 211, 212, 218, 219, 224], "summary": {"covered_lines": 110, "num_statements": 112, "percent_covered": 98.21428571428571, "percent_covered_display": "98", "missing_lines": 2, "excluded_lines": 0, "percent_statements_covered": 98.21428571428571, "percent_statements_covered_display": "98"}, "missing_lines": [213, 214], "excluded_lines": [], "start_line": 1}}}, "app/api/v1/series.py": {"executed_lines": [3, 4, 5, 6, 7, 9, 10, 11, 12, 14, 17, 18, 24, 25, 26, 27, 28, 35, 36, 37, 40, 41, 47, 48, 52, 53, 54, 55, 56, 59, 60, 61, 62, 63, 64, 65, 66, 67, 69, 73, 74, 75, 78, 83, 89, 90, 91, 94, 99, 102, 105, 107, 110, 111, 116, 117, 118, 119, 121, 125, 126, 127, 128, 129, 132, 133, 134, 135, 136, 137, 138, 139, 140, 141, 144, 147, 148, 158, 159, 160, 161, 162, 163], "summary": {"covered_lines": 83, "num_statements": 86, "percent_covered": 96.51162790697674, "percent_covered_display": "97", "missing_lines": 3, "excluded_lines": 0, "percent_statements_covered": 96.51162790697674, "percent_statements_covered_display": "97"}, "missing_lines": [122, 123, 124], "excluded_lines": [], "functions": {"list_series": {"executed_lines": [24, 25, 26, 27, 28, 35, 36, 37, 40, 41], "summary": {"covered_lines": 10, "num_statements": 10, "percent_covered": 100.0, "percent_covered_display": "100", "missing_lines": 0, "excluded_lines": 0, "percent_statements_covered": 100.0, "percent_statements_covered_display": "100"}, "missing_lines": [], "excluded_lines": [], "start_line": 18}, "create_series": {"executed_lines": [52, 53, 54, 55, 56], "summary": {"covered_lines": 5, "num_statements": 5, "percent_covered": 100.0, "percent_covered_display": "100", "missing_lines": 0, "excluded_lines": 0, "percent_statements_covered": 100.0, "percent_statements_covered_display": "100"}, "missing_lines": [], "excluded_lines": [], "start_line": 48}, "get_series": {"executed_lines": [61, 62, 63, 64, 65, 66, 67, 69, 73, 74, 75, 78, 83, 89, 90, 91, 94, 99, 102, 105, 107], "summary": {"covered_lines": 21, "num_statements": 21, "percent_covered": 100.0, "percent_covered_display": "100", "missing_lines": 0, "excluded_lines": 0, "percent_statements_covered": 100.0, "percent_statements_covered_display": "100"}, "missing_lines": [], "excluded_lines": [], "start_line": 60}, "update_series": {"executed_lines": [116, 117, 118, 119, 121, 125, 126, 127, 128, 129], "summary": {"covered_lines": 10, "num_statements": 13, "percent_covered": 76.92307692307692, "percent_covered_display": "77", "missing_lines": 3, "excluded_lines": 0, "percent_statements_covered": 76.92307692307692, "percent_statements_covered_display": "77"}, "missing_lines": [122, 123, 124], "excluded_lines": [], "start_line": 111}, "delete_series": {"executed_lines": [134, 135, 136, 137, 138, 139, 140, 141, 144, 147, 148, 158, 159, 160, 161, 162, 163], "summary": {"covered_lines": 17, "num_statements": 17, "percent_covered": 100.0, "percent_covered_display": "100", "missing_lines": 0, "excluded_lines": 0, "percent_statements_covered": 100.0, "percent_statements_covered_display": "100"}, "missing_lines": [], "excluded_lines": [], "start_line": 133}, "": {"executed_lines": [3, 4, 5, 6, 7, 9, 10, 11, 12, 14, 17, 18, 47, 48, 59, 60, 110, 111, 132, 133], "summary": {"covered_lines": 20, "num_statements": 20, "percent_covered": 100.0, "percent_covered_display": "100", "missing_lines": 0, "excluded_lines": 0, "percent_statements_covered": 100.0, "percent_statements_covered_display": "100"}, "missing_lines": [], "excluded_lines": [], "start_line": 1}}, "classes": {"": {"executed_lines": [3, 4, 5, 6, 7, 9, 10, 11, 12, 14, 17, 18, 24, 25, 26, 27, 28, 35, 36, 37, 40, 41, 47, 48, 52, 53, 54, 55, 56, 59, 60, 61, 62, 63, 64, 65, 66, 67, 69, 73, 74, 75, 78, 83, 89, 90, 91, 94, 99, 102, 105, 107, 110, 111, 116, 117, 118, 119, 121, 125, 126, 127, 128, 129, 132, 133, 134, 135, 136, 137, 138, 139, 140, 141, 144, 147, 148, 158, 159, 160, 161, 162, 163], "summary": {"covered_lines": 83, "num_statements": 86, "percent_covered": 96.51162790697674, "percent_covered_display": "97", "missing_lines": 3, "excluded_lines": 0, "percent_statements_covered": 96.51162790697674, "percent_statements_covered_display": "97"}, "missing_lines": [122, 123, 124], "excluded_lines": [], "start_line": 1}}}, "app/api/v1/tasks.py": {"executed_lines": [3, 4, 5, 6, 7, 9, 10, 11, 12, 14, 17, 19, 20, 21, 23, 24, 26, 27, 28, 29, 30, 31, 32, 33, 34, 36, 37, 38, 40, 41, 42, 43, 44, 45, 46, 47, 48, 49, 53, 54, 61, 62, 63, 64, 65, 66, 67, 72, 73, 79, 80, 81, 85, 86, 87, 90, 91, 92, 93, 94, 95, 96, 97, 98, 99, 100, 103, 104, 105, 106, 107, 108, 109, 110, 111, 112, 113, 116, 117, 118, 119, 120, 121, 122, 123, 124, 127, 128, 133, 134, 135, 136, 137, 138, 139, 140, 141], "summary": {"covered_lines": 97, "num_statements": 101, "percent_covered": 96.03960396039604, "percent_covered_display": "96", "missing_lines": 4, "excluded_lines": 0, "percent_statements_covered": 96.03960396039604, "percent_statements_covered_display": "96"}, "missing_lines": [22, 25, 39, 50], "excluded_lines": [], "functions": {"_apply_torrent_action": {"executed_lines": [19, 20, 21, 23, 24, 26, 27, 28, 29, 30, 31, 32, 33, 34, 36, 37, 38, 40, 41, 42, 43, 44, 45, 46, 47, 48, 49], "summary": {"covered_lines": 27, "num_statements": 31, "percent_covered": 87.09677419354838, "percent_covered_display": "87", "missing_lines": 4, "excluded_lines": 0, "percent_statements_covered": 87.09677419354838, "percent_statements_covered_display": "87"}, "missing_lines": [22, 25, 39, 50], "excluded_lines": [], "start_line": 17}, "list_agent_tasks": {"executed_lines": [61, 62, 63, 64, 65, 66, 67, 72, 73], "summary": {"covered_lines": 9, "num_statements": 9, "percent_covered": 100.0, "percent_covered_display": "100", "missing_lines": 0, "excluded_lines": 0, "percent_statements_covered": 100.0, "percent_statements_covered_display": "100"}, "missing_lines": [], "excluded_lines": [], "start_line": 54}, "get_task": {"executed_lines": [81, 85, 86, 87], "summary": {"covered_lines": 4, "num_statements": 4, "percent_covered": 100.0, "percent_covered_display": "100", "missing_lines": 0, "excluded_lines": 0, "percent_statements_covered": 100.0, "percent_statements_covered_display": "100"}, "missing_lines": [], "excluded_lines": [], "start_line": 80}, "pause_task": {"executed_lines": [92, 93, 94, 95, 96, 97, 98, 99, 100], "summary": {"covered_lines": 9, "num_statements": 9, "percent_covered": 100.0, "percent_covered_display": "100", "missing_lines": 0, "excluded_lines": 0, "percent_statements_covered": 100.0, "percent_statements_covered_display": "100"}, "missing_lines": [], "excluded_lines": [], "start_line": 91}, "resume_task": {"executed_lines": [105, 106, 107, 108, 109, 110, 111, 112, 113], "summary": {"covered_lines": 9, "num_statements": 9, "percent_covered": 100.0, "percent_covered_display": "100", "missing_lines": 0, "excluded_lines": 0, "percent_statements_covered": 100.0, "percent_statements_covered_display": "100"}, "missing_lines": [], "excluded_lines": [], "start_line": 104}, "retry_task": {"executed_lines": [118, 119, 120, 121, 122, 123, 124], "summary": {"covered_lines": 7, "num_statements": 7, "percent_covered": 100.0, "percent_covered_display": "100", "missing_lines": 0, "excluded_lines": 0, "percent_statements_covered": 100.0, "percent_statements_covered_display": "100"}, "missing_lines": [], "excluded_lines": [], "start_line": 117}, "delete_task": {"executed_lines": [133, 134, 135, 136, 137, 138, 139, 140, 141], "summary": {"covered_lines": 9, "num_statements": 9, "percent_covered": 100.0, "percent_covered_display": "100", "missing_lines": 0, "excluded_lines": 0, "percent_statements_covered": 100.0, "percent_statements_covered_display": "100"}, "missing_lines": [], "excluded_lines": [], "start_line": 128}, "": {"executed_lines": [3, 4, 5, 6, 7, 9, 10, 11, 12, 14, 17, 53, 54, 79, 80, 90, 91, 103, 104, 116, 117, 127, 128], "summary": {"covered_lines": 23, "num_statements": 23, "percent_covered": 100.0, "percent_covered_display": "100", "missing_lines": 0, "excluded_lines": 0, "percent_statements_covered": 100.0, "percent_statements_covered_display": "100"}, "missing_lines": [], "excluded_lines": [], "start_line": 1}}, "classes": {"": {"executed_lines": [3, 4, 5, 6, 7, 9, 10, 11, 12, 14, 17, 19, 20, 21, 23, 24, 26, 27, 28, 29, 30, 31, 32, 33, 34, 36, 37, 38, 40, 41, 42, 43, 44, 45, 46, 47, 48, 49, 53, 54, 61, 62, 63, 64, 65, 66, 67, 72, 73, 79, 80, 81, 85, 86, 87, 90, 91, 92, 93, 94, 95, 96, 97, 98, 99, 100, 103, 104, 105, 106, 107, 108, 109, 110, 111, 112, 113, 116, 117, 118, 119, 120, 121, 122, 123, 124, 127, 128, 133, 134, 135, 136, 137, 138, 139, 140, 141], "summary": {"covered_lines": 97, "num_statements": 101, "percent_covered": 96.03960396039604, "percent_covered_display": "96", "missing_lines": 4, "excluded_lines": 0, "percent_statements_covered": 96.03960396039604, "percent_statements_covered_display": "96"}, "missing_lines": [22, 25, 39, 50], "excluded_lines": [], "start_line": 1}}}, "app/api/v1/works.py": {"executed_lines": [3, 5, 6, 7, 8, 10, 11, 12, 13, 15, 18, 28, 47, 66, 67], "summary": {"covered_lines": 15, "num_statements": 45, "percent_covered": 33.333333333333336, "percent_covered_display": "33", "missing_lines": 30, "excluded_lines": 0, "percent_statements_covered": 33.333333333333336, "percent_statements_covered_display": "33"}, "missing_lines": [20, 21, 22, 23, 24, 25, 29, 48, 79, 82, 83, 84, 85, 86, 93, 94, 95, 97, 98, 99, 100, 101, 108, 109, 110, 113, 115, 116, 117, 119], "excluded_lines": [], "functions": {"_year_from_date": {"executed_lines": [], "summary": {"covered_lines": 0, "num_statements": 6, "percent_covered": 0.0, "percent_covered_display": "0", "missing_lines": 6, "excluded_lines": 0, "percent_statements_covered": 0.0, "percent_statements_covered_display": "0"}, "missing_lines": [20, 21, 22, 23, 24, 25], "excluded_lines": [], "start_line": 18}, "_normalize_series": {"executed_lines": [], "summary": {"covered_lines": 0, "num_statements": 1, "percent_covered": 0.0, "percent_covered_display": "0", "missing_lines": 1, "excluded_lines": 0, "percent_statements_covered": 0.0, "percent_statements_covered_display": "0"}, "missing_lines": [29], "excluded_lines": [], "start_line": 28}, "_normalize_movie": {"executed_lines": [], "summary": {"covered_lines": 0, "num_statements": 1, "percent_covered": 0.0, "percent_covered_display": "0", "missing_lines": 1, "excluded_lines": 0, "percent_statements_covered": 0.0, "percent_statements_covered_display": "0"}, "missing_lines": [48], "excluded_lines": [], "start_line": 47}, "list_works": {"executed_lines": [], "summary": {"covered_lines": 0, "num_statements": 22, "percent_covered": 0.0, "percent_covered_display": "0", "missing_lines": 22, "excluded_lines": 0, "percent_statements_covered": 0.0, "percent_statements_covered_display": "0"}, "missing_lines": [79, 82, 83, 84, 85, 86, 93, 94, 95, 97, 98, 99, 100, 101, 108, 109, 110, 113, 115, 116, 117, 119], "excluded_lines": [], "start_line": 67}, "": {"executed_lines": [3, 5, 6, 7, 8, 10, 11, 12, 13, 15, 18, 28, 47, 66, 67], "summary": {"covered_lines": 15, "num_statements": 15, "percent_covered": 100.0, "percent_covered_display": "100", "missing_lines": 0, "excluded_lines": 0, "percent_statements_covered": 100.0, "percent_statements_covered_display": "100"}, "missing_lines": [], "excluded_lines": [], "start_line": 1}}, "classes": {"": {"executed_lines": [3, 5, 6, 7, 8, 10, 11, 12, 13, 15, 18, 28, 47, 66, 67], "summary": {"covered_lines": 15, "num_statements": 45, "percent_covered": 33.333333333333336, "percent_covered_display": "33", "missing_lines": 30, "excluded_lines": 0, "percent_statements_covered": 33.333333333333336, "percent_statements_covered_display": "33"}, "missing_lines": [20, 21, 22, 23, 24, 25, 29, 48, 79, 82, 83, 84, 85, 86, 93, 94, 95, 97, 98, 99, 100, 101, 108, 109, 110, 113, 115, 116, 117, 119], "excluded_lines": [], "start_line": 1}}}, "app/clients/__init__.py": {"executed_lines": [], "summary": {"covered_lines": 0, "num_statements": 0, "percent_covered": 100.0, "percent_covered_display": "100", "missing_lines": 0, "excluded_lines": 0, "percent_statements_covered": 100.0, "percent_statements_covered_display": "100"}, "missing_lines": [], "excluded_lines": [], "functions": {"": {"executed_lines": [], "summary": {"covered_lines": 0, "num_statements": 0, "percent_covered": 100.0, "percent_covered_display": "100", "missing_lines": 0, "excluded_lines": 0, "percent_statements_covered": 100.0, "percent_statements_covered_display": "100"}, "missing_lines": [], "excluded_lines": [], "start_line": 1}}, "classes": {"": {"executed_lines": [], "summary": {"covered_lines": 0, "num_statements": 0, "percent_covered": 100.0, "percent_covered_display": "100", "missing_lines": 0, "excluded_lines": 0, "percent_statements_covered": 100.0, "percent_statements_covered_display": "100"}, "missing_lines": [], "excluded_lines": [], "start_line": 1}}}, "app/clients/rss_parser.py": {"executed_lines": [9, 10, 11, 13, 14, 17, 20, 22, 23, 24, 25, 26, 27, 28, 29, 32, 34, 37, 49, 50, 53, 54, 55, 56, 57, 58, 59, 60, 61, 62, 63, 65, 68, 69, 70, 71, 75, 76, 77, 78, 79, 82, 83, 85, 88, 91, 92, 93, 94, 95, 96, 97, 100, 101, 102, 103, 104, 106, 109, 112, 113, 114, 115, 116, 118, 119, 120, 123, 154, 161, 162, 163, 164, 165, 166, 167, 173, 176, 188, 189, 192, 206, 207, 208, 209, 211, 212, 213, 215, 216, 217, 220, 221, 222, 223, 224, 226, 231], "summary": {"covered_lines": 98, "num_statements": 107, "percent_covered": 91.58878504672897, "percent_covered_display": "92", "missing_lines": 9, "excluded_lines": 0, "percent_statements_covered": 91.58878504672897, "percent_statements_covered_display": "92"}, "missing_lines": [72, 134, 135, 137, 138, 140, 151, 172, 227], "excluded_lines": [], "functions": {"_parse_feed_sync": {"executed_lines": [34], "summary": {"covered_lines": 1, "num_statements": 1, "percent_covered": 100.0, "percent_covered_display": "100", "missing_lines": 0, "excluded_lines": 0, "percent_statements_covered": 100.0, "percent_statements_covered_display": "100"}, "missing_lines": [], "excluded_lines": [], "start_line": 32}, "_extract_download_urls": {"executed_lines": [49, 50, 53, 54, 55, 56, 57, 58, 59, 60, 61, 62, 63, 65, 68, 69, 70, 71, 75, 76, 77, 78, 79, 82, 83, 85], "summary": {"covered_lines": 26, "num_statements": 27, "percent_covered": 96.29629629629629, "percent_covered_display": "96", "missing_lines": 1, "excluded_lines": 0, "percent_statements_covered": 96.29629629629629, "percent_statements_covered_display": "96"}, "missing_lines": [72], "excluded_lines": [], "start_line": 37}, "_extract_content_length": {"executed_lines": [91, 92, 93, 94, 95, 96, 97, 100, 101, 102, 103, 104, 106], "summary": {"covered_lines": 13, "num_statements": 13, "percent_covered": 100.0, "percent_covered_display": "100", "missing_lines": 0, "excluded_lines": 0, "percent_statements_covered": 100.0, "percent_statements_covered_display": "100"}, "missing_lines": [], "excluded_lines": [], "start_line": 88}, "_extract_published_at": {"executed_lines": [112, 113, 114, 115, 116, 118, 119, 120], "summary": {"covered_lines": 8, "num_statements": 8, "percent_covered": 100.0, "percent_covered_display": "100", "missing_lines": 0, "excluded_lines": 0, "percent_statements_covered": 100.0, "percent_statements_covered_display": "100"}, "missing_lines": [], "excluded_lines": [], "start_line": 109}, "parse_rss_feed": {"executed_lines": [], "summary": {"covered_lines": 0, "num_statements": 6, "percent_covered": 0.0, "percent_covered_display": "0", "missing_lines": 6, "excluded_lines": 0, "percent_statements_covered": 0.0, "percent_statements_covered_display": "0"}, "missing_lines": [134, 135, 137, 138, 140, 151], "excluded_lines": [], "start_line": 123}, "_entry_to_dict": {"executed_lines": [161, 162, 163, 164, 165, 166, 167, 173], "summary": {"covered_lines": 8, "num_statements": 9, "percent_covered": 88.88888888888889, "percent_covered_display": "89", "missing_lines": 1, "excluded_lines": 0, "percent_statements_covered": 88.88888888888889, "percent_statements_covered_display": "89"}, "missing_lines": [172], "excluded_lines": [], "start_line": 154}, "get_raw_entries": {"executed_lines": [188, 189], "summary": {"covered_lines": 2, "num_statements": 2, "percent_covered": 100.0, "percent_covered_display": "100", "missing_lines": 0, "excluded_lines": 0, "percent_statements_covered": 100.0, "percent_statements_covered_display": "100"}, "missing_lines": [], "excluded_lines": [], "start_line": 176}, "validate_rss_url": {"executed_lines": [206, 207, 208, 209, 211, 212, 213, 215, 216, 217, 220, 221, 222, 223, 224, 226, 231], "summary": {"covered_lines": 17, "num_statements": 18, "percent_covered": 94.44444444444444, "percent_covered_display": "94", "missing_lines": 1, "excluded_lines": 0, "percent_statements_covered": 94.44444444444444, "percent_statements_covered_display": "94"}, "missing_lines": [227], "excluded_lines": [], "start_line": 192}, "": {"executed_lines": [9, 10, 11, 13, 14, 17, 20, 22, 23, 24, 25, 26, 27, 28, 29, 32, 37, 88, 109, 123, 154, 176, 192], "summary": {"covered_lines": 23, "num_statements": 23, "percent_covered": 100.0, "percent_covered_display": "100", "missing_lines": 0, "excluded_lines": 0, "percent_statements_covered": 100.0, "percent_statements_covered_display": "100"}, "missing_lines": [], "excluded_lines": [], "start_line": 1}}, "classes": {"RawRSSItem": {"executed_lines": [], "summary": {"covered_lines": 0, "num_statements": 0, "percent_covered": 100.0, "percent_covered_display": "100", "missing_lines": 0, "excluded_lines": 0, "percent_statements_covered": 100.0, "percent_statements_covered_display": "100"}, "missing_lines": [], "excluded_lines": [], "start_line": 20}, "": {"executed_lines": [9, 10, 11, 13, 14, 17, 20, 22, 23, 24, 25, 26, 27, 28, 29, 32, 34, 37, 49, 50, 53, 54, 55, 56, 57, 58, 59, 60, 61, 62, 63, 65, 68, 69, 70, 71, 75, 76, 77, 78, 79, 82, 83, 85, 88, 91, 92, 93, 94, 95, 96, 97, 100, 101, 102, 103, 104, 106, 109, 112, 113, 114, 115, 116, 118, 119, 120, 123, 154, 161, 162, 163, 164, 165, 166, 167, 173, 176, 188, 189, 192, 206, 207, 208, 209, 211, 212, 213, 215, 216, 217, 220, 221, 222, 223, 224, 226, 231], "summary": {"covered_lines": 98, "num_statements": 107, "percent_covered": 91.58878504672897, "percent_covered_display": "92", "missing_lines": 9, "excluded_lines": 0, "percent_statements_covered": 91.58878504672897, "percent_statements_covered_display": "92"}, "missing_lines": [72, 134, 135, 137, 138, 140, 151, 172, 227], "excluded_lines": [], "start_line": 1}}}, "app/clients/transmission.py": {"executed_lines": [3, 4, 5, 7, 10, 30, 32, 33, 41, 43, 44, 45, 46, 47, 48, 51, 52, 56, 57, 58, 62, 63, 64, 68, 70, 71, 73, 75, 77, 78, 82, 103, 110, 117, 121, 123, 124, 125, 127, 128, 134, 136, 137, 138, 139, 140, 141, 142, 143, 144, 146, 148, 149, 150, 151, 152, 154, 161, 162, 163, 164, 165, 166, 167, 172, 174, 176, 177, 178, 180, 190, 191, 192, 193, 194, 195, 196, 197, 199, 200, 201, 202, 203, 204, 205, 206, 208, 209, 210, 211, 212, 213, 214, 215], "summary": {"covered_lines": 94, "num_statements": 116, "percent_covered": 81.03448275862068, "percent_covered_display": "81", "missing_lines": 22, "excluded_lines": 0, "percent_statements_covered": 81.03448275862068, "percent_statements_covered_display": "81"}, "missing_lines": [50, 53, 54, 59, 60, 65, 66, 72, 74, 76, 80, 118, 119, 120, 122, 182, 183, 184, 185, 186, 187, 188], "excluded_lines": [], "functions": {"_parse_url": {"executed_lines": [32, 33], "summary": {"covered_lines": 2, "num_statements": 2, "percent_covered": 100.0, "percent_covered_display": "100", "missing_lines": 0, "excluded_lines": 0, "percent_statements_covered": 100.0, "percent_statements_covered_display": "100"}, "missing_lines": [], "excluded_lines": [], "start_line": 30}, "_torrent_to_dict": {"executed_lines": [43, 44, 45, 46, 47, 48, 51, 52, 56, 57, 58, 62, 63, 64, 68, 70, 71, 73, 75, 77, 78, 82], "summary": {"covered_lines": 22, "num_statements": 33, "percent_covered": 66.66666666666667, "percent_covered_display": "67", "missing_lines": 11, "excluded_lines": 0, "percent_statements_covered": 66.66666666666667, "percent_statements_covered_display": "67"}, "missing_lines": [50, 53, 54, 59, 60, 65, 66, 72, 74, 76, 80], "excluded_lines": [], "start_line": 41}, "TransmissionWrapper.__init__": {"executed_lines": [117, 121, 123, 124, 125], "summary": {"covered_lines": 5, "num_statements": 9, "percent_covered": 55.55555555555556, "percent_covered_display": "56", "missing_lines": 4, "excluded_lines": 0, "percent_statements_covered": 55.55555555555556, "percent_statements_covered_display": "56"}, "missing_lines": [118, 119, 120, 122], "excluded_lines": [], "start_line": 110}, "TransmissionWrapper._client": {"executed_lines": [128], "summary": {"covered_lines": 1, "num_statements": 1, "percent_covered": 100.0, "percent_covered_display": "100", "missing_lines": 0, "excluded_lines": 0, "percent_statements_covered": 100.0, "percent_statements_covered_display": "100"}, "missing_lines": [], "excluded_lines": [], "start_line": 127}, "TransmissionWrapper.test_connection": {"executed_lines": [136, 140, 141, 142, 143, 144], "summary": {"covered_lines": 6, "num_statements": 6, "percent_covered": 100.0, "percent_covered_display": "100", "missing_lines": 0, "excluded_lines": 0, "percent_statements_covered": 100.0, "percent_statements_covered_display": "100"}, "missing_lines": [], "excluded_lines": [], "start_line": 134}, "TransmissionWrapper.test_connection._run": {"executed_lines": [137, 138, 139], "summary": {"covered_lines": 3, "num_statements": 3, "percent_covered": 100.0, "percent_covered_display": "100", "missing_lines": 0, "excluded_lines": 0, "percent_statements_covered": 100.0, "percent_statements_covered_display": "100"}, "missing_lines": [], "excluded_lines": [], "start_line": 136}, "TransmissionWrapper.list_torrents": {"executed_lines": [148, 152], "summary": {"covered_lines": 2, "num_statements": 2, "percent_covered": 100.0, "percent_covered_display": "100", "missing_lines": 0, "excluded_lines": 0, "percent_statements_covered": 100.0, "percent_statements_covered_display": "100"}, "missing_lines": [], "excluded_lines": [], "start_line": 146}, "TransmissionWrapper.list_torrents._run": {"executed_lines": [149, 150, 151], "summary": {"covered_lines": 3, "num_statements": 3, "percent_covered": 100.0, "percent_covered_display": "100", "missing_lines": 0, "excluded_lines": 0, "percent_statements_covered": 100.0, "percent_statements_covered_display": "100"}, "missing_lines": [], "excluded_lines": [], "start_line": 148}, "TransmissionWrapper.add_torrent": {"executed_lines": [161, 172], "summary": {"covered_lines": 2, "num_statements": 2, "percent_covered": 100.0, "percent_covered_display": "100", "missing_lines": 0, "excluded_lines": 0, "percent_statements_covered": 100.0, "percent_statements_covered_display": "100"}, "missing_lines": [], "excluded_lines": [], "start_line": 154}, "TransmissionWrapper.add_torrent._run": {"executed_lines": [162, 163, 164, 165, 166, 167], "summary": {"covered_lines": 6, "num_statements": 6, "percent_covered": 100.0, "percent_covered_display": "100", "missing_lines": 0, "excluded_lines": 0, "percent_statements_covered": 100.0, "percent_statements_covered_display": "100"}, "missing_lines": [], "excluded_lines": [], "start_line": 161}, "TransmissionWrapper.free_space": {"executed_lines": [176, 178], "summary": {"covered_lines": 2, "num_statements": 2, "percent_covered": 100.0, "percent_covered_display": "100", "missing_lines": 0, "excluded_lines": 0, "percent_statements_covered": 100.0, "percent_statements_covered_display": "100"}, "missing_lines": [], "excluded_lines": [], "start_line": 174}, "TransmissionWrapper.free_space._run": {"executed_lines": [177], "summary": {"covered_lines": 1, "num_statements": 1, "percent_covered": 100.0, "percent_covered_display": "100", "missing_lines": 0, "excluded_lines": 0, "percent_statements_covered": 100.0, "percent_statements_covered_display": "100"}, "missing_lines": [], "excluded_lines": [], "start_line": 176}, "TransmissionWrapper.get_torrent": {"executed_lines": [], "summary": {"covered_lines": 0, "num_statements": 2, "percent_covered": 0.0, "percent_covered_display": "0", "missing_lines": 2, "excluded_lines": 0, "percent_statements_covered": 0.0, "percent_statements_covered_display": "0"}, "missing_lines": [182, 188], "excluded_lines": [], "start_line": 180}, "TransmissionWrapper.get_torrent._run": {"executed_lines": [], "summary": {"covered_lines": 0, "num_statements": 5, "percent_covered": 0.0, "percent_covered_display": "0", "missing_lines": 5, "excluded_lines": 0, "percent_statements_covered": 0.0, "percent_statements_covered_display": "0"}, "missing_lines": [183, 184, 185, 186, 187], "excluded_lines": [], "start_line": 182}, "TransmissionWrapper.pause_torrent": {"executed_lines": [191, 193, 194, 195, 196, 197], "summary": {"covered_lines": 6, "num_statements": 6, "percent_covered": 100.0, "percent_covered_display": "100", "missing_lines": 0, "excluded_lines": 0, "percent_statements_covered": 100.0, "percent_statements_covered_display": "100"}, "missing_lines": [], "excluded_lines": [], "start_line": 190}, "TransmissionWrapper.pause_torrent._run": {"executed_lines": [192], "summary": {"covered_lines": 1, "num_statements": 1, "percent_covered": 100.0, "percent_covered_display": "100", "missing_lines": 0, "excluded_lines": 0, "percent_statements_covered": 100.0, "percent_statements_covered_display": "100"}, "missing_lines": [], "excluded_lines": [], "start_line": 191}, "TransmissionWrapper.resume_torrent": {"executed_lines": [200, 202, 203, 204, 205, 206], "summary": {"covered_lines": 6, "num_statements": 6, "percent_covered": 100.0, "percent_covered_display": "100", "missing_lines": 0, "excluded_lines": 0, "percent_statements_covered": 100.0, "percent_statements_covered_display": "100"}, "missing_lines": [], "excluded_lines": [], "start_line": 199}, "TransmissionWrapper.resume_torrent._run": {"executed_lines": [201], "summary": {"covered_lines": 1, "num_statements": 1, "percent_covered": 100.0, "percent_covered_display": "100", "missing_lines": 0, "excluded_lines": 0, "percent_statements_covered": 100.0, "percent_statements_covered_display": "100"}, "missing_lines": [], "excluded_lines": [], "start_line": 200}, "TransmissionWrapper.remove_torrent": {"executed_lines": [209, 211, 212, 213, 214, 215], "summary": {"covered_lines": 6, "num_statements": 6, "percent_covered": 100.0, "percent_covered_display": "100", "missing_lines": 0, "excluded_lines": 0, "percent_statements_covered": 100.0, "percent_statements_covered_display": "100"}, "missing_lines": [], "excluded_lines": [], "start_line": 208}, "TransmissionWrapper.remove_torrent._run": {"executed_lines": [210], "summary": {"covered_lines": 1, "num_statements": 1, "percent_covered": 100.0, "percent_covered_display": "100", "missing_lines": 0, "excluded_lines": 0, "percent_statements_covered": 100.0, "percent_statements_covered_display": "100"}, "missing_lines": [], "excluded_lines": [], "start_line": 209}, "": {"executed_lines": [3, 4, 5, 7, 10, 30, 41, 103, 110, 127, 134, 146, 154, 174, 180, 190, 199, 208], "summary": {"covered_lines": 18, "num_statements": 18, "percent_covered": 100.0, "percent_covered_display": "100", "missing_lines": 0, "excluded_lines": 0, "percent_statements_covered": 100.0, "percent_statements_covered_display": "100"}, "missing_lines": [], "excluded_lines": [], "start_line": 1}}, "classes": {"TransmissionWrapper": {"executed_lines": [117, 121, 123, 124, 125, 128, 136, 137, 138, 139, 140, 141, 142, 143, 144, 148, 149, 150, 151, 152, 161, 162, 163, 164, 165, 166, 167, 172, 176, 177, 178, 191, 192, 193, 194, 195, 196, 197, 200, 201, 202, 203, 204, 205, 206, 209, 210, 211, 212, 213, 214, 215], "summary": {"covered_lines": 52, "num_statements": 63, "percent_covered": 82.53968253968254, "percent_covered_display": "83", "missing_lines": 11, "excluded_lines": 0, "percent_statements_covered": 82.53968253968254, "percent_statements_covered_display": "83"}, "missing_lines": [118, 119, 120, 122, 182, 183, 184, 185, 186, 187, 188], "excluded_lines": [], "start_line": 103}, "": {"executed_lines": [3, 4, 5, 7, 10, 30, 32, 33, 41, 43, 44, 45, 46, 47, 48, 51, 52, 56, 57, 58, 62, 63, 64, 68, 70, 71, 73, 75, 77, 78, 82, 103, 110, 127, 134, 146, 154, 174, 180, 190, 199, 208], "summary": {"covered_lines": 42, "num_statements": 53, "percent_covered": 79.24528301886792, "percent_covered_display": "79", "missing_lines": 11, "excluded_lines": 0, "percent_statements_covered": 79.24528301886792, "percent_statements_covered_display": "79"}, "missing_lines": [50, 53, 54, 59, 60, 65, 66, 72, 74, 76, 80], "excluded_lines": [], "start_line": 1}}}, "app/config.py": {"executed_lines": [3, 6, 10, 13, 16, 17, 18, 19, 23, 26, 27, 28, 30, 33, 34, 39, 42, 43, 46, 47, 48, 49, 52, 53, 56, 58, 61], "summary": {"covered_lines": 27, "num_statements": 27, "percent_covered": 100.0, "percent_covered_display": "100", "missing_lines": 0, "excluded_lines": 0, "percent_statements_covered": 100.0, "percent_statements_covered_display": "100"}, "missing_lines": [], "excluded_lines": [], "functions": {"": {"executed_lines": [3, 6, 10, 13, 16, 17, 18, 19, 23, 26, 27, 28, 30, 33, 34, 39, 42, 43, 46, 47, 48, 49, 52, 53, 56, 58, 61], "summary": {"covered_lines": 27, "num_statements": 27, "percent_covered": 100.0, "percent_covered_display": "100", "missing_lines": 0, "excluded_lines": 0, "percent_statements_covered": 100.0, "percent_statements_covered_display": "100"}, "missing_lines": [], "excluded_lines": [], "start_line": 1}}, "classes": {"Settings": {"executed_lines": [], "summary": {"covered_lines": 0, "num_statements": 0, "percent_covered": 100.0, "percent_covered_display": "100", "missing_lines": 0, "excluded_lines": 0, "percent_statements_covered": 100.0, "percent_statements_covered_display": "100"}, "missing_lines": [], "excluded_lines": [], "start_line": 6}, "": {"executed_lines": [3, 6, 10, 13, 16, 17, 18, 19, 23, 26, 27, 28, 30, 33, 34, 39, 42, 43, 46, 47, 48, 49, 52, 53, 56, 58, 61], "summary": {"covered_lines": 27, "num_statements": 27, "percent_covered": 100.0, "percent_covered_display": "100", "missing_lines": 0, "excluded_lines": 0, "percent_statements_covered": 100.0, "percent_statements_covered_display": "100"}, "missing_lines": [], "excluded_lines": [], "start_line": 1}}}, "app/database.py": {"executed_lines": [3, 4, 5, 7, 8, 9, 10, 12, 14, 33, 34, 37, 48, 49, 50, 51, 52, 53, 55, 56, 57, 58, 60, 64, 66, 67, 71, 73, 76, 77, 78, 79, 80, 81, 84, 89, 91, 98, 100, 103, 114], "summary": {"covered_lines": 41, "num_statements": 56, "percent_covered": 73.21428571428571, "percent_covered_display": "73", "missing_lines": 15, "excluded_lines": 0, "percent_statements_covered": 73.21428571428571, "percent_statements_covered_display": "73"}, "missing_lines": [54, 61, 68, 74, 105, 106, 107, 108, 109, 110, 111, 116, 117, 120, 121], "excluded_lines": [], "functions": {"retry_on_lock": {"executed_lines": [48, 49, 50, 51, 52, 53, 55, 56, 57, 58, 60], "summary": {"covered_lines": 11, "num_statements": 13, "percent_covered": 84.61538461538461, "percent_covered_display": "85", "missing_lines": 2, "excluded_lines": 0, "percent_statements_covered": 84.61538461538461, "percent_statements_covered_display": "85"}, "missing_lines": [54, 61], "excluded_lines": [], "start_line": 37}, "_engine_connect_args": {"executed_lines": [66, 67], "summary": {"covered_lines": 2, "num_statements": 3, "percent_covered": 66.66666666666667, "percent_covered_display": "67", "missing_lines": 1, "excluded_lines": 0, "percent_statements_covered": 66.66666666666667, "percent_statements_covered_display": "67"}, "missing_lines": [68], "excluded_lines": [], "start_line": 64}, "enable_sqlite_fk": {"executed_lines": [73, 76, 77], "summary": {"covered_lines": 3, "num_statements": 4, "percent_covered": 75.0, "percent_covered_display": "75", "missing_lines": 1, "excluded_lines": 0, "percent_statements_covered": 75.0, "percent_statements_covered_display": "75"}, "missing_lines": [74], "excluded_lines": [], "start_line": 71}, "enable_sqlite_fk._set_fk_pragma": {"executed_lines": [78, 79, 80, 81], "summary": {"covered_lines": 4, "num_statements": 4, "percent_covered": 100.0, "percent_covered_display": "100", "missing_lines": 0, "excluded_lines": 0, "percent_statements_covered": 100.0, "percent_statements_covered_display": "100"}, "missing_lines": [], "excluded_lines": [], "start_line": 77}, "get_db": {"executed_lines": [], "summary": {"covered_lines": 0, "num_statements": 7, "percent_covered": 0.0, "percent_covered_display": "0", "missing_lines": 7, "excluded_lines": 0, "percent_statements_covered": 0.0, "percent_statements_covered_display": "0"}, "missing_lines": [105, 106, 107, 108, 109, 110, 111], "excluded_lines": [], "start_line": 103}, "create_tables": {"executed_lines": [], "summary": {"covered_lines": 0, "num_statements": 4, "percent_covered": 0.0, "percent_covered_display": "0", "missing_lines": 4, "excluded_lines": 0, "percent_statements_covered": 0.0, "percent_statements_covered_display": "0"}, "missing_lines": [116, 117, 120, 121], "excluded_lines": [], "start_line": 114}, "": {"executed_lines": [3, 4, 5, 7, 8, 9, 10, 12, 14, 33, 34, 37, 64, 71, 84, 89, 91, 98, 100, 103, 114], "summary": {"covered_lines": 21, "num_statements": 21, "percent_covered": 100.0, "percent_covered_display": "100", "missing_lines": 0, "excluded_lines": 0, "percent_statements_covered": 100.0, "percent_statements_covered_display": "100"}, "missing_lines": [], "excluded_lines": [], "start_line": 1}}, "classes": {"Base": {"executed_lines": [], "summary": {"covered_lines": 0, "num_statements": 0, "percent_covered": 100.0, "percent_covered_display": "100", "missing_lines": 0, "excluded_lines": 0, "percent_statements_covered": 100.0, "percent_statements_covered_display": "100"}, "missing_lines": [], "excluded_lines": [], "start_line": 98}, "": {"executed_lines": [3, 4, 5, 7, 8, 9, 10, 12, 14, 33, 34, 37, 48, 49, 50, 51, 52, 53, 55, 56, 57, 58, 60, 64, 66, 67, 71, 73, 76, 77, 78, 79, 80, 81, 84, 89, 91, 98, 100, 103, 114], "summary": {"covered_lines": 41, "num_statements": 56, "percent_covered": 73.21428571428571, "percent_covered_display": "73", "missing_lines": 15, "excluded_lines": 0, "percent_statements_covered": 73.21428571428571, "percent_statements_covered_display": "73"}, "missing_lines": [54, 61, 68, 74, 105, 106, 107, 108, 109, 110, 111, 116, 117, 120, 121], "excluded_lines": [], "start_line": 1}}}, "app/main.py": {"executed_lines": [3, 4, 5, 6, 8, 9, 10, 11, 12, 13, 14, 16, 17, 18, 21, 23, 25, 163, 169, 170, 175, 177, 179, 181, 192, 193, 194, 195, 199, 210, 211, 216, 222, 223, 224, 227, 239, 248, 250, 251, 252, 253, 254, 255, 256, 257, 258, 259, 262, 269], "summary": {"covered_lines": 50, "num_statements": 53, "percent_covered": 94.33962264150944, "percent_covered_display": "94", "missing_lines": 3, "excluded_lines": 143, "percent_statements_covered": 94.33962264150944, "percent_statements_covered_display": "94"}, "missing_lines": [176, 178, 180], "excluded_lines": [32, 33, 34, 35, 36, 37, 38, 39, 40, 41, 42, 43, 44, 45, 46, 47, 50, 51, 52, 53, 54, 55, 56, 57, 58, 59, 60, 61, 62, 63, 64, 65, 66, 67, 68, 69, 70, 71, 72, 73, 74, 75, 76, 77, 78, 79, 80, 81, 82, 83, 84, 85, 86, 87, 88, 89, 90, 91, 98, 99, 100, 101, 102, 103, 104, 105, 106, 107, 108, 109, 110, 111, 112, 113, 114, 115, 116, 117, 118, 119, 120, 121, 122, 123, 124, 125, 126, 127, 128, 129, 130, 131, 132, 133, 134, 135, 136, 137, 138, 139, 140, 141, 142, 143, 144, 145, 146, 147, 148, 149, 150, 151, 152, 153, 154, 155, 156, 164, 165, 171, 172, 173, 263, 264, 265, 266, 267, 268, 272, 273, 275, 276, 278, 279, 280, 281, 282, 283, 284, 285, 287, 288, 289], "functions": {"_handle_fetch_channel": {"executed_lines": [], "summary": {"covered_lines": 0, "num_statements": 0, "percent_covered": 100.0, "percent_covered_display": "100", "missing_lines": 0, "excluded_lines": 15, "percent_statements_covered": 100.0, "percent_statements_covered_display": "100"}, "missing_lines": [], "excluded_lines": [33, 34, 35, 36, 37, 38, 39, 40, 41, 42, 43, 44, 45, 46, 47], "start_line": 32}, "_handle_run_agent": {"executed_lines": [], "summary": {"covered_lines": 0, "num_statements": 0, "percent_covered": 100.0, "percent_covered_display": "100", "missing_lines": 0, "excluded_lines": 41, "percent_statements_covered": 100.0, "percent_statements_covered_display": "100"}, "missing_lines": [], "excluded_lines": [51, 52, 53, 54, 55, 56, 57, 58, 59, 60, 61, 62, 63, 64, 65, 66, 67, 68, 69, 70, 71, 72, 73, 74, 75, 76, 77, 78, 79, 80, 81, 82, 83, 84, 85, 86, 87, 88, 89, 90, 91], "start_line": 50}, "lifespan": {"executed_lines": [], "summary": {"covered_lines": 0, "num_statements": 0, "percent_covered": 100.0, "percent_covered_display": "100", "missing_lines": 0, "excluded_lines": 57, "percent_statements_covered": 100.0, "percent_statements_covered_display": "100"}, "missing_lines": [], "excluded_lines": [100, 101, 102, 103, 104, 105, 106, 107, 108, 109, 110, 111, 112, 113, 114, 115, 116, 117, 118, 119, 120, 121, 122, 123, 124, 125, 126, 127, 128, 129, 130, 131, 132, 133, 134, 135, 136, 137, 138, 139, 140, 141, 142, 143, 144, 145, 146, 147, 148, 149, 150, 151, 152, 153, 154, 155, 156], "start_line": 99}, "http_exception_handler": {"executed_lines": [169, 170, 175, 177, 179, 181], "summary": {"covered_lines": 6, "num_statements": 9, "percent_covered": 66.66666666666667, "percent_covered_display": "67", "missing_lines": 3, "excluded_lines": 5, "percent_statements_
[...]
s": [254, 255, 256, 259, 260, 261, 263, 274, 275, 276, 278, 279, 280, 281], "summary": {"covered_lines": 14, "num_statements": 14, "percent_covered": 100.0, "percent_covered_display": "100", "missing_lines": 0, "excluded_lines": 0, "percent_statements_covered": 100.0, "percent_statements_covered_display": "100"}, "missing_lines": [], "excluded_lines": [], "start_line": 253}, "RedisQueue.status": {"executed_lines": [284, 285], "summary": {"covered_lines": 2, "num_statements": 2, "percent_covered": 100.0, "percent_covered_display": "100", "missing_lines": 0, "excluded_lines": 0, "percent_statements_covered": 100.0, "percent_statements_covered_display": "100"}, "missing_lines": [], "excluded_lines": [], "start_line": 283}, "RedisQueue._worker_loop": {"executed_lines": [288, 289, 290, 291, 293, 294, 295, 296], "summary": {"covered_lines": 8, "num_statements": 11, "percent_covered": 72.72727272727273, "percent_covered_display": "73", "missing_lines": 3, "excluded_lines": 0, "percent_statements_covered": 72.72727272727273, "percent_statements_covered_display": "73"}, "missing_lines": [292, 297, 298], "excluded_lines": [], "start_line": 287}, "RedisQueue._run": {"executed_lines": [301, 302, 303, 304, 305, 307, 308, 309, 310, 311, 316, 317, 318, 319, 321, 322, 326, 330, 331, 332, 333, 334, 335, 336, 337, 338, 339, 344, 345, 350, 351, 352], "summary": {"covered_lines": 32, "num_statements": 32, "percent_covered": 100.0, "percent_covered_display": "100", "missing_lines": 0, "excluded_lines": 0, "percent_statements_covered": 100.0, "percent_statements_covered_display": "100"}, "missing_lines": [], "excluded_lines": [], "start_line": 300}, "RedisQueue._deserialize": {"executed_lines": [357, 358, 359, 363], "summary": {"covered_lines": 4, "num_statements": 6, "percent_covered": 66.66666666666667, "percent_covered_display": "67", "missing_lines": 2, "excluded_lines": 0, "percent_statements_covered": 66.66666666666667, "percent_statements_covered_display": "67"}, "missing_lines": [360, 361], "excluded_lines": [], "start_line": 355}, "create_queue": {"executed_lines": [389, 390, 392, 393, 394], "summary": {"covered_lines": 5, "num_statements": 5, "percent_covered": 100.0, "percent_covered_display": "100", "missing_lines": 0, "excluded_lines": 0, "percent_statements_covered": 100.0, "percent_statements_covered_display": "100"}, "missing_lines": [], "excluded_lines": [], "start_line": 380}, "": {"executed_lines": [17, 18, 19, 20, 21, 22, 23, 25, 26, 28, 30, 31, 34, 35, 36, 43, 44, 45, 46, 47, 54, 57, 60, 65, 66, 69, 70, 73, 74, 83, 84, 92, 93, 99, 111, 125, 129, 138, 143, 152, 162, 166, 174, 200, 219, 234, 242, 253, 283, 287, 300, 354, 355, 380, 401], "summary": {"covered_lines": 55, "num_statements": 55, "percent_covered": 100.0, "percent_covered_display": "100", "missing_lines": 0, "excluded_lines": 0, "percent_statements_covered": 100.0, "percent_statements_covered_display": "100"}, "missing_lines": [], "excluded_lines": [], "start_line": 1}}, "classes": {"JobStatus": {"executed_lines": [], "summary": {"covered_lines": 0, "num_statements": 0, "percent_covered": 100.0, "percent_covered_display": "100", "missing_lines": 0, "excluded_lines": 0, "percent_statements_covered": 100.0, "percent_statements_covered_display": "100"}, "missing_lines": [], "excluded_lines": [], "start_line": 43}, "BaseQueue": {"executed_lines": [58, 62, 63], "summary": {"covered_lines": 3, "num_statements": 3, "percent_covered": 100.0, "percent_covered_display": "100", "missing_lines": 0, "excluded_lines": 0, "percent_statements_covered": 100.0, "percent_statements_covered_display": "100"}, "missing_lines": [], "excluded_lines": [], "start_line": 54}, "_MemJob": {"executed_lines": [100, 101, 102, 103, 104, 105, 106, 107, 108, 109, 112], "summary": {"covered_lines": 11, "num_statements": 11, "percent_covered": 100.0, "percent_covered_display": "100", "missing_lines": 0, "excluded_lines": 0, "percent_statements_covered": 100.0, "percent_statements_covered_display": "100"}, "missing_lines": [], "excluded_lines": [], "start_line": 92}, "MemoryQueue": {"executed_lines": [130, 131, 132, 133, 134, 135, 136, 139, 140, 141, 144, 145, 146, 147, 148, 149, 150, 153, 154, 155, 156, 157, 158, 159, 160, 163, 164, 167, 168, 169, 170, 171, 172, 175, 176, 177, 178, 179, 180, 181, 182, 183, 184, 185, 186, 187, 188, 189, 191, 192, 193], "summary": {"covered_lines": 51, "num_statements": 51, "percent_covered": 100.0, "percent_covered_display": "100", "missing_lines": 0, "excluded_lines": 0, "percent_statements_covered": 100.0, "percent_statements_covered_display": "100"}, "missing_lines": [], "excluded_lines": [], "start_line": 125}, "RedisQueue": {"executed_lines": [226, 227, 228, 229, 230, 231, 232, 235, 238, 239, 240, 243, 244, 245, 246, 249, 250, 251, 254, 255, 256, 259, 260, 261, 263, 274, 275, 276, 278, 279, 280, 281, 284, 285, 288, 289, 290, 291, 293, 294, 295, 296, 301, 302, 303, 304, 305, 307, 308, 309, 310, 311, 316, 317, 318, 319, 321, 322, 326, 330, 331, 332, 333, 334, 335, 336, 337, 338, 339, 344, 345, 350, 351, 352, 357, 358, 359, 363], "summary": {"covered_lines": 78, "num_statements": 87, "percent_covered": 89.65517241379311, "percent_covered_display": "90", "missing_lines": 9, "excluded_lines": 0, "percent_statements_covered": 89.65517241379311, "percent_statements_covered_display": "90"}, "missing_lines": [236, 237, 247, 248, 292, 297, 298, 360, 361], "excluded_lines": [], "start_line": 200}, "": {"executed_lines": [17, 18, 19, 20, 21, 22, 23, 25, 26, 28, 30, 31, 34, 35, 36, 43, 44, 45, 46, 47, 54, 57, 60, 65, 66, 69, 70, 73, 74, 83, 84, 92, 93, 99, 111, 125, 129, 138, 143, 152, 162, 166, 174, 200, 219, 234, 242, 253, 283, 287, 300, 354, 355, 380, 389, 390, 392, 393, 394, 401], "summary": {"covered_lines": 60, "num_statements": 60, "percent_covered": 100.0, "percent_covered_display": "100", "missing_lines": 0, "excluded_lines": 0, "percent_statements_covered": 100.0, "percent_statements_covered_display": "100"}, "missing_lines": [], "excluded_lines": [], "start_line": 1}}}, "app/services/title_cleaner.py": {"executed_lines": [12, 13, 14, 16, 17, 19, 20, 22, 28, 43, 44, 45, 46, 47, 48, 49, 50, 51, 52, 53, 60, 80, 87, 90, 103, 104, 108, 114, 115, 116, 117, 118, 121, 122, 127, 128, 129, 131, 133, 134, 135, 136, 138, 139, 140, 143, 149, 150, 152, 159, 177, 184, 194, 195, 196, 198, 199, 204, 205, 206, 208, 209, 210, 211, 212, 214, 215, 216, 217, 218, 225, 244, 245, 247, 253, 255, 256, 258, 259, 261, 262, 269, 270, 276, 277, 278, 281, 282, 284, 285, 286], "summary": {"covered_lines": 91, "num_statements": 96, "percent_covered": 94.79166666666667, "percent_covered_display": "95", "missing_lines": 5, "excluded_lines": 0, "percent_statements_covered": 94.79166666666667, "percent_statements_covered_display": "95"}, "missing_lines": [105, 137, 264, 265, 266], "excluded_lines": [], "functions": {"clean_title_regex": {"executed_lines": [43, 44, 45, 46, 47, 48, 49, 50, 51, 52, 53], "summary": {"covered_lines": 11, "num_statements": 11, "percent_covered": 100.0, "percent_covered_display": "100", "missing_lines": 0, "excluded_lines": 0, "percent_statements_covered": 100.0, "percent_statements_covered_display": "100"}, "missing_lines": [], "excluded_lines": [], "start_line": 28}, "clean_title_llm": {"executed_lines": [103, 104, 108, 114, 115, 116, 117, 118, 121, 122, 127, 128, 129, 131, 133, 134, 135, 136, 138, 139, 140, 143, 149, 150, 152], "summary": {"covered_lines": 25, "num_statements": 27, "percent_covered": 92.5925925925926, "percent_covered_display": "93", "missing_lines": 2, "excluded_lines": 0, "percent_statements_covered": 92.5925925925926, "percent_statements_covered_display": "93"}, "missing_lines": [105, 137], "excluded_lines": [], "start_line": 90}, "generate_title_regex": {"executed_lines": [194, 195, 196, 198, 199, 204, 205, 206, 208, 209, 210, 211, 212, 214, 215, 216, 217, 218], "summary": {"covered_lines": 18, "num_statements": 18, "percent_covered": 100.0, "percent_covered_display": "100", "missing_lines": 0, "excluded_lines": 0, "percent_statements_covered": 100.0, "percent_statements_covered_display": "100"}, "missing_lines": [], "excluded_lines": [], "start_line": 184}, "backfill_titles": {"executed_lines": [244, 245, 247, 253, 255, 256, 258, 259, 261, 262, 269, 270, 276, 277, 278, 281, 282, 284, 285, 286], "summary": {"covered_lines": 20, "num_statements": 23, "percent_covered": 86.95652173913044, "percent_covered_display": "87", "missing_lines": 3, "excluded_lines": 0, "percent_statements_covered": 86.95652173913044, "percent_statements_covered_display": "87"}, "missing_lines": [264, 265, 266], "excluded_lines": [], "start_line": 225}, "": {"executed_lines": [12, 13, 14, 16, 17, 19, 20, 22, 28, 60, 80, 87, 90, 159, 177, 184, 225], "summary": {"covered_lines": 17, "num_statements": 17, "percent_covered": 100.0, "percent_covered_display": "100", "missing_lines": 0, "excluded_lines": 0, "percent_statements_covered": 100.0, "percent_statements_covered_display": "100"}, "missing_lines": [], "excluded_lines": [], "start_line": 1}}, "classes": {"": {"executed_lines": [12, 13, 14, 16, 17, 19, 20, 22, 28, 43, 44, 45, 46, 47, 48, 49, 50, 51, 52, 53, 60, 80, 87, 90, 103, 104, 108, 114, 115, 116, 117, 118, 121, 122, 127, 128, 129, 131, 133, 134, 135, 136, 138, 139, 140, 143, 149, 150, 152, 159, 177, 184, 194, 195, 196, 198, 199, 204, 205, 206, 208, 209, 210, 211, 212, 214, 215, 216, 217, 218, 225, 244, 245, 247, 253, 255, 256, 258, 259, 261, 262, 269, 270, 276, 277, 278, 281, 282, 284, 285, 286], "summary": {"covered_lines": 91, "num_statements": 96, "percent_covered": 94.79166666666667, "percent_covered_display": "95", "missing_lines": 5, "excluded_lines": 0, "percent_statements_covered": 94.79166666666667, "percent_statements_covered_display": "95"}, "missing_lines": [105, 137, 264, 265, 266], "excluded_lines": [], "start_line": 1}}}, "app/services/title_parser.py": {"executed_lines": [10, 12, 15, 17, 18, 19, 20, 21, 22, 23, 24, 25, 26, 27, 28, 32, 33, 36, 41, 42, 43, 44, 45, 46, 52, 55, 65, 68, 69, 70, 73, 74, 75, 76, 77, 79, 81, 82, 83, 84, 85, 86, 88, 91, 93, 95, 96, 97, 98, 99, 100, 101, 103, 104, 105, 107, 108, 109, 111, 112, 113, 115, 116, 117, 119, 120, 121, 124, 125, 126, 127, 128, 129, 130, 131, 132, 136, 139, 145, 146, 148, 149, 150, 151, 152, 157, 160, 163, 165, 168], "summary": {"covered_lines": 90, "num_statements": 94, "percent_covered": 95.74468085106383, "percent_covered_display": "96", "missing_lines": 4, "excluded_lines": 0, "percent_statements_covered": 95.74468085106383, "percent_statements_covered_display": "96"}, "missing_lines": [133, 134, 154, 170], "excluded_lines": [], "functions": {"parse_title": {"executed_lines": [65, 68, 69, 70, 73, 74, 75, 76, 77, 79, 81, 82, 83, 84, 85, 86, 88, 91, 93, 95, 96, 97, 98, 99, 100, 101, 103, 104, 105, 107, 108, 109, 111, 112, 113, 115, 116, 117, 119, 120, 121, 124, 125, 126, 127, 128, 129, 130, 131, 132, 136], "summary": {"covered_lines": 51, "num_statements": 53, "percent_covered": 96.22641509433963, "percent_covered_display": "96", "missing_lines": 2, "excluded_lines": 0, "percent_statements_covered": 96.22641509433963, "percent_statements_covered_display": "96"}, "missing_lines": [133, 134], "excluded_lines": [], "start_line": 55}, "_classify_names": {"executed_lines": [145, 146, 148, 149, 150, 151, 152, 157], "summary": {"covered_lines": 8, "num_statements": 9, "percent_covered": 88.88888888888889, "percent_covered_display": "89", "missing_lines": 1, "excluded_lines": 0, "percent_statements_covered": 88.88888888888889, "percent_statements_covered_display": "89"}, "missing_lines": [154], "excluded_lines": [], "start_line": 139}, "_has_cjk": {"executed_lines": [165], "summary": {"covered_lines": 1, "num_statements": 1, "percent_covered": 100.0, "percent_covered_display": "100", "missing_lines": 0, "excluded_lines": 0, "percent_statements_covered": 100.0, "percent_statements_covered_display": "100"}, "missing_lines": [], "excluded_lines": [], "start_line": 163}, "extract_file_size_from_content_length": {"executed_lines": [], "summary": {"covered_lines": 0, "num_statements": 1, "percent_covered": 0.0, "percent_covered_display": "0", "missing_lines": 1, "excluded_lines": 0, "percent_statements_covered": 0.0, "percent_statements_covered_display": "0"}, "missing_lines": [170], "excluded_lines": [], "start_line": 168}, "": {"executed_lines": [10, 12, 15, 17, 18, 19, 20, 21, 22, 23, 24, 25, 26, 27, 28, 32, 33, 36, 41, 42, 43, 44, 45, 46, 52, 55, 139, 160, 163, 168], "summary": {"covered_lines": 30, "num_statements": 30, "percent_covered": 100.0, "percent_covered_display": "100", "missing_lines": 0, "excluded_lines": 0, "percent_statements_covered": 100.0, "percent_statements_covered_display": "100"}, "missing_lines": [], "excluded_lines": [], "start_line": 1}}, "classes": {"ParsedTitle": {"executed_lines": [], "summary": {"covered_lines": 0, "num_statements": 0, "percent_covered": 100.0, "percent_covered_display": "100", "missing_lines": 0, "excluded_lines": 0, "percent_statements_covered": 100.0, "percent_statements_covered_display": "100"}, "missing_lines": [], "excluded_lines": [], "start_line": 15}, "": {"executed_lines": [10, 12, 15, 17, 18, 19, 20, 21, 22, 23, 24, 25, 26, 27, 28, 32, 33, 36, 41, 42, 43, 44, 45, 46, 52, 55, 65, 68, 69, 70, 73, 74, 75, 76, 77, 79, 81, 82, 83, 84, 85, 86, 88, 91, 93, 95, 96, 97, 98, 99, 100, 101, 103, 104, 105, 107, 108, 109, 111, 112, 113, 115, 116, 117, 119, 120, 121, 124, 125, 126, 127, 128, 129, 130, 131, 132, 136, 139, 145, 146, 148, 149, 150, 151, 152, 157, 160, 163, 165, 168], "summary": {"covered_lines": 90, "num_statements": 94, "percent_covered": 95.74468085106383, "percent_covered_display": "96", "missing_lines": 4, "excluded_lines": 0, "percent_statements_covered": 95.74468085106383, "percent_statements_covered_display": "96"}, "missing_lines": [133, 134, 154, 170], "excluded_lines": [], "start_line": 1}}}, "app/utils/__init__.py": {"executed_lines": [], "summary": {"covered_lines": 0, "num_statements": 0, "percent_covered": 100.0, "percent_covered_display": "100", "missing_lines": 0, "excluded_lines": 0, "percent_statements_covered": 100.0, "percent_statements_covered_display": "100"}, "missing_lines": [], "excluded_lines": [], "functions": {"": {"executed_lines": [], "summary": {"covered_lines": 0, "num_statements": 0, "percent_covered": 100.0, "percent_covered_display": "100", "missing_lines": 0, "excluded_lines": 0, "percent_statements_covered": 100.0, "percent_statements_covered_display": "100"}, "missing_lines": [], "excluded_lines": [], "start_line": 1}}, "classes": {"": {"executed_lines": [], "summary": {"covered_lines": 0, "num_statements": 0, "percent_covered": 100.0, "percent_covered_display": "100", "missing_lines": 0, "excluded_lines": 0, "percent_statements_covered": 100.0, "percent_statements_covered_display": "100"}, "missing_lines": [], "excluded_lines": [], "start_line": 1}}}, "app/utils/download_paths.py": {"executed_lines": [3, 5, 6, 7, 10, 11, 14, 18, 19, 20, 21, 24, 30, 31, 32, 33, 34, 36, 37, 38, 39, 40, 43, 45, 46, 47, 48, 50, 52, 53, 54, 55, 57, 58, 59, 60, 63, 65, 66, 67, 68, 70, 71, 72, 74, 75, 76, 77, 80, 82], "summary": {"covered_lines": 50, "num_statements": 55, "percent_covered": 90.9090909090909, "percent_covered_display": "91", "missing_lines": 5, "excluded_lines": 0, "percent_statements_covered": 90.9090909090909, "percent_statements_covered_display": "91"}, "missing_lines": [49, 51, 78, 79, 81], "excluded_lines": [], "functions": {"_style_for_root": {"executed_lines": [19, 20, 21], "summary": {"covered_lines": 3, "num_statements": 3, "percent_covered": 100.0, "percent_covered_display": "100", "missing_lines": 0, "excluded_lines": 0, "percent_statements_covered": 100.0, "percent_statements_covered_display": "100"}, "missing_lines": [], "excluded_lines": [], "start_line": 18}, "validate_download_root": {"executed_lines": [30, 31, 32, 33, 34, 36, 37, 38, 39, 40], "summary": {"covered_lines": 10, "num_statements": 10, "percent_covered": 100.0, "percent_covered_display": "100", "missing_lines": 0, "excluded_lines": 0, "percent_statements_covered": 100.0, "percent_statements_covered_display": "100"}, "missing_lines": [], "excluded_lines": [], "start_line": 24}, "validate_download_subdir": {"executed_lines": [45, 46, 47, 48, 50, 52, 53, 54, 55, 57, 58, 59, 60], "summary": {"covered_lines": 13, "num_statements": 15, "percent_covered": 86.66666666666667, "percent_covered_display": "87", "missing_lines": 2, "excluded_lines": 0, "percent_statements_covered": 86.66666666666667, "percent_statements_covered_display": "87"}, "missing_lines": [49, 51], "excluded_lines": [], "start_line": 43}, "resolve_download_dir": {"executed_lines": [65, 66, 67, 68, 70, 71, 72, 74, 75, 76, 77, 80, 82], "summary": {"covered_lines": 13, "num_statements": 16, "percent_covered": 81.25, "percent_covered_display": "81", "missing_lines": 3, "excluded_lines": 0, "percent_statements_covered": 81.25, "percent_statements_covered_display": "81"}, "missing_lines": [78, 79, 81], "excluded_lines": [], "start_line": 63}, "": {"executed_lines": [3, 5, 6, 7, 10, 11, 14, 18, 24, 43, 63], "summary": {"covered_lines": 11, "num_statements": 11, "percent_covered": 100.0, "percent_covered_display": "100", "missing_lines": 0, "excluded_lines": 0, "percent_statements_covered": 100.0, "percent_statements_covered_display": "100"}, "missing_lines": [], "excluded_lines": [], "start_line": 1}}, "classes": {"DownloadPathError": {"executed_lines": [], "summary": {"covered_lines": 0, "num_statements": 0, "percent_covered": 100.0, "percent_covered_display": "100", "missing_lines": 0, "excluded_lines": 0, "percent_statements_covered": 100.0, "percent_statements_covered_display": "100"}, "missing_lines": [], "excluded_lines": [], "start_line": 14}, "": {"executed_lines": [3, 5, 6, 7, 10, 11, 14, 18, 19, 20, 21, 24, 30, 31, 32, 33, 34, 36, 37, 38, 39, 40, 43, 45, 46, 47, 48, 50, 52, 53, 54, 55, 57, 58, 59, 60, 63, 65, 66, 67, 68, 70, 71, 72, 74, 75, 76, 77, 80, 82], "summary": {"covered_lines": 50, "num_statements": 55, "percent_covered": 90.9090909090909, "percent_covered_display": "91", "missing_lines": 5, "excluded_lines": 0, "percent_statements_covered": 90.9090909090909, "percent_statements_covered_display": "91"}, "missing_lines": [49, 51, 78, 79, 81], "excluded_lines": [], "start_line": 1}}}, "app/utils/time.py": {"executed_lines": [3, 6, 13], "summary": {"covered_lines": 3, "num_statements": 3, "percent_covered": 100.0, "percent_covered_display": "100", "missing_lines": 0, "excluded_lines": 0, "percent_statements_covered": 100.0, "percent_statements_covered_display": "100"}, "missing_lines": [], "excluded_lines": [], "functions": {"utcnow": {"executed_lines": [13], "summary": {"covered_lines": 1, "num_statements": 1, "percent_covered": 100.0, "percent_covered_display": "100", "missing_lines": 0, "excluded_lines": 0, "percent_statements_covered": 100.0, "percent_statements_covered_display": "100"}, "missing_lines": [], "excluded_lines": [], "start_line": 6}, "": {"executed_lines": [3, 6], "summary": {"covered_lines": 2, "num_statements": 2, "percent_covered": 100.0, "percent_covered_display": "100", "missing_lines": 0, "excluded_lines": 0, "percent_statements_covered": 100.0, "percent_statements_covered_display": "100"}, "missing_lines": [], "excluded_lines": [], "start_line": 1}}, "classes": {"": {"executed_lines": [3, 6, 13], "summary": {"covered_lines": 3, "num_statements": 3, "percent_covered": 100.0, "percent_covered_display": "100", "missing_lines": 0, "excluded_lines": 0, "percent_statements_covered": 100.0, "percent_statements_covered_display": "100"}, "missing_lines": [], "excluded_lines": [], "start_line": 1}}}}, "totals": {"covered_lines": 4159, "num_statements": 4556, "percent_covered": 91.28621597892888, "percent_covered_display": "91", "missing_lines": 397, "excluded_lines": 216, "percent_statements_covered": 91.28621597892888, "percent_statements_covered_display": "91"}}