{"meta": {"format": 3, "version": "7.14.3", "timestamp": "2026-06-27T20:14:19.098868", "branch_coverage": false, "show_contexts": false}, "files": {"app/__init__.py": {"executed_lines": [], "summary": {"covered_lines": 0, "num_statements": 0, "percent_covered": 100.0, "percent_covered_display": "100", "missing_lines": 0, "excluded_lines": 0, "percent_statements_covered": 100.0, "percent_statements_covered_display": "100"}, "missing_lines": [], "excluded_lines": [], "functions": {"": {"executed_lines": [], "summary": {"covered_lines": 0, "num_statements": 0, "percent_covered": 100.0, "percent_covered_display": "100", "missing_lines": 0, "excluded_lines": 0, "percent_statements_covered": 100.0, "percent_statements_covered_display": "100"}, "missing_lines": [], "excluded_lines": [], "start_line": 1}}, "classes": {"": {"executed_lines": [], "summary": {"covered_lines": 0, "num_statements": 0, "percent_covered": 100.0, "percent_covered_display": "100", "missing_lines": 0, "excluded_lines": 0, "percent_statements_covered": 100.0, "percent_statements_covered_display": "100"}, "missing_lines": [], "excluded_lines": [], "start_line": 1}}}, "app/api/__init__.py": {"executed_lines": [], "summary": {"covered_lines": 0, "num_statements": 0, "percent_covered": 100.0, "percent_covered_display": "100", "missing_lines": 0, "excluded_lines": 0, "percent_statements_covered": 100.0, "percent_statements_covered_display": "100"}, "missing_lines": [], "excluded_lines": [], "functions": {"": {"executed_lines": [], "summary": {"covered_lines": 0, "num_statements": 0, "percent_covered": 100.0, "percent_covered_display": "100", "missing_lines": 0, "excluded_lines": 0, "percent_statements_covered": 100.0, "percent_statements_covered_display": "100"}, "missing_lines": [], "excluded_lines": [], "start_line": 1}}, "classes": {"": {"executed_lines": [], "summary": {"covered_lines": 0, "num_statements": 0, "percent_covered": 100.0, "percent_covered_display": "100", "missing_lines": 0, "excluded_lines": 0, "percent_statements_covered": 100.0, "percent_statements_covered_display": "100"}, "missing_lines": [], "excluded_lines": [], "start_line": 1}}}, "app/api/v1/__init__.py": {"executed_lines": [], "summary": {"covered_lines": 0, "num_statements": 0, "percent_covered": 100.0, "percent_covered_display": "100", "missing_lines": 0, "excluded_lines": 0, "percent_statements_covered": 100.0, "percent_statements_covered_display": "100"}, "missing_lines": [], "excluded_lines": [], "functions": {"": {"executed_lines": [], "summary": {"covered_lines": 0, "num_statements": 0, "percent_covered": 100.0, "percent_covered_display": "100", "missing_lines": 0, "excluded_lines": 0, "percent_statements_covered": 100.0, "percent_statements_covered_display": "100"}, "missing_lines": [], "excluded_lines": [], "start_line": 1}}, "classes": {"": {"executed_lines": [], "summary": {"covered_lines": 0, "num_statements": 0, "percent_covered": 100.0, "percent_covered_display": "100", "missing_lines": 0, "excluded_lines": 0, "percent_statements_covered": 100.0, "percent_statements_covered_display": "100"}, "missing_lines": [], "excluded_lines": [], "start_line": 1}}}, "app/api/v1/agents.py": {"executed_lines": [3, 4, 5, 6, 7, 9, 10, 11, 12, 13, 14, 20, 21, 22, 26, 29, 30, 39, 40, 45, 46, 47, 75, 76, 78, 99, 142, 143, 144, 156, 157, 158, 195, 196, 197, 216, 217, 218, 233, 234, 235, 251, 263, 283, 284, 290, 326, 327, 333, 334, 335, 350, 351, 352, 394, 395, 414, 415, 416, 427, 428, 433], "summary": {"covered_lines": 62, "num_statements": 250, "percent_covered": 24.8, "percent_covered_display": "25", "missing_lines": 188, "excluded_lines": 0, "percent_statements_covered": 24.8, "percent_statements_covered_display": "25"}, "missing_lines": [48, 49, 58, 59, 60, 61, 62, 63, 64, 70, 71, 72, 79, 80, 86, 87, 88, 89, 90, 96, 97, 98, 104, 105, 106, 111, 112, 113, 114, 116, 117, 119, 120, 121, 122, 123, 124, 125, 126, 127, 128, 129, 131, 138, 139, 151, 152, 153, 163, 164, 165, 166, 167, 168, 169, 171, 172, 173, 174, 175, 176, 177, 178, 179, 180, 181, 182, 183, 184, 191, 192, 198, 199, 201, 202, 203, 208, 209, 219, 220, 221, 222, 223, 224, 225, 230, 236, 237, 238, 239, 240, 256, 257, 258, 259, 260, 264, 265, 266, 267, 268, 269, 270, 271, 272, 273, 291, 292, 294, 296, 297, 298, 300, 301, 302, 304, 305, 306, 308, 309, 310, 311, 314, 315, 317, 330, 336, 337, 339, 344, 345, 353, 354, 355, 356, 361, 362, 363, 364, 369, 370, 375, 376, 381, 382, 383, 384, 385, 390, 391, 398, 399, 400, 401, 402, 403, 404, 405, 410, 411, 417, 418, 419, 420, 434, 435, 437, 443, 445, 446, 447, 448, 449, 450, 451, 453, 454, 455, 456, 457, 458, 459, 460, 461, 462, 463, 465, 466], "excluded_lines": [], "functions": {"_not_found": {"executed_lines": [30], "summary": {"covered_lines": 1, "num_statements": 1, "percent_covered": 100.0, "percent_covered_display": "100", "missing_lines": 0, "excluded_lines": 0, "percent_statements_covered": 100.0, "percent_statements_covered_display": "100"}, "missing_lines": [], "excluded_lines": [], "start_line": 29}, "list_agents": {"executed_lines": [45, 46, 47], "summary": {"covered_lines": 3, "num_statements": 15, "percent_covered": 20.0, "percent_covered_display": "20", "missing_lines": 12, "excluded_lines": 0, "percent_statements_covered": 20.0, "percent_statements_covered_display": "20"}, "missing_lines": [48, 49, 58, 59, 60, 61, 62, 63, 64, 70, 71, 72], "excluded_lines": [], "start_line": 40}, "create_agent": {"executed_lines": [78, 99], "summary": {"covered_lines": 2, "num_statements": 35, "percent_covered": 5.714285714285714, "percent_covered_display": "6", "missing_lines": 33, "excluded_lines": 0, "percent_statements_covered": 5.714285714285714, "percent_statements_covered_display": "6"}, "missing_lines": [79, 80, 86, 87, 88, 89, 90, 96, 97, 98, 104, 105, 106, 111, 112, 113, 114, 116, 117, 119, 120, 121, 122, 123, 124, 125, 126, 127, 128, 129, 131, 138, 139], "excluded_lines": [], "start_line": 76}, "get_agent": {"executed_lines": [144], "summary": {"covered_lines": 1, "num_statements": 4, "percent_covered": 25.0, "percent_covered_display": "25", "missing_lines": 3, "excluded_lines": 0, "percent_statements_covered": 25.0, "percent_statements_covered_display": "25"}, "missing_lines": [151, 152, 153], "excluded_lines": [], "start_line": 143}, "update_agent": {"executed_lines": [158], "summary": {"covered_lines": 1, "num_statements": 24, "percent_covered": 4.166666666666667, "percent_covered_display": "4", "missing_lines": 23, "excluded_lines": 0, "percent_statements_covered": 4.166666666666667, "percent_statements_covered_display": "4"}, "missing_lines": [163, 164, 165, 166, 167, 168, 169, 171, 172, 173, 174, 175, 176, 177, 178, 179, 180, 181, 182, 183, 184, 191, 192], "excluded_lines": [], "start_line": 157}, "delete_agent": {"executed_lines": [197], "summary": {"covered_lines": 1, "num_statements": 8, "percent_covered": 12.5, "percent_covered_display": "12", "missing_lines": 7, "excluded_lines": 0, "percent_statements_covered": 12.5, "percent_statements_covered_display": "12"}, "missing_lines": [198, 199, 201, 202, 203, 208, 209], "excluded_lines": [], "start_line": 196}, "run_agent": {"executed_lines": [218], "summary": {"covered_lines": 1, "num_statements": 9, "percent_covered": 11.11111111111111, "percent_covered_display": "11", "missing_lines": 8, "excluded_lines": 0, "percent_statements_covered": 11.11111111111111, "percent_statements_covered_display": "11"}, "missing_lines": [219, 220, 221, 222, 223, 224, 225, 230], "excluded_lines": [], "start_line": 217}, "get_run_status": {"executed_lines": [235], "summary": {"covered_lines": 1, "num_statements": 6, "percent_covered": 16.666666666666668, "percent_covered_display": "17", "missing_lines": 5, "excluded_lines": 0, "percent_statements_covered": 16.666666666666668, "percent_statements_covered_display": "17"}, "missing_lines": [236, 237, 238, 239, 240], "excluded_lines": [], "start_line": 234}, "_condition_results_for_resource": {"executed_lines": [], "summary": {"covered_lines": 0, "num_statements": 5, "percent_covered": 0.0, "percent_covered_display": "0", "missing_lines": 5, "excluded_lines": 0, "percent_statements_covered": 0.0, "percent_statements_covered_display": "0"}, "missing_lines": [256, 257, 258, 259, 260], "excluded_lines": [], "start_line": 251}, "_walk_conditions": {"executed_lines": [], "summary": {"covered_lines": 0, "num_statements": 10, "percent_covered": 0.0, "percent_covered_display": "0", "missing_lines": 10, "excluded_lines": 0, "percent_statements_covered": 0.0, "percent_statements_covered_display": "0"}, "missing_lines": [264, 265, 266, 267, 268, 269, 270, 271, 272, 273], "excluded_lines": [], "start_line": 263}, "test_filters": {"executed_lines": [290], "summary": {"covered_lines": 1, "num_statements": 20, "percent_covered": 5.0, "percent_covered_display": "5", "missing_lines": 19, "excluded_lines": 0, "percent_statements_covered": 5.0, "percent_statements_covered_display": "5"}, "missing_lines": [291, 292, 294, 296, 297, 298, 300, 301, 302, 304, 305, 306, 308, 309, 310, 311, 314, 315, 317], "excluded_lines": [], "start_line": 284}, "_get_work": {"executed_lines": [327], "summary": {"covered_lines": 1, "num_statements": 2, "percent_covered": 50.0, "percent_covered_display": "50", "missing_lines": 1, "excluded_lines": 0, "percent_statements_covered": 50.0, "percent_statements_covered_display": "50"}, "missing_lines": [330], "excluded_lines": [], "start_line": 326}, "list_works": {"executed_lines": [335], "summary": {"covered_lines": 1, "num_statements": 6, "percent_covered": 16.666666666666668, "percent_covered_display": "17", "missing_lines": 5, "excluded_lines": 0, "percent_statements_covered": 16.666666666666668, "percent_statements_covered_display": "17"}, "missing_lines": [336, 337, 339, 344, 345], "excluded_lines": [], "start_line": 334}, "create_work": {"executed_lines": [352], "summary": {"covered_lines": 1, "num_statements": 20, "percent_covered": 5.0, "percent_covered_display": "5", "missing_lines": 19, "excluded_lines": 0, "percent_statements_covered": 5.0, "percent_statements_covered_display": "5"}, "missing_lines": [353, 354, 355, 356, 361, 362, 363, 364, 369, 370, 375, 376, 381, 382, 383, 384, 385, 390, 391], "excluded_lines": [], "start_line": 351}, "update_work": {"executed_lines": [], "summary": {"covered_lines": 0, "num_statements": 10, "percent_covered": 0.0, "percent_covered_display": "0", "missing_lines": 10, "excluded_lines": 0, "percent_statements_covered": 0.0, "percent_statements_covered_display": "0"}, "missing_lines": [398, 399, 400, 401, 402, 403, 404, 405, 410, 411], "excluded_lines": [], "start_line": 395}, "delete_work": {"executed_lines": [416], "summary": {"covered_lines": 1, "num_statements": 5, "percent_covered": 20.0, "percent_covered_display": "20", "missing_lines": 4, "excluded_lines": 0, "percent_statements_covered": 20.0, "percent_statements_covered_display": "20"}, "missing_lines": [417, 418, 419, 420], "excluded_lines": [], "start_line": 415}, "get_suggestions": {"executed_lines": [433], "summary": {"covered_lines": 1, "num_statements": 25, "percent_covered": 4.0, "percent_covered_display": "4", "missing_lines": 24, "excluded_lines": 0, "percent_statements_covered": 4.0, "percent_statements_covered_display": "4"}, "missing_lines": [434, 435, 437, 443, 445, 446, 447, 448, 449, 450, 451, 453, 454, 455, 456, 457, 458, 459, 460, 461, 462, 463, 465, 466], "excluded_lines": [], "start_line": 428}, "": {"executed_lines": [3, 4, 5, 6, 7, 9, 10, 11, 12, 13, 14, 20, 21, 22, 26, 29, 39, 40, 75, 76, 142, 143, 156, 157, 195, 196, 216, 217, 233, 234, 251, 263, 283, 284, 326, 333, 334, 350, 351, 394, 395, 414, 415, 427, 428], "summary": {"covered_lines": 45, "num_statements": 45, "percent_covered": 100.0, "percent_covered_display": "100", "missing_lines": 0, "excluded_lines": 0, "percent_statements_covered": 100.0, "percent_statements_covered_display": "100"}, "missing_lines": [], "excluded_lines": [], "start_line": 1}}, "classes": {"": {"executed_lines": [3, 4, 5, 6, 7, 9, 10, 11, 12, 13, 14, 20, 21, 22, 26, 29, 30, 39, 40, 45, 46, 47, 75, 76, 78, 99, 142, 143, 144, 156, 157, 158, 195, 196, 197, 216, 217, 218, 233, 234, 235, 251, 263, 283, 284, 290, 326, 327, 333, 334, 335, 350, 351, 352, 394, 395, 414, 415, 416, 427, 428, 433], "summary": {"covered_lines": 62, "num_statements": 250, "percent_covered": 24.8, "percent_covered_display": "25", "missing_lines": 188, "excluded_lines": 0, "percent_statements_covered": 24.8, "percent_statements_covered_display": "25"}, "missing_lines": [48, 49, 58, 59, 60, 61, 62, 63, 64, 70, 71, 72, 79, 80, 86, 87, 88, 89, 90, 96, 97, 98, 104, 105, 106, 111, 112, 113, 114, 116, 117, 119, 120, 121, 122, 123, 124, 125, 126, 127, 128, 129, 131, 138, 139, 151, 152, 153, 163, 164, 165, 166, 167, 168, 169, 171, 172, 173, 174, 175, 176, 177, 178, 179, 180, 181, 182, 183, 184, 191, 192, 198, 199, 201, 202, 203, 208, 209, 219, 220, 221, 222, 223, 224, 225, 230, 236, 237, 238, 239, 240, 256, 257, 258, 259, 260, 264, 265, 266, 267, 268, 269, 270, 271, 272, 273, 291, 292, 294, 296, 297, 298, 300, 301, 302, 304, 305, 306, 308, 309, 310, 311, 314, 315, 317, 330, 336, 337, 339, 344, 345, 353, 354, 355, 356, 361, 362, 363, 364, 369, 370, 375, 376, 381, 382, 383, 384, 385, 390, 391, 398, 399, 400, 401, 402, 403, 404, 405, 410, 411, 417, 418, 419, 420, 434, 435, 437, 443, 445, 446, 447, 448, 449, 450, 451, 453, 454, 455, 456, 457, 458, 459, 460, 461, 462, 463, 465, 466], "excluded_lines": [], "start_line": 1}}}, "app/api/v1/channels.py": {"executed_lines": [3, 4, 5, 7, 8, 9, 10, 12, 13, 14, 15, 23, 24, 26, 28, 31, 32, 38, 45, 46, 51, 52, 53, 54, 72, 73, 78, 87, 88, 89, 90, 91, 93, 94, 99, 100, 101, 117, 118, 119, 120, 123, 124, 125, 126, 127, 128, 147, 148, 154, 162, 180, 181, 182, 194, 195, 196, 206, 207, 215, 216, 217, 233, 234, 235, 236, 242, 243, 258, 263, 264, 282, 283, 304, 305, 325, 326, 327, 328, 329], "summary": {"covered_lines": 80, "num_statements": 215, "percent_covered": 37.2093023255814, "percent_covered_display": "37", "missing_lines": 135, "excluded_lines": 0, "percent_statements_covered": 37.2093023255814, "percent_statements_covered_display": "37"}, "missing_lines": [39, 55, 56, 59, 60, 61, 62, 64, 65, 66, 67, 68, 69, 79, 80, 81, 102, 105, 106, 107, 108, 109, 111, 129, 130, 131, 133, 140, 141, 144, 155, 156, 157, 163, 164, 165, 166, 167, 168, 169, 171, 172, 173, 174, 175, 177, 183, 184, 185, 186, 187, 188, 189, 190, 191, 197, 198, 199, 200, 201, 202, 203, 208, 209, 210, 211, 212, 218, 219, 220, 221, 222, 223, 226, 227, 230, 244, 245, 246, 247, 250, 251, 252, 253, 254, 255, 259, 260, 265, 266, 267, 268, 271, 272, 275, 284, 285, 286, 287, 288, 289, 290, 293, 294, 297, 306, 307, 308, 309, 310, 311, 312, 315, 316, 317, 318, 322, 330, 336, 337, 338, 339, 340, 341, 342, 343, 344, 345, 346, 347, 348, 349, 350, 351, 352], "excluded_lines": [], "functions": {"_not_found": {"executed_lines": [32], "summary": {"covered_lines": 1, "num_statements": 1, "percent_covered": 100.0, "percent_covered_display": "100", "missing_lines": 0, "excluded_lines": 0, "percent_statements_covered": 100.0, "percent_statements_covered_display": "100"}, "missing_lines": [], "excluded_lines": [], "start_line": 31}, "_already_running": {"executed_lines": [], "summary": {"covered_lines": 0, "num_statements": 1, "percent_covered": 0.0, "percent_covered_display": "0", "missing_lines": 1, "excluded_lines": 0, "percent_statements_covered": 0.0, "percent_statements_covered_display": "0"}, "missing_lines": [39], "excluded_lines": [], "start_line": 38}, "list_channels": {"executed_lines": [51, 52, 53, 54], "summary": {"covered_lines": 4, "num_statements": 16, "percent_covered": 25.0, "percent_covered_display": "25", "missing_lines": 12, "excluded_lines": 0, "percent_statements_covered": 25.0, "percent_statements_covered_display": "25"}, "missing_lines": [55, 56, 59, 60, 61, 62, 64, 65, 66, 67, 68, 69], "excluded_lines": [], "start_line": 46}, "create_channel": {"executed_lines": [78, 87, 88, 89, 90, 91, 93, 94, 99, 100, 101], "summary": {"covered_lines": 11, "num_statements": 21, "percent_covered": 52.38095238095238, "percent_covered_display": "52", "missing_lines": 10, "excluded_lines": 0, "percent_statements_covered": 52.38095238095238, "percent_statements_covered_display": "52"}, "missing_lines": [79, 80, 81, 102, 105, 106, 107, 108, 109, 111], "excluded_lines": [], "start_line": 73}, "get_form_token": {"executed_lines": [119, 120], "summary": {"covered_lines": 2, "num_statements": 2, "percent_covered": 100.0, "percent_covered_display": "100", "missing_lines": 0, "excluded_lines": 0, "percent_statements_covered": 100.0, "percent_statements_covered_display": "100"}, "missing_lines": [], "excluded_lines": [], "start_line": 118}, "get_channel": {"executed_lines": [125, 126, 127, 128], "summary": {"covered_lines": 4, "num_statements": 11, "percent_covered": 36.36363636363637, "percent_covered_display": "36", "missing_lines": 7, "excluded_lines": 0, "percent_statements_covered": 36.36363636363637, "percent_statements_covered_display": "36"}, "missing_lines": [129, 130, 131, 133, 140, 141, 144], "excluded_lines": [], "start_line": 124}, "update_channel": {"executed_lines": [154, 162], "summary": {"covered_lines": 2, "num_statements": 18, "percent_covered": 11.11111111111111, "percent_covered_display": "11", "missing_lines": 16, "excluded_lines": 0, "percent_statements_covered": 11.11111111111111, "percent_statements_covered_display": "11"}, "missing_lines": [155, 156, 157, 163, 164, 165, 166, 167, 168, 169, 171, 172, 173, 174, 175, 177], "excluded_lines": [], "start_line": 148}, "delete_channel": {"executed_lines": [182], "summary": {"covered_lines": 1, "num_statements": 10, "percent_covered": 10.0, "percent_covered_display": "10", "missing_lines": 9, "excluded_lines": 0, "percent_statements_covered": 10.0, "percent_statements_covered_display": "10"}, "missing_lines": [183, 184, 185, 186, 187, 188, 189, 190, 191], "excluded_lines": [], "start_line": 181}, "fetch_channel": {"executed_lines": [196], "summary": {"covered_lines": 1, "num_statements": 8, "percent_covered": 12.5, "percent_covered_display": "12", "missing_lines": 7, "excluded_lines": 0, "percent_statements_covered": 12.5, "percent_statements_covered_display": "12"}, "missing_lines": [197, 198, 199, 200, 201, 202, 203], "excluded_lines": [], "start_line": 195}, "get_fetch_status": {"executed_lines": [], "summary": {"covered_lines": 0, "num_statements": 5, "percent_covered": 0.0, "percent_covered_display": "0", "missing_lines": 5, "excluded_lines": 0, "percent_statements_covered": 0.0, "percent_statements_covered_display": "0"}, "missing_lines": [208, 209, 210, 211, 212], "excluded_lines": [], "start_line": 207}, "analyze_channel_feed": {"executed_lines": [217], "summary": {"covered_lines": 1, "num_statements": 10, "percent_covered": 10.0, "percent_covered_display": "10", "missing_lines": 9, "excluded_lines": 0, "percent_statements_covered": 10.0, "percent_statements_covered_display": "10"}, "missing_lines": [218, 219, 220, 221, 222, 223, 226, 227, 230], "excluded_lines": [], "start_line": 216}, "validate_url": {"executed_lines": [235, 236], "summary": {"covered_lines": 2, "num_statements": 2, "percent_covered": 100.0, "percent_covered_display": "100", "missing_lines": 0, "excluded_lines": 0, "percent_statements_covered": 100.0, "percent_statements_covered_display": "100"}, "missing_lines": [], "excluded_lines": [], "start_line": 234}, "preview_feed": {"executed_lines": [], "summary": {"covered_lines": 0, "num_statements": 10, "percent_covered": 0.0, "percent_covered_display": "0", "missing_lines": 10, "excluded_lines": 0, "percent_statements_covered": 0.0, "percent_statements_covered_display": "0"}, "missing_lines": [244, 245, 246, 247, 250, 251, 252, 253, 254, 255], "excluded_lines": [], "start_line": 243}, "_stream_events": {"executed_lines": [], "summary": {"covered_lines": 0, "num_statements": 2, "percent_covered": 0.0, "percent_covered_display": "0", "missing_lines": 2, "excluded_lines": 0, "percent_statements_covered": 0.0, "percent_statements_covered_display": "0"}, "missing_lines": [259, 260], "excluded_lines": [], "start_line": 258}, "analyze_url_stream": {"executed_lines": [], "summary": {"covered_lines": 0, "num_statements": 7, "percent_covered": 0.0, "percent_covered_display": "0", "missing_lines": 7, "excluded_lines": 0, "percent_statements_covered": 0.0, "percent_statements_covered_display": "0"}, "missing_lines": [265, 266, 267, 268, 271, 272, 275], "excluded_lines": [], "start_line": 264}, "analyze_channel_stream": {"executed_lines": [], "summary": {"covered_lines": 0, "num_statements": 10, "percent_covered": 0.0, "percent_covered_display": "0", "missing_lines": 10, "excluded_lines": 0, "percent_statements_covered": 0.0, "percent_statements_covered_display": "0"}, "missing_lines": [284, 285, 286, 287, 288, 289, 290, 293, 294, 297], "excluded_lines": [], "start_line": 283}, "generate_title_regex": {"executed_lines": [], "summary": {"covered_lines": 0, "num_statements": 12, "percent_covered": 0.0, "percent_covered_display": "0", "missing_lines": 12, "excluded_lines": 0, "percent_statements_covered": 0.0, "percent_statements_covered_display": "0"}, "missing_lines": [306, 307, 308, 309, 310, 311, 312, 315, 316, 317, 318, 322], "excluded_lines": [], "start_line": 305}, "summarize_filters": {"executed_lines": [327, 328, 329], "summary": {"covered_lines": 3, "num_statements": 21, "percent_covered": 14.285714285714286, "percent_covered_display": "14", "missing_lines": 18, "excluded_lines": 0, "percent_statements_covered": 14.285714285714286, "percent_statements_covered_display": "14"}, "missing_lines": [330, 336, 337, 338, 339, 340, 341, 342, 343, 344, 345, 346, 347, 348, 349, 350, 351, 352], "excluded_lines": [], "start_line": 326}, "": {"executed_lines": [3, 4, 5, 7, 8, 9, 10, 12, 13, 14, 15, 23, 24, 26, 28, 31, 38, 45, 46, 72, 73, 117, 118, 123, 124, 147, 148, 180, 181, 194, 195, 206, 207, 215, 216, 233, 234, 242, 243, 258, 263, 264, 282, 283, 304, 305, 325, 326], "summary": {"covered_lines": 48, "num_statements": 48, "percent_covered": 100.0, "percent_covered_display": "100", "missing_lines": 0, "excluded_lines": 0, "percent_statements_covered": 100.0, "percent_statements_covered_display": "100"}, "missing_lines": [], "excluded_lines": [], "start_line": 1}}, "classes": {"": {"executed_lines": [3, 4, 5, 7, 8, 9, 10, 12, 13, 14, 15, 23, 24, 26, 28, 31, 32, 38, 45, 46, 51, 52, 53, 54, 72, 73, 78, 87, 88, 89, 90, 91, 93, 94, 99, 100, 101, 117, 118, 119, 120, 123, 124, 125, 126, 127, 128, 147, 148, 154, 162, 180, 181, 182, 194, 195, 196, 206, 207, 215, 216, 217, 233, 234, 235, 236, 242, 243, 258, 263, 264, 282, 283, 304, 305, 325, 326, 327, 328, 329], "summary": {"covered_lines": 80, "num_statements": 215, "percent_covered": 37.2093023255814, "percent_covered_display": "37", "missing_lines": 135, "excluded_lines": 0, "percent_statements_covered": 37.2093023255814, "percent_statements_covered_display": "37"}, "missing_lines": [39, 55, 56, 59, 60, 61, 62, 64, 65, 66, 67, 68, 69, 79, 80, 81, 102, 105, 106, 107, 108, 109, 111, 129, 130, 131, 133, 140, 141, 144, 155, 156, 157, 163, 164, 165, 166, 167, 168, 169, 171, 172, 173, 174, 175, 177, 183, 184, 185, 186, 187, 188, 189, 190, 191, 197, 198, 199, 200, 201, 202, 203, 208, 209, 210, 211, 212, 218, 219, 220, 221, 222, 223, 226, 227, 230, 244, 245, 246, 247, 250, 251, 252, 253, 254, 255, 259, 260, 265, 266, 267, 268, 271, 272, 275, 284, 285, 286, 287, 288, 289, 290, 293, 294, 297, 306, 307, 308, 309, 310, 311, 312, 315, 316, 317, 318, 322, 330, 336, 337, 338, 339, 340, 341, 342, 343, 344, 345, 346, 347, 348, 349, 350, 351, 352], "excluded_lines": [], "start_line": 1}}}, "app/api/v1/dashboard.py": {"executed_lines": [3, 4, 5, 6, 8, 9, 10, 11, 12, 13, 14, 15, 16, 18, 21, 22, 23, 28], "summary": {"covered_lines": 18, "num_statements": 51, "percent_covered": 35.294117647058826, "percent_covered_display": "35", "missing_lines": 33, "excluded_lines": 0, "percent_statements_covered": 35.294117647058826, "percent_statements_covered_display": "35"}, "missing_lines": [26, 31, 34, 35, 44, 46, 47, 48, 52, 53, 54, 55, 64, 65, 66, 67, 68, 74, 75, 76, 77, 78, 79, 85, 87, 90, 93, 104, 105, 107, 110, 111, 140], "excluded_lines": [], "functions": {"get_dashboard": {"executed_lines": [23, 28], "summary": {"covered_lines": 2, "num_statements": 35, "percent_covered": 5.714285714285714, "percent_covered_display": "6", "missing_lines": 33, "excluded_lines": 0, "percent_statements_covered": 5.714285714285714, "percent_statements_covered_display": "6"}, "missing_lines": [26, 31, 34, 35, 44, 46, 47, 48, 52, 53, 54, 55, 64, 65, 66, 67, 68, 74, 75, 76, 77, 78, 79, 85, 87, 90, 93, 104, 105, 107, 110, 111, 140], "excluded_lines": [], "start_line": 22}, "": {"executed_lines": [3, 4, 5, 6, 8, 9, 10, 11, 12, 13, 14, 15, 16, 18, 21, 22], "summary": {"covered_lines": 16, "num_statements": 16, "percent_covered": 100.0, "percent_covered_display": "100", "missing_lines": 0, "excluded_lines": 0, "percent_statements_covered": 100.0, "percent_statements_covered_display": "100"}, "missing_lines": [], "excluded_lines": [], "start_line": 1}}, "classes": {"": {"executed_lines": [3, 4, 5, 6, 8, 9, 10, 11, 12, 13, 14, 15, 16, 18, 21, 22, 23, 28], "summary": {"covered_lines": 18, "num_statements": 51, "percent_covered": 35.294117647058826, "percent_covered_display": "35", "missing_lines": 33, "excluded_lines": 0, "percent_statements_covered": 35.294117647058826, "percent_statements_covered_display": "35"}, "missing_lines": [26, 31, 34, 35, 44, 46, 47, 48, 52, 53, 54, 55, 64, 65, 66, 67, 68, 74, 75, 76, 77, 78, 79, 85, 87, 90, 93, 104, 105, 107, 110, 111, 140], "excluded_lines": [], "start_line": 1}}}, "app/api/v1/decisions.py": {"executed_lines": [3, 5, 6, 7, 8, 9, 11, 12, 13, 14, 15, 17, 20, 21, 56, 57, 85, 86], "summary": {"covered_lines": 18, "num_statements": 61, "percent_covered": 29.508196721311474, "percent_covered_display": "30", "missing_lines": 43, "excluded_lines": 0, "percent_statements_covered": 29.508196721311474, "percent_statements_covered_display": "30"}, "missing_lines": [28, 29, 30, 31, 32, 33, 34, 40, 41, 42, 43, 45, 48, 49, 52, 53, 62, 63, 64, 65, 66, 67, 68, 69, 70, 71, 72, 75, 76, 77, 78, 80, 81, 82, 87, 88, 89, 90, 91, 92, 93, 94, 95], "excluded_lines": [], "functions": {"list_decisions": {"executed_lines": [], "summary": {"covered_lines": 0, "num_statements": 16, "percent_covered": 0.0, "percent_covered_display": "0", "missing_lines": 16, "excluded_lines": 0, "percent_statements_covered": 0.0, "percent_statements_covered_display": "0"}, "missing_lines": [28, 29, 30, 31, 32, 33, 34, 40, 41, 42, 43, 45, 48, 49, 52, 53], "excluded_lines": [], "start_line": 21}, "confirm_decision": {"executed_lines": [], "summary": {"covered_lines": 0, "num_statements": 18, "percent_covered": 0.0, "percent_covered_display": "0", "missing_lines": 18, "excluded_lines": 0, "percent_statements_covered": 0.0, "percent_statements_covered_display": "0"}, "missing_lines": [62, 63, 64, 65, 66, 67, 68, 69, 70, 71, 72, 75, 76, 77, 78, 80, 81, 82], "excluded_lines": [], "start_line": 57}, "skip_decision": {"executed_lines": [], "summary": {"covered_lines": 0, "num_statements": 9, "percent_covered": 0.0, "percent_covered_display": "0", "missing_lines": 9, "excluded_lines": 0, "percent_statements_covered": 0.0, "percent_statements_covered_display": "0"}, "missing_lines": [87, 88, 89, 90, 91, 92, 93, 94, 95], "excluded_lines": [], "start_line": 86}, "": {"executed_lines": [3, 5, 6, 7, 8, 9, 11, 12, 13, 14, 15, 17, 20, 21, 56, 57, 85, 86], "summary": {"covered_lines": 18, "num_statements": 18, "percent_covered": 100.0, "percent_covered_display": "100", "missing_lines": 0, "excluded_lines": 0, "percent_statements_covered": 100.0, "percent_statements_covered_display": "100"}, "missing_lines": [], "excluded_lines": [], "start_line": 1}}, "classes": {"": {"executed_lines": [3, 5, 6, 7, 8, 9, 11, 12, 13, 14, 15, 17, 20, 21, 56, 57, 85, 86], "summary": {"covered_lines": 18, "num_statements": 61, "percent_covered": 29.508196721311474, "percent_covered_display": "30", "missing_lines": 43, "excluded_lines": 0, "percent_statements_covered": 29.508196721311474, "percent_statements_covered_display": "30"}, "missing_lines": [28, 29, 30, 31, 32, 33, 34, 40, 41, 42, 43, 45, 48, 49, 52, 53, 62, 63, 64, 65, 66, 67, 68, 69, 70, 71, 72, 75, 76, 77, 78, 80, 81, 82, 87, 88, 89, 90, 91, 92, 93, 94, 95], "excluded_lines": [], "start_line": 1}}}, "app/api/v1/downloaders.py": {"executed_lines": [3, 4, 5, 6, 8, 9, 10, 11, 12, 13, 14, 15, 17, 20, 21, 26, 27, 28, 39, 40, 44, 45, 47, 48, 53, 54, 55, 61, 62, 67, 78, 79, 80, 81, 82, 96, 97, 103, 123, 124, 129, 143, 144, 145, 147], "summary": {"covered_lines": 45, "num_statements": 95, "percent_covered": 47.36842105263158, "percent_covered_display": "47", "missing_lines": 50, "excluded_lines": 0, "percent_statements_covered": 47.36842105263158, "percent_statements_covered_display": "47"}, "missing_lines": [29, 32, 33, 46, 49, 50, 56, 57, 58, 68, 69, 70, 71, 72, 73, 74, 75, 83, 84, 86, 91, 92, 93, 104, 105, 106, 107, 108, 109, 110, 116, 117, 130, 131, 132, 133, 134, 135, 136, 137, 148, 149, 151, 152, 154, 155, 156, 158, 159, 160], "excluded_lines": [], "functions": {"list_downloaders": {"executed_lines": [26, 27, 28], "summary": {"covered_lines": 3, "num_statements": 6, "percent_covered": 50.0, "percent_covered_display": "50", "missing_lines": 3, "excluded_lines": 0, "percent_statements_covered": 50.0, "percent_statements_covered_display": "50"}, "missing_lines": [29, 32, 33], "excluded_lines": [], "start_line": 21}, "create_downloader": {"executed_lines": [44, 45, 47, 48], "summary": {"covered_lines": 4, "num_statements": 7, "percent_covered": 57.142857142857146, "percent_covered_display": "57", "missing_lines": 3, "excluded_lines": 0, "percent_statements_covered": 57.142857142857146, "percent_statements_covered_display": "57"}, "missing_lines": [46, 49, 50], "excluded_lines": [], "start_line": 40}, "get_downloader": {"executed_lines": [55], "summary": {"covered_lines": 1, "num_statements": 4, "percent_covered": 25.0, "percent_covered_display": "25", "missing_lines": 3, "excluded_lines": 0, "percent_statements_covered": 25.0, "percent_statements_covered_display": "25"}, "missing_lines": [56, 57, 58], "excluded_lines": [], "start_line": 54}, "update_downloader": {"executed_lines": [67], "summary": {"covered_lines": 1, "num_statements": 9, "percent_covered": 11.11111111111111, "percent_covered_display": "11", "missing_lines": 8, "excluded_lines": 0, "percent_statements_covered": 11.11111111111111, "percent_statements_covered_display": "11"}, "missing_lines": [68, 69, 70, 71, 72, 73, 74, 75], "excluded_lines": [], "start_line": 62}, "delete_downloader": {"executed_lines": [80, 81, 82], "summary": {"covered_lines": 3, "num_statements": 9, "percent_covered": 33.333333333333336, "percent_covered_display": "33", "missing_lines": 6, "excluded_lines": 0, "percent_statements_covered": 33.333333333333336, "percent_statements_covered_display": "33"}, "missing_lines": [83, 84, 86, 91, 92, 93], "excluded_lines": [], "start_line": 79}, "list_downloader_tasks": {"executed_lines": [103], "summary": {"covered_lines": 1, "num_statements": 10, "percent_covered": 10.0, "percent_covered_display": "10", "missing_lines": 9, "excluded_lines": 0, "percent_statements_covered": 10.0, "percent_statements_covered_display": "10"}, "missing_lines": [104, 105, 106, 107, 108, 109, 110, 116, 117], "excluded_lines": [], "start_line": 97}, "list_downloader_live_torrents": {"executed_lines": [129], "summary": {"covered_lines": 1, "num_statements": 9, "percent_covered": 11.11111111111111, "percent_covered_display": "11", "missing_lines": 8, "excluded_lines": 0, "percent_statements_covered": 11.11111111111111, "percent_statements_covered_display": "11"}, "missing_lines": [130, 131, 132, 133, 134, 135, 136, 137], "excluded_lines": [], "start_line": 124}, "test_downloader": {"executed_lines": [145, 147], "summary": {"covered_lines": 2, "num_statements": 12, "percent_covered": 16.666666666666668, "percent_covered_display": "17", "missing_lines": 10, "excluded_lines": 0, "percent_statements_covered": 16.666666666666668, "percent_statements_covered_display": "17"}, "missing_lines": [148, 149, 151, 152, 154, 155, 156, 158, 159, 160], "excluded_lines": [], "start_line": 144}, "": {"executed_lines": [3, 4, 5, 6, 8, 9, 10, 11, 12, 13, 14, 15, 17, 20, 21, 39, 40, 53, 54, 61, 62, 78, 79, 96, 97, 123, 124, 143, 144], "summary": {"covered_lines": 29, "num_statements": 29, "percent_covered": 100.0, "percent_covered_display": "100", "missing_lines": 0, "excluded_lines": 0, "percent_statements_covered": 100.0, "percent_statements_covered_display": "100"}, "missing_lines": [], "excluded_lines": [], "start_line": 1}}, "classes": {"": {"executed_lines": [3, 4, 5, 6, 8, 9, 10, 11, 12, 13, 14, 15, 17, 20, 21, 26, 27, 28, 39, 40, 44, 45, 47, 48, 53, 54, 55, 61, 62, 67, 78, 79, 80, 81, 82, 96, 97, 103, 123, 124, 129, 143, 144, 145, 147], "summary": {"covered_lines": 45, "num_statements": 95, "percent_covered": 47.36842105263158, "percent_covered_display": "47", "missing_lines": 50, "excluded_lines": 0, "percent_statements_covered": 47.36842105263158, "percent_statements_covered_display": "47"}, "missing_lines": [29, 32, 33, 46, 49, 50, 56, 57, 58, 68, 69, 70, 71, 72, 73, 74, 75, 83, 84, 86, 91, 92, 93, 104, 105, 106, 107, 108, 109, 110, 116, 117, 130, 131, 132, 133, 134, 135, 136, 137, 148, 149, 151, 152, 154, 155, 156, 158, 159, 160], "excluded_lines": [], "start_line": 1}}}, "app/api/v1/movies.py": {"executed_lines": [3, 4, 5, 6, 8, 9, 10, 11, 13, 16, 17, 35, 36, 47, 48, 55, 56, 72, 73], "summary": {"covered_lines": 19, "num_statements": 61, "percent_covered": 31.147540983606557, "percent_covered_display": "31", "missing_lines": 42, "excluded_lines": 0, "percent_statements_covered": 31.147540983606557, "percent_statements_covered_display": "31"}, "missing_lines": [22, 23, 24, 25, 28, 29, 40, 41, 42, 43, 44, 49, 50, 51, 52, 61, 62, 63, 64, 65, 66, 67, 68, 69, 74, 75, 76, 77, 78, 79, 80, 81, 82, 83, 84, 85, 86, 87, 88, 89, 90, 91], "excluded_lines": [], "functions": {"list_movies": {"executed_lines": [], "summary": {"covered_lines": 0, "num_statements": 6, "percent_covered": 0.0, "percent_covered_display": "0", "missing_lines": 6, "excluded_lines": 0, "percent_statements_covered": 0.0, "percent_statements_covered_display": "0"}, "missing_lines": [22, 23, 24, 25, 28, 29], "excluded_lines": [], "start_line": 17}, "create_movie": {"executed_lines": [], "summary": {"covered_lines": 0, "num_statements": 5, "percent_covered": 0.0, "percent_covered_display": "0", "missing_lines": 5, "excluded_lines": 0, "percent_statements_covered": 0.0, "percent_statements_covered_display": "0"}, "missing_lines": [40, 41, 42, 43, 44], "excluded_lines": [], "start_line": 36}, "get_movie": {"executed_lines": [], "summary": {"covered_lines": 0, "num_statements": 4, "percent_covered": 0.0, "percent_covered_display": "0", "missing_lines": 4, "excluded_lines": 0, "percent_statements_covered": 0.0, "percent_statements_covered_display": "0"}, "missing_lines": [49, 50, 51, 52], "excluded_lines": [], "start_line": 48}, "update_movie": {"executed_lines": [], "summary": {"covered_lines": 0, "num_statements": 9, "percent_covered": 0.0, "percent_covered_display": "0", "missing_lines": 9, "excluded_lines": 0, "percent_statements_covered": 0.0, "percent_statements_covered_display": "0"}, "missing_lines": [61, 62, 63, 64, 65, 66, 67, 68, 69], "excluded_lines": [], "start_line": 56}, "delete_movie": {"executed_lines": [], "summary": {"covered_lines": 0, "num_statements": 18, "percent_covered": 0.0, "percent_covered_display": "0", "missing_lines": 18, "excluded_lines": 0, "percent_statements_covered": 0.0, "percent_statements_covered_display": "0"}, "missing_lines": [74, 75, 76, 77, 78, 79, 80, 81, 82, 83, 84, 85, 86, 87, 88, 89, 90, 91], "excluded_lines": [], "start_line": 73}, "": {"executed_lines": [3, 4, 5, 6, 8, 9, 10, 11, 13, 16, 17, 35, 36, 47, 48, 55, 56, 72, 73], "summary": {"covered_lines": 19, "num_statements": 19, "percent_covered": 100.0, "percent_covered_display": "100", "missing_lines": 0, "excluded_lines": 0, "percent_statements_covered": 100.0, "percent_statements_covered_display": "100"}, "missing_lines": [], "excluded_lines": [], "start_line": 1}}, "classes": {"": {"executed_lines": [3, 4, 5, 6, 8, 9, 10, 11, 13, 16, 17, 35, 36, 47, 48, 55, 56, 72, 73], "summary": {"covered_lines": 19, "num_statements": 61, "percent_covered": 31.147540983606557, "percent_covered_display": "31", "missing_lines": 42, "excluded_lines": 0, "percent_statements_covered": 31.147540983606557, "percent_statements_covered_display": "31"}, "missing_lines": [22, 23, 24, 25, 28, 29, 40, 41, 42, 43, 44, 49, 50, 51, 52, 61, 62, 63, 64, 65, 66, 67, 68, 69, 74, 75, 76, 77, 78, 79, 80, 81, 82, 83, 84, 85, 86, 87, 88, 89, 90, 91], "excluded_lines": [], "start_line": 1}}}, "app/api/v1/resources.py": {"executed_lines": [3, 5, 6, 7, 8, 9, 11, 12, 13, 14, 15, 16, 23, 24, 29, 31, 34, 35, 42, 112, 113, 126, 127, 167, 168, 187, 188], "summary": {"covered_lines": 27, "num_statements": 111, "percent_covered": 24.324324324324323, "percent_covered_display": "24", "missing_lines": 84, "excluded_lines": 0, "percent_statements_covered": 24.324324324324323, "percent_statements_covered_display": "24"}, "missing_lines": [43, 44, 48, 49, 50, 52, 53, 57, 58, 59, 60, 61, 62, 63, 64, 65, 67, 68, 69, 71, 72, 73, 74, 79, 80, 81, 82, 83, 90, 91, 97, 99, 100, 105, 106, 114, 118, 119, 123, 128, 132, 133, 138, 139, 140, 141, 142, 143, 144, 149, 150, 151, 152, 153, 154, 155, 156, 158, 171, 172, 173, 177, 178, 179, 180, 184, 191, 192, 193, 197, 198, 199, 200, 201, 202, 203, 209, 210, 211, 212, 213, 214, 216, 217], "excluded_lines": [], "functions": {"list_resources": {"executed_lines": [42], "summary": {"covered_lines": 1, "num_statements": 36, "percent_covered": 2.7777777777777777, "percent_covered_display": "3", "missing_lines": 35, "excluded_lines": 0, "percent_statements_covered": 2.7777777777777777, "percent_statements_covered_display": "3"}, "missing_lines": [43, 44, 48, 49, 50, 52, 53, 57, 58, 59, 60, 61, 62, 63, 64, 65, 67, 68, 69, 71, 72, 73, 74, 79, 80, 81, 82, 83, 90, 91, 97, 99, 100, 105, 106], "excluded_lines": [], "start_line": 35}, "get_resource": {"executed_lines": [], "summary": {"covered_lines": 0, "num_statements": 4, "percent_covered": 0.0, "percent_covered_display": "0", "missing_lines": 4, "excluded_lines": 0, "percent_statements_covered": 0.0, "percent_statements_covered_display": "0"}, "missing_lines": [114, 118, 119, 123], "excluded_lines": [], "start_line": 113}, "get_resource_metadata": {"executed_lines": [], "summary": {"covered_lines": 0, "num_statements": 19, "percent_covered": 0.0, "percent_covered_display": "0", "missing_lines": 19, "excluded_lines": 0, "percent_statements_covered": 0.0, "percent_statements_covered_display": "0"}, "missing_lines": [128, 132, 133, 138, 139, 140, 141, 142, 143, 144, 149, 150, 151, 152, 153, 154, 155, 156, 158], "excluded_lines": [], "start_line": 127}, "search_metadata": {"executed_lines": [], "summary": {"covered_lines": 0, "num_statements": 8, "percent_covered": 0.0, "percent_covered_display": "0", "missing_lines": 8, "excluded_lines": 0, "percent_statements_covered": 0.0, "percent_statements_covered_display": "0"}, "missing_lines": [171, 172, 173, 177, 178, 179, 180, 184], "excluded_lines": [], "start_line": 168}, "link_metadata": {"executed_lines": [], "summary": {"covered_lines": 0, "num_statements": 18, "percent_covered": 0.0, "percent_covered_display": "0", "missing_lines": 18, "excluded_lines": 0, "percent_statements_covered": 0.0, "percent_statements_covered_display": "0"}, "missing_lines": [191, 192, 193, 197, 198, 199, 200, 201, 202, 203, 209, 210, 211, 212, 213, 214, 216, 217], "excluded_lines": [], "start_line": 188}, "": {"executed_lines": [3, 5, 6, 7, 8, 9, 11, 12, 13, 14, 15, 16, 23, 24, 29, 31, 34, 35, 112, 113, 126, 127, 167, 168, 187, 188], "summary": {"covered_lines": 26, "num_statements": 26, "percent_covered": 100.0, "percent_covered_display": "100", "missing_lines": 0, "excluded_lines": 0, "percent_statements_covered": 100.0, "percent_statements_covered_display": "100"}, "missing_lines": [], "excluded_lines": [], "start_line": 1}}, "classes": {"": {"executed_lines": [3, 5, 6, 7, 8, 9, 11, 12, 13, 14, 15, 16, 23, 24, 29, 31, 34, 35, 42, 112, 113, 126, 127, 167, 168, 187, 188], "summary": {"covered_lines": 27, "num_statements": 111, "percent_covered": 24.324324324324323, "percent_covered_display": "24", "missing_lines": 84, "excluded_lines": 0, "percent_statements_covered": 24.324324324324323, "percent_statements_covered_display": "24"}, "missing_lines": [43, 44, 48, 49, 50, 52, 53, 57, 58, 59, 60, 61, 62, 63, 64, 65, 67, 68, 69, 71, 72, 73, 74, 79, 80, 81, 82, 83, 90, 91, 97, 99, 100, 105, 106, 114, 118, 119, 123, 128, 132, 133, 138, 139, 140, 141, 142, 143, 144, 149, 150, 151, 152, 153, 154, 155, 156, 158, 171, 172, 173, 177, 178, 179, 180, 184, 191, 192, 193, 197, 198, 199, 200, 201, 202, 203, 209, 210, 211, 212, 213, 214, 216, 217], "excluded_lines": [], "start_line": 1}}}, "app/api/v1/series.py": {"executed_lines": [3, 4, 5, 6, 8, 9, 10, 11, 13, 16, 17, 28, 35, 36, 40, 41, 42, 47, 48, 55, 56, 72, 73], "summary": {"covered_lines": 23, "num_statements": 60, "percent_covered": 38.333333333333336, "percent_covered_display": "38", "missing_lines": 37, "excluded_lines": 0, "percent_statements_covered": 38.333333333333336, "percent_statements_covered_display": "38"}, "missing_lines": [22, 23, 24, 25, 29, 43, 44, 49, 50, 51, 52, 61, 62, 63, 64, 65, 66, 67, 68, 69, 74, 75, 76, 77, 78, 79, 80, 81, 83, 84, 85, 87, 88, 89, 90, 91, 92], "excluded_lines": [], "functions": {"list_series": {"executed_lines": [28], "summary": {"covered_lines": 1, "num_statements": 6, "percent_covered": 16.666666666666668, "percent_covered_display": "17", "missing_lines": 5, "excluded_lines": 0, "percent_statements_covered": 16.666666666666668, "percent_statements_covered_display": "17"}, "missing_lines": [22, 23, 24, 25, 29], "excluded_lines": [], "start_line": 17}, "create_series": {"executed_lines": [40, 41, 42], "summary": {"covered_lines": 3, "num_statements": 5, "percent_covered": 60.0, "percent_covered_display": "60", "missing_lines": 2, "excluded_lines": 0, "percent_statements_covered": 60.0, "percent_statements_covered_display": "60"}, "missing_lines": [43, 44], "excluded_lines": [], "start_line": 36}, "get_series": {"executed_lines": [], "summary": {"covered_lines": 0, "num_statements": 4, "percent_covered": 0.0, "percent_covered_display": "0", "missing_lines": 4, "excluded_lines": 0, "percent_statements_covered": 0.0, "percent_statements_covered_display": "0"}, "missing_lines": [49, 50, 51, 52], "excluded_lines": [], "start_line": 48}, "update_series": {"executed_lines": [], "summary": {"covered_lines": 0, "num_statements": 9, "percent_covered": 0.0, "percent_covered_display": "0", "missing_lines": 9, "excluded_lines": 0, "percent_statements_covered": 0.0, "percent_statements_covered_display": "0"}, "missing_lines": [61, 62, 63, 64, 65, 66, 67, 68, 69], "excluded_lines": [], "start_line": 56}, "delete_series": {"executed_lines": [], "summary": {"covered_lines": 0, "num_statements": 17, "percent_covered": 0.0, "percent_covered_display": "0", "missing_lines": 17, "excluded_lines": 0, "percent_statements_covered": 0.0, "percent_statements_covered_display": "0"}, "missing_lines": [74, 75, 76, 77, 78, 79, 80, 81, 83, 84, 85, 87, 88, 89, 90, 91, 92], "excluded_lines": [], "start_line": 73}, "": {"executed_lines": [3, 4, 5, 6, 8, 9, 10, 11, 13, 16, 17, 35, 36, 47, 48, 55, 56, 72, 73], "summary": {"covered_lines": 19, "num_statements": 19, "percent_covered": 100.0, "percent_covered_display": "100", "missing_lines": 0, "excluded_lines": 0, "percent_statements_covered": 100.0, "percent_statements_covered_display": "100"}, "missing_lines": [], "excluded_lines": [], "start_line": 1}}, "classes": {"": {"executed_lines": [3, 4, 5, 6, 8, 9, 10, 11, 13, 16, 17, 28, 35, 36, 40, 41, 42, 47, 48, 55, 56, 72, 73], "summary": {"covered_lines": 23, "num_statements": 60, "percent_covered": 38.333333333333336, "percent_covered_display": "38", "missing_lines": 37, "excluded_lines": 0, "percent_statements_covered": 38.333333333333336, "percent_statements_covered_display": "38"}, "missing_lines": [22, 23, 24, 25, 29, 43, 44, 49, 50, 51, 52, 61, 62, 63, 64, 65, 66, 67, 68, 69, 74, 75, 76, 77, 78, 79, 80, 81, 83, 84, 85, 87, 88, 89, 90, 91, 92], "excluded_lines": [], "start_line": 1}}}, "app/api/v1/tasks.py": {"executed_lines": [3, 4, 5, 6, 7, 9, 10, 11, 12, 14, 17, 28, 53, 54, 61, 62, 63, 64, 65, 79, 80, 81, 90, 91, 92, 103, 104, 105, 116, 117, 118, 127, 128, 133], "summary": {"covered_lines": 34, "num_statements": 101, "percent_covered": 33.663366336633665, "percent_covered_display": "34", "missing_lines": 67, "excluded_lines": 0, "percent_statements_covered": 33.663366336633665, "percent_statements_covered_display": "34"}, "missing_lines": [19, 20, 21, 22, 23, 24, 25, 26, 27, 29, 30, 31, 32, 33, 34, 36, 37, 38, 39, 40, 41, 42, 43, 44, 45, 46, 47, 48, 49, 50, 66, 67, 72, 73, 85, 86, 87, 93, 94, 95, 96, 97, 98, 99, 100, 106, 107, 108, 109, 110, 111, 112, 113, 119, 120, 121, 122, 123, 124, 134, 135, 136, 137, 138, 139, 140, 141], "excluded_lines": [], "functions": {"_apply_torrent_action": {"executed_lines": [28], "summary": {"covered_lines": 1, "num_statements": 31, "percent_covered": 3.225806451612903, "percent_covered_display": "3", "missing_lines": 30, "excluded_lines": 0, "percent_statements_covered": 3.225806451612903, "percent_statements_covered_display": "3"}, "missing_lines": [19, 20, 21, 22, 23, 24, 25, 26, 27, 29, 30, 31, 32, 33, 34, 36, 37, 38, 39, 40, 41, 42, 43, 44, 45, 46, 47, 48, 49, 50], "excluded_lines": [], "start_line": 17}, "list_agent_tasks": {"executed_lines": [61, 62, 63, 64, 65], "summary": {"covered_lines": 5, "num_statements": 9, "percent_covered": 55.55555555555556, "percent_covered_display": "56", "missing_lines": 4, "excluded_lines": 0, "percent_statements_covered": 55.55555555555556, "percent_statements_covered_display": "56"}, "missing_lines": [66, 67, 72, 73], "excluded_lines": [], "start_line": 54}, "get_task": {"executed_lines": [81], "summary": {"covered_lines": 1, "num_statements": 4, "percent_covered": 25.0, "percent_covered_display": "25", "missing_lines": 3, "excluded_lines": 0, "percent_statements_covered": 25.0, "percent_statements_covered_display": "25"}, "missing_lines": [85, 86, 87], "excluded_lines": [], "start_line": 80}, "pause_task": {"executed_lines": [92], "summary": {"covered_lines": 1, "num_statements": 9, "percent_covered": 11.11111111111111, "percent_covered_display": "11", "missing_lines": 8, "excluded_lines": 0, "percent_statements_covered": 11.11111111111111, "percent_statements_covered_display": "11"}, "missing_lines": [93, 94, 95, 96, 97, 98, 99, 100], "excluded_lines": [], "start_line": 91}, "resume_task": {"executed_lines": [105], "summary": {"covered_lines": 1, "num_statements": 9, "percent_covered": 11.11111111111111, "percent_covered_display": "11", "missing_lines": 8, "excluded_lines": 0, "percent_statements_covered": 11.11111111111111, "percent_statements_covered_display": "11"}, "missing_lines": [106, 107, 108, 109, 110, 111, 112, 113], "excluded_lines": [], "start_line": 104}, "retry_task": {"executed_lines": [118], "summary": {"covered_lines": 1, "num_statements": 7, "percent_covered": 14.285714285714286, "percent_covered_display": "14", "missing_lines": 6, "excluded_lines": 0, "percent_statements_covered": 14.285714285714286, "percent_statements_covered_display": "14"}, "missing_lines": [119, 120, 121, 122, 123, 124], "excluded_lines": [], "start_line": 117}, "delete_task": {"executed_lines": [133], "summary": {"covered_lines": 1, "num_statements": 9, "percent_covered": 11.11111111111111, "percent_covered_display": "11", "missing_lines": 8, "excluded_lines": 0, "percent_statements_covered": 11.11111111111111, "percent_statements_covered_display": "11"}, "missing_lines": [134, 135, 136, 137, 138, 139, 140, 141], "excluded_lines": [], "start_line": 128}, "": {"executed_lines": [3, 4, 5, 6, 7, 9, 10, 11, 12, 14, 17, 53, 54, 79, 80, 90, 91, 103, 104, 116, 117, 127, 128], "summary": {"covered_lines": 23, "num_statements": 23, "percent_covered": 100.0, "percent_covered_display": "100", "missing_lines": 0, "excluded_lines": 0, "percent_statements_covered": 100.0, "percent_statements_covered_display": "100"}, "missing_lines": [], "excluded_lines": [], "start_line": 1}}, "classes": {"": {"executed_lines": [3, 4, 5, 6, 7, 9, 10, 11, 12, 14, 17, 28, 53, 54, 61, 62, 63, 64, 65, 79, 80, 81, 90, 91, 92, 103, 104, 105, 116, 117, 118, 127, 128, 133], "summary": {"covered_lines": 34, "num_statements": 101, "percent_covered": 33.663366336633665, "percent_covered_display": "34", "missing_lines": 67, "excluded_lines": 0, "percent_statements_covered": 33.663366336633665, "percent_statements_covered_display": "34"}, "missing_lines": [19, 20, 21, 22, 23, 24, 25, 26, 27, 29, 30, 31, 32, 33, 34, 36, 37, 38, 39, 40, 41, 42, 43, 44, 45, 46, 47, 48, 49, 50, 66, 67, 72, 73, 85, 86, 87, 93, 94, 95, 96, 97, 98, 99, 100, 106, 107, 108, 109, 110, 111, 112, 113, 119, 120, 121, 122, 123, 124, 134, 135, 136, 137, 138, 139, 140, 141], "excluded_lines": [], "start_line": 1}}}, "app/clients/__init__.py": {"executed_lines": [], "summary": {"covered_lines": 0, "num_statements": 0, "percent_covered": 100.0, "percent_covered_display": "100", "missing_lines": 0, "excluded_lines": 0, "percent_statements_covered": 100.0, "percent_statements_covered_display": "100"}, "missing_lines": [], "excluded_lines": [], "functions": {"": {"executed_lines": [], "summary": {"covered_lines": 0, "num_statements": 0, "percent_covered": 100.0, "percent_covered_display": "100", "missing_lines": 0, "excluded_lines": 0, "percent_statements_covered": 100.0, "percent_statements_covered_display": "100"}, "missing_lines": [], "excluded_lines": [], "start_line": 1}}, "classes": {"": {"executed_lines": [], "summary": {"covered_lines": 0, "num_statements": 0, "percent_covered": 100.0, "percent_covered_display": "100", "missing_lines": 0, "excluded_lines": 0, "percent_statements_covered": 100.0, "percent_statements_covered_display": "100"}, "missing_lines": [], "excluded_lines": [], "start_line": 1}}}, "app/clients/rss_parser.py": {"executed_lines": [9, 10, 11, 13, 14, 17, 20, 22, 23, 24, 25, 26, 27, 28, 29, 32, 34, 37, 49, 50, 53, 54, 55, 56, 57, 58, 59, 68, 69, 73, 74, 75, 76, 80, 81, 83, 86, 107, 110, 116, 117, 121, 152, 159, 160, 161, 162, 163, 171, 174, 190, 204, 205, 209, 210, 211], "summary": {"covered_lines": 56, "num_statements": 105, "percent_covered": 53.333333333333336, "percent_covered_display": "53", "missing_lines": 49, "excluded_lines": 0, "percent_statements_covered": 53.333333333333336, "percent_statements_covered_display": "53"}, "missing_lines": [60, 61, 62, 63, 65, 70, 77, 89, 90, 91, 92, 93, 94, 95, 98, 99, 100, 101, 102, 104, 111, 112, 113, 114, 118, 132, 133, 135, 136, 138, 149, 164, 165, 170, 186, 187, 206, 207, 213, 214, 215, 218, 219, 220, 221, 222, 224, 225, 229], "excluded_lines": [], "functions": {"_parse_feed_sync": {"executed_lines": [34], "summary": {"covered_lines": 1, "num_statements": 1, "percent_covered": 100.0, "percent_covered_display": "100", "missing_lines": 0, "excluded_lines": 0, "percent_statements_covered": 100.0, "percent_statements_covered_display": "100"}, "missing_lines": [], "excluded_lines": [], "start_line": 32}, "_extract_download_urls": {"executed_lines": [49, 50, 53, 54, 55, 56, 57, 58, 59, 68, 69, 73, 74, 75, 76, 80, 81, 83], "summary": {"covered_lines": 18, "num_statements": 25, "percent_covered": 72.0, "percent_covered_display": "72", "missing_lines": 7, "excluded_lines": 0, "percent_statements_covered": 72.0, "percent_statements_covered_display": "72"}, "missing_lines": [60, 61, 62, 63, 65, 70, 77], "excluded_lines": [], "start_line": 37}, "_extract_content_length": {"executed_lines": [], "summary": {"covered_lines": 0, "num_statements": 13, "percent_covered": 0.0, "percent_covered_display": "0", "missing_lines": 13, "excluded_lines": 0, "percent_statements_covered": 0.0, "percent_statements_covered_display": "0"}, "missing_lines": [89, 90, 91, 92, 93, 94, 95, 98, 99, 100, 101, 102, 104], "excluded_lines": [], "start_line": 86}, "_extract_published_at": {"executed_lines": [110, 116, 117], "summary": {"covered_lines": 3, "num_statements": 8, "percent_covered": 37.5, "percent_covered_display": "38", "missing_lines": 5, "excluded_lines": 0, "percent_statements_covered": 37.5, "percent_statements_covered_display": "38"}, "missing_lines": [111, 112, 113, 114, 118], "excluded_lines": [], "start_line": 107}, "parse_rss_feed": {"executed_lines": [], "summary": {"covered_lines": 0, "num_statements": 6, "percent_covered": 0.0, "percent_covered_display": "0", "missing_lines": 6, "excluded_lines": 0, "percent_statements_covered": 0.0, "percent_statements_covered_display": "0"}, "missing_lines": [132, 133, 135, 136, 138, 149], "excluded_lines": [], "start_line": 121}, "_entry_to_dict": {"executed_lines": [159, 160, 161, 162, 163, 171], "summary": {"covered_lines": 6, "num_statements": 9, "percent_covered": 66.66666666666667, "percent_covered_display": "67", "missing_lines": 3, "excluded_lines": 0, "percent_statements_covered": 66.66666666666667, "percent_statements_covered_display": "67"}, "missing_lines": [164, 165, 170], "excluded_lines": [], "start_line": 152}, "get_raw_entries": {"executed_lines": [], "summary": {"covered_lines": 0, "num_statements": 2, "percent_covered": 0.0, "percent_covered_display": "0", "missing_lines": 2, "excluded_lines": 0, "percent_statements_covered": 0.0, "percent_statements_covered_display": "0"}, "missing_lines": [186, 187], "excluded_lines": [], "start_line": 174}, "validate_rss_url": {"executed_lines": [204, 205, 209, 210, 211], "summary": {"covered_lines": 5, "num_statements": 18, "percent_covered": 27.77777777777778, "percent_covered_display": "28", "missing_lines": 13, "excluded_lines": 0, "percent_statements_covered": 27.77777777777778, "percent_statements_covered_display": "28"}, "missing_lines": [206, 207, 213, 214, 215, 218, 219, 220, 221, 222, 224, 225, 229], "excluded_lines": [], "start_line": 190}, "": {"executed_lines": [9, 10, 11, 13, 14, 17, 20, 22, 23, 24, 25, 26, 27, 28, 29, 32, 37, 86, 107, 121, 152, 174, 190], "summary": {"covered_lines": 23, "num_statements": 23, "percent_covered": 100.0, "percent_covered_display": "100", "missing_lines": 0, "excluded_lines": 0, "percent_statements_covered": 100.0, "percent_statements_covered_display": "100"}, "missing_lines": [], "excluded_lines": [], "start_line": 1}}, "classes": {"RawRSSItem": {"executed_lines": [], "summary": {"covered_lines": 0, "num_statements": 0, "percent_covered": 100.0, "percent_covered_display": "100", "missing_lines": 0, "excluded_lines": 0, "percent_statements_covered": 100.0, "percent_statements_covered_display": "100"}, "missing_lines": [], "excluded_lines": [], "start_line": 20}, "": {"executed_lines": [9, 10, 11, 13, 14, 17, 20, 22, 23, 24, 25, 26, 27, 28, 29, 32, 34, 37, 49, 50, 53, 54, 55, 56, 57, 58, 59, 68, 69, 73, 74, 75, 76, 80, 81, 83, 86, 107, 110, 116, 117, 121, 152, 159, 160, 161, 162, 163, 171, 174, 190, 204, 205, 209, 210, 211], "summary": {"covered_lines": 56, "num_statements": 105, "percent_covered": 53.333333333333336, "percent_covered_display": "53", "missing_lines": 49, "excluded_lines": 0, "percent_statements_covered": 53.333333333333336, "percent_statements_covered_display": "53"}, "missing_lines": [60, 61, 62, 63, 65, 70, 77, 89, 90, 91, 92, 93, 94, 95, 98, 99, 100, 101, 102, 104, 111, 112, 113, 114, 118, 132, 133, 135, 136, 138, 149, 164, 165, 170, 186, 187, 206, 207, 213, 214, 215, 218, 219, 220, 221, 222, 224, 225, 229], "excluded_lines": [], "start_line": 1}}}, "app/clients/transmission.py": {"executed_lines": [3, 4, 5, 7, 10, 30, 32, 33, 41, 43, 44, 45, 46, 47, 48, 51, 52, 56, 57, 58, 62, 63, 64, 68, 70, 71, 73, 75, 77, 78, 82, 103, 110, 117, 121, 123, 124, 125, 127, 128, 134, 136, 137, 138, 139, 140, 141, 142, 143, 144, 146, 148, 149, 150, 151, 152, 154, 161, 162, 163, 164, 165, 166, 167, 172, 174, 184, 185, 186, 187, 188, 189, 190, 191, 193, 194, 195, 196, 197, 198, 199, 200, 202, 203, 204, 205, 206, 207, 208, 209], "summary": {"covered_lines": 90, "num_statements": 112, "percent_covered": 80.35714285714286, "percent_covered_display": "80", "missing_lines": 22, "excluded_lines": 0, "percent_statements_covered": 80.35714285714286, "percent_statements_covered_display": "80"}, "missing_lines": [50, 53, 54, 59, 60, 65, 66, 72, 74, 76, 80, 118, 119, 120, 122, 176, 177, 178, 179, 180, 181, 182], "excluded_lines": [], "functions": {"_parse_url": {"executed_lines": [32, 33], "summary": {"covered_lines": 2, "num_statements": 2, "percent_covered": 100.0, "percent_covered_display": "100", "missing_lines": 0, "excluded_lines": 0, "percent_statements_covered": 100.0, "percent_statements_covered_display": "100"}, "missing_lines": [], "excluded_lines": [], "start_line": 30}, "_torrent_to_dict": {"executed_lines": [43, 44, 45, 46, 47, 48, 51, 52, 56, 57, 58, 62, 63, 64, 68, 70, 71, 73, 75, 77, 78, 82], "summary": {"covered_lines": 22, "num_statements": 33, "percent_covered": 66.66666666666667, "percent_covered_display": "67", "missing_lines": 11, "excluded_lines": 0, "percent_statements_covered": 66.66666666666667, "percent_statements_covered_display": "67"}, "missing_lines": [50, 53, 54, 59, 60, 65, 66, 72, 74, 76, 80], "excluded_lines": [], "start_line": 41}, "TransmissionWrapper.__init__": {"executed_lines": [117, 121, 123, 124, 125], "summary": {"covered_lines": 5, "num_statements": 9, "percent_covered": 55.55555555555556, "percent_covered_display": "56", "missing_lines": 4, "excluded_lines": 0, "percent_statements_covered": 55.55555555555556, "percent_statements_covered_display": "56"}, "missing_lines": [118, 119, 120, 122], "excluded_lines": [], "start_line": 110}, "TransmissionWrapper._client": {"executed_lines": [128], "summary": {"covered_lines": 1, "num_statements": 1, "percent_covered": 100.0, "percent_covered_display": "100", "missing_lines": 0, "excluded_lines": 0, "percent_statements_covered": 100.0, "percent_statements_covered_display": "100"}, "missing_lines": [], "excluded_lines": [], "start_line": 127}, "TransmissionWrapper.test_connection": {"executed_lines": [136, 140, 141, 142, 143, 144], "summary": {"covered_lines": 6, "num_statements": 6, "percent_covered": 100.0, "percent_covered_display": "100", "missing_lines": 0, "excluded_lines": 0, "percent_statements_covered": 100.0, "percent_statements_covered_display": "100"}, "missing_lines": [], "excluded_lines": [], "start_line": 134}, "TransmissionWrapper.test_connection._run": {"executed_lines": [137, 138, 139], "summary": {"covered_lines": 3, "num_statements": 3, "percent_covered": 100.0, "percent_covered_display": "100", "missing_lines": 0, "excluded_lines": 0, "percent_statements_covered": 100.0, "percent_statements_covered_display": "100"}, "missing_lines": [], "excluded_lines": [], "start_line": 136}, "TransmissionWrapper.list_torrents": {"executed_lines": [148, 152], "summary": {"covered_lines": 2, "num_statements": 2, "percent_covered": 100.0, "percent_covered_display": "100", "missing_lines": 0, "excluded_lines": 0, "percent_statements_covered": 100.0, "percent_statements_covered_display": "100"}, "missing_lines": [], "excluded_lines": [], "start_line": 146}, "TransmissionWrapper.list_torrents._run": {"executed_lines": [149, 150, 151], "summary": {"covered_lines": 3, "num_statements": 3, "percent_covered": 100.0, "percent_covered_display": "100", "missing_lines": 0, "excluded_lines": 0, "percent_statements_covered": 100.0, "percent_statements_covered_display": "100"}, "missing_lines": [], "excluded_lines": [], "start_line": 148}, "TransmissionWrapper.add_torrent": {"executed_lines": [161, 172], "summary": {"covered_lines": 2, "num_statements": 2, "percent_covered": 100.0, "percent_covered_display": "100", "missing_lines": 0, "excluded_lines": 0, "percent_statements_covered": 100.0, "percent_statements_covered_display": "100"}, "missing_lines": [], "excluded_lines": [], "start_line": 154}, "TransmissionWrapper.add_torrent._run": {"executed_lines": [162, 163, 164, 165, 166, 167], "summary": {"covered_lines": 6, "num_statements": 6, "percent_covered": 100.0, "percent_covered_display": "100", "missing_lines": 0, "excluded_lines": 0, "percent_statements_covered": 100.0, "percent_statements_covered_display": "100"}, "missing_lines": [], "excluded_lines": [], "start_line": 161}, "TransmissionWrapper.get_torrent": {"executed_lines": [], "summary": {"covered_lines": 0, "num_statements": 2, "percent_covered": 0.0, "percent_covered_display": "0", "missing_lines": 2, "excluded_lines": 0, "percent_statements_covered": 0.0, "percent_statements_covered_display": "0"}, "missing_lines": [176, 182], "excluded_lines": [], "start_line": 174}, "TransmissionWrapper.get_torrent._run": {"executed_lines": [], "summary": {"covered_lines": 0, "num_statements": 5, "percent_covered": 0.0, "percent_covered_display": "0", "missing_lines": 5, "excluded_lines": 0, "percent_statements_covered": 0.0, "percent_statements_covered_display": "0"}, "missing_lines": [177, 178, 179, 180, 181], "excluded_lines": [], "start_line": 176}, "TransmissionWrapper.pause_torrent": {"executed_lines": [185, 187, 188, 189, 190, 191], "summary": {"covered_lines": 6, "num_statements": 6, "percent_covered": 100.0, "percent_covered_display": "100", "missing_lines": 0, "excluded_lines": 0, "percent_statements_covered": 100.0, "percent_statements_covered_display": "100"}, "missing_lines": [], "excluded_lines": [], "start_line": 184}, "TransmissionWrapper.pause_torrent._run": {"executed_lines": [186], "summary": {"covered_lines": 1, "num_statements": 1, "percent_covered": 100.0, "percent_covered_display": "100", "missing_lines": 0, "excluded_lines": 0, "percent_statements_covered": 100.0, "percent_statements_covered_display": "100"}, "missing_lines": [], "excluded_lines": [], "start_line": 185}, "TransmissionWrapper.resume_torrent": {"executed_lines": [194, 196, 197, 198, 199, 200], "summary": {"covered_lines": 6, "num_statements": 6, "percent_covered": 100.0, "percent_covered_display": "100", "missing_lines": 0, "excluded_lines": 0, "percent_statements_covered": 100.0, "percent_statements_covered_display": "100"}, "missing_lines": [], "excluded_lines": [], "start_line": 193}, "TransmissionWrapper.resume_torrent._run": {"executed_lines": [195], "summary": {"covered_lines": 1, "num_statements": 1, "percent_covered": 100.0, "percent_covered_display": "100", "missing_lines": 0, "excluded_lines": 0, "percent_statements_covered": 100.0, "percent_statements_covered_display": "100"}, "missing_lines": [], "excluded_lines": [], "start_line": 194}, "TransmissionWrapper.remove_torrent": {"executed_lines": [203, 205, 206, 207, 208, 209], "summary": {"covered_lines": 6, "num_statements": 6, "percent_covered": 100.0, "percent_covered_display": "100", "missing_lines": 0, "excluded_lines": 0, "percent_statements_covered": 100.0, "percent_statements_covered_display": "100"}, "missing_lines": [], "excluded_lines": [], "start_line": 202}, "TransmissionWrapper.remove_torrent._run": {"executed_lines": [204], "summary": {"covered_lines": 1, "num_statements": 1, "percent_covered": 100.0, "percent_covered_display": "100", "missing_lines": 0, "excluded_lines": 0, "percent_statements_covered": 100.0, "percent_statements_covered_display": "100"}, "missing_lines": [], "excluded_lines": [], "start_line": 203}, "": {"executed_lines": [3, 4, 5, 7, 10, 30, 41, 103, 110, 127, 134, 146, 154, 174, 184, 193, 202], "summary": {"covered_lines": 17, "num_statements": 17, "percent_covered": 100.0, "percent_covered_display": "100", "missing_lines": 0, "excluded_lines": 0, "percent_statements_covered": 100.0, "percent_statements_covered_display": "100"}, "missing_lines": [], "excluded_lines": [], "start_line": 1}}, "classes": {"TransmissionWrapper": {"executed_lines": [117, 121, 123, 124, 125, 128, 136, 137, 138, 139, 140, 141, 142, 143, 144, 148, 149, 150, 151, 152, 161, 162, 163, 164, 165, 166, 167, 172, 185, 186, 187, 188, 189, 190, 191, 194, 195, 196, 197, 198, 199, 200, 203, 204, 205, 206, 207, 208, 209], "summary": {"covered_lines": 49, "num_statements": 60, "percent_covered": 81.66666666666667, "percent_covered_display": "82", "missing_lines": 11, "excluded_lines": 0, "percent_statements_covered": 81.66666666666667, "percent_statements_covered_display": "82"}, "missing_lines": [118, 119, 120, 122, 176, 177, 178, 179, 180, 181, 182], "excluded_lines": [], "start_line": 103}, "": {"executed_lines": [3, 4, 5, 7, 10, 30, 32, 33, 41, 43, 44, 45, 46, 47, 48, 51, 52, 56, 57, 58, 62, 63, 64, 68, 70, 71, 73, 75, 77, 78, 82, 103, 110, 127, 134, 146, 154, 174, 184, 193, 202], "summary": {"covered_lines": 41, "num_statements": 52, "percent_covered": 78.84615384615384, "percent_covered_display": "79", "missing_lines": 11, "excluded_lines": 0, "percent_statements_covered": 78.84615384615384, "percent_statements_covered_display": "79"}, "missing_lines": [50, 53, 54, 59, 60, 65, 66, 72, 74, 76, 80], "excluded_lines": [], "start_line": 1}}}, "app/config.py": {"executed_lines": [3, 6, 10, 13, 16, 17, 18, 19, 23, 28, 31, 32, 35, 36, 37, 38, 41, 42, 45, 47, 50], "summary": {"covered_lines": 21, "num_statements": 21, "percent_covered": 100.0, "percent_covered_display": "100", "missing_lines": 0, "excluded_lines": 0, "percent_statements_covered": 100.0, "percent_statements_covered_display": "100"}, "missing_lines": [], "excluded_lines": [], "functions": {"": {"executed_lines": [3, 6, 10, 13, 16, 17, 18, 19, 23, 28, 31, 32, 35, 36, 37, 38, 41, 42, 45, 47, 50], "summary": {"covered_lines": 21, "num_statements": 21, "percent_covered": 100.0, "percent_covered_display": "100", "missing_lines": 0, "excluded_lines": 0, "percent_statements_covered": 100.0, "percent_statements_covered_display": "100"}, "missing_lines": [], "excluded_lines": [], "start_line": 1}}, "classes": {"Settings": {"executed_lines": [], "summary": {"covered_lines": 0, "num_statements": 0, "percent_covered": 100.0, "percent_covered_display": "100", "missing_lines": 0, "excluded_lines": 0, "percent_statements_covered": 100.0, "percent_statements_covered_display": "100"}, "missing_lines": [], "excluded_lines": [], "start_line": 6}, "": {"executed_lines": [3, 6, 10, 13, 16, 17, 18, 19, 23, 28, 31, 32, 35, 36, 37, 38, 41, 42, 45, 47, 50], "summary": {"covered_lines": 21, "num_statements": 21, "percent_covered": 100.0, "percent_covered_display": "100", "missing_lines": 0, "excluded_lines": 0, "percent_statements_covered": 100.0, "percent_statements_covered_display": "100"}, "missing_lines": [], "excluded_lines": [], "start_line": 1}}}, "app/database.py": {"executed_lines": [3, 5, 6, 7, 9, 12, 14, 15, 19, 21, 24, 25, 26, 27, 31, 36, 38, 45, 47, 50, 61], "summary": {"covered_lines": 21, "num_statements": 35, "percent_covered": 60.0, "percent_covered_display": "60", "missing_lines": 14, "excluded_lines": 0, "percent_statements_covered": 60.0, "percent_statements_covered_display": "60"}, "missing_lines": [16, 22, 28, 52, 53, 54, 55, 56, 57, 58, 63, 64, 67, 68], "excluded_lines": [], "functions": {"_engine_connect_args": {"executed_lines": [14, 15], "summary": {"covered_lines": 2, "num_statements": 3, "percent_covered": 66.66666666666667, "percent_covered_display": "67", "missing_lines": 1, "excluded_lines": 0, "percent_statements_covered": 66.66666666666667, "percent_statements_covered_display": "67"}, "missing_lines": [16], "excluded_lines": [], "start_line": 12}, "enable_sqlite_fk": {"executed_lines": [21, 24, 25], "summary": {"covered_lines": 3, "num_statements": 4, "percent_covered": 75.0, "percent_covered_display": "75", "missing_lines": 1, "excluded_lines": 0, "percent_statements_covered": 75.0, "percent_statements_covered_display": "75"}, "missing_lines": [22], "excluded_lines": [], "start_line": 19}, "enable_sqlite_fk._set_fk_pragma": {"executed_lines": [26, 27], "summary": {"covered_lines": 2, "num_statements": 3, "percent_covered": 66.66666666666667, "percent_covered_display": "67", "missing_lines": 1, "excluded_lines": 0, "percent_statements_covered": 66.66666666666667, "percent_statements_covered_display": "67"}, "missing_lines": [28], "excluded_lines": [], "start_line": 25}, "get_db": {"executed_lines": [], "summary": {"covered_lines": 0, "num_statements": 7, "percent_covered": 0.0, "percent_covered_display": "0", "missing_lines": 7, "excluded_lines": 0, "percent_statements_covered": 0.0, "percent_statements_covered_display": "0"}, "missing_lines": [52, 53, 54, 55, 56, 57, 58], "excluded_lines": [], "start_line": 50}, "create_tables": {"executed_lines": [], "summary": {"covered_lines": 0, "num_statements": 4, "percent_covered": 0.0, "percent_covered_display": "0", "missing_lines": 4, "excluded_lines": 0, "percent_statements_covered": 0.0, "percent_statements_covered_display": "0"}, "missing_lines": [63, 64, 67, 68], "excluded_lines": [], "start_line": 61}, "": {"executed_lines": [3, 5, 6, 7, 9, 12, 19, 31, 36, 38, 45, 47, 50, 61], "summary": {"covered_lines": 14, "num_statements": 14, "percent_covered": 100.0, "percent_covered_display": "100", "missing_lines": 0, "excluded_lines": 0, "percent_statements_covered": 100.0, "percent_statements_covered_display": "100"}, "missing_lines": [], "excluded_lines": [], "start_line": 1}}, "classes": {"Base": {"executed_lines": [], "summary": {"covered_lines": 0, "num_statements": 0, "percent_covered": 100.0, "percent_covered_display": "100", "missing_lines": 0, "excluded_lines": 0, "percent_statements_covered": 100.0, "percent_statements_covered_display": "100"}, "missing_lines": [], "excluded_lines": [], "start_line": 45}, "": {"executed_lines": [3, 5, 6, 7, 9, 12, 14, 15, 19, 21, 24, 25, 26, 27, 31, 36, 38, 45, 47, 50, 61], "summary": {"covered_lines": 21, "num_statements": 35, "percent_covered": 60.0, "percent_covered_display": "60", "missing_lines": 14, "excluded_lines": 0, "percent_statements_covered": 60.0, "percent_statements_covered_display": "60"}, "missing_lines": [16, 22, 28, 52, 53, 54, 55, 56, 57, 58, 63, 64, 67, 68], "excluded_lines": [], "start_line": 1}}}, "app/main.py": {"executed_lines": [3, 4, 5, 6, 8, 9, 10, 11, 12, 13, 15, 16, 19, 21, 23, 30, 48, 96, 97, 161, 162, 167, 168, 169, 173, 175, 177, 179, 190, 191, 195, 206, 207, 212, 218, 219, 220, 223, 235, 244, 246, 247, 248, 249, 250, 251, 252, 253, 254, 257, 258, 259, 260, 261, 262, 263, 264, 267, 268, 270, 271], "summary": {"covered_lines": 61, "num_statements": 148, "percent_covered": 41.21621621621622, "percent_covered_display": "41", "missing_lines": 87, "excluded_lines": 0, "percent_statements_covered": 41.21621621621622, "percent_statements_covered_display": "41"}, "missing_lines": [31, 32, 34, 35, 36, 37, 38, 39, 40, 41, 42, 43, 44, 45, 49, 50, 51, 52, 53, 55, 56, 57, 58, 59, 61, 67, 69, 71, 72, 73, 74, 75, 76, 77, 79, 98, 99, 102, 103, 104, 105, 107, 108, 109, 110, 112, 113, 114, 115, 116, 117, 118, 119, 120, 122, 123, 124, 127, 128, 131, 132, 133, 136, 137, 139, 143, 145, 146, 148, 149, 150, 152, 153, 154, 163, 170, 171, 174, 176, 178, 272, 273, 274, 275, 277, 278, 279], "excluded_lines": [], "functions": {"_handle_fetch_channel": {"executed_lines": [], "summary": {"covered_lines": 0, "num_statements": 14, "percent_covered": 0.0, "percent_covered_display": "0", "missing_lines": 14, "excluded_lines": 0, "percent_statements_covered": 0.0, "percent_statements_covered_display": "0"}, "missing_lines": [31, 32, 34, 35, 36, 37, 38, 39, 40, 41, 42, 43, 44, 45], "excluded_lines": [], "start_line": 30}, "_handle_run_agent": {"executed_lines": [], "summary": {"covered_lines": 0, "num_statements": 21, "percent_covered": 0.0, "percent_covered_display": "0", "missing_lines": 21, "excluded_lines": 0, "percent_statements_covered": 0.0, "percent_statements_covered_display": "0"}, "missing_lines": [49, 50, 51, 52, 53, 55, 56, 57, 58, 59, 61, 67, 69, 71, 72, 73, 74, 75, 76, 77, 79], "excluded_lines": [], "start_line": 48}, "lifespan": {"executed_lines": [], "summary": {"covered_lines": 0, "num_statements": 39, "percent_covered": 0.0, "percent_covered_display": "0", "missing_lines": 39, "excluded_lines": 0, "percent_statements_covered": 0.0, "percent_statements_covered_display": "0"}, "missing_lines": [98, 99, 102, 103, 104, 105, 107, 108, 109, 110, 112, 113, 114, 115, 116, 117, 118, 119, 120, 122, 123, 124, 127, 128, 131, 132, 133, 136, 137, 139, 143, 145, 146, 148, 149, 150, 152, 153, 154], "excluded_lines": [], "start_line": 97}, "http_exception_handler": {"executed_lines": [162, 167, 168, 169, 173, 175, 177, 179], "summary": {"covered_lines": 8, "num_statements": 14, "percent_covered": 57.142857142857146, "percent_covered_display": "57", "missing_lines": 6, "excluded_lines": 0, "percent_statements_covered": 57.142857142857146, "percent_statements_covered_display": "57"}, "missing_lines": [163, 170, 171, 174, 176, 178], "excluded_lines": [], "start_line": 161}, "validation_exception_handler": {"executed_lines": [191, 195], "summary": {"covered_lines": 2, "num_statements": 2, "percent_covered": 100.0, "percent_covered_display": "100", "missing_lines": 0, "excluded_lines": 0, "percent_statements_covered": 100.0, "percent_statements_covered_display": "100"}, "missing_lines": [], "excluded_lines": [], "start_line": 190}, "unhandled_exception_handler": {"executed_lines": [207, 212, 218, 219, 220], "summary": {"covered_lines": 5, "num_statements": 5, "percent_covered": 100.0, "percent_covered_display": "100", "missing_lines": 0, "excluded_lines": 0, "percent_statements_covered": 100.0, "percent_statements_covered_display": "100"}, "missing_lines": [], "excluded_lines": [], "start_line": 206}, "serve_spa": {"executed_lines": [], "summary": {"covered_lines": 0, "num_statements": 4, "percent_covered": 0.0, "percent_covered_display": "0", "missing_lines": 4, "excluded_lines": 0, "percent_statements_covered": 0.0, "percent_statements_covered_display": "0"}, "missing_lines": [272, 273, 274, 275], "excluded_lines": [], "start_line": 271}, "": {"executed_lines": [3, 4, 5, 6, 8, 9, 10, 11, 12, 13, 15, 16, 19, 21, 23, 30, 48, 96, 97, 161, 190, 206, 223, 235, 244, 246, 247, 248, 249, 250, 251, 252, 253, 254, 257, 258, 259, 260, 261, 262, 263, 264, 267, 268, 270, 271], "summary": {"covered_lines": 46, "num_statements": 49, "percent_covered": 93.87755102040816, "percent_covered_display": "94", "missing_lines": 3, "excluded_lines": 0, "percent_statements_covered": 93.87755102040816, "percent_statements_covered_display": "94"}, "missing_lines": [277, 278, 279], "excluded_lines": [], "start_line": 1}}, "classes": {"": {"executed_lines": [3, 4, 5, 6, 8, 9, 10, 11, 12, 13, 15, 16, 19, 21, 23, 30, 48, 96, 97, 161, 162, 167, 168, 169, 173, 175, 177, 179, 190, 191, 195, 206, 207, 212, 218, 219, 220, 223, 235, 244, 246, 247, 248, 249, 250, 251, 252, 253, 254, 257, 258, 259, 260, 261, 262, 263, 264, 267, 268, 270, 271], "summary": {"covered_lines": 61, "num_statements": 148, "percent_covered": 41.21621621621622, "percent_covered_display": "41", "missing_lines": 87, "excluded_lines": 0, "percent_statements_covered": 41.21621621621622, "percent_statements_covered_display": "41"}, "missing_lines": [31, 32, 34, 35, 36, 37, 38, 39, 40, 41, 42, 43, 44, 45, 49, 50, 51, 52, 53, 55, 56, 57, 58, 59, 61, 67, 69, 71, 72, 73, 74, 75, 76, 77, 79, 98, 99, 102, 103, 104, 105, 107, 108, 109, 110, 112, 113, 114, 115, 116, 117, 118, 119, 120, 122, 123, 124, 127, 128, 131, 132, 133, 136, 137, 139, 143, 145, 146, 148, 149, 150, 152, 153, 154, 163, 170, 171, 174, 176, 178, 272, 273, 274, 275, 277, 278, 279], "excluded_lines": [], "start_line": 1}}}, "app/models/__init__.py": {"executed_lines": [3, 4, 5, 6, 7, 8, 9, 10, 11, 12, 13, 14, 16], "summary": {"covered_lines": 13, "num_statements": 13, "percent_covered": 100.0, "percent_covered_display": "100", "missing_lines": 0, "excluded_lines": 0, "percent_statements_covered": 100.0, "percent_statements_covered_display": "100"}, "missing_lines": [], "excluded_lines": [], "functions": {"": {"executed_lines": [3, 4, 5, 6, 7, 8, 9, 10, 11, 12, 13, 14, 16], "summary": {"covered_lines": 13, "num_statements": 13, "percent_covered": 100.0, "percent_covered_display": "100", "missing_lines": 0, "excluded_lines": 0, "percent_statements_covered": 100.0, "percent_statements_covered_display": "100"}, "missing_lines": [], "excluded_lines": [], "start_line": 1}}, "classes": {"": {"executed_lines": [3, 4, 5, 6, 7, 8, 9, 10, 11, 12, 13, 14, 16], "summary": {"covered_lines": 13, "num_statements": 13, "percent_covered": 100.0, "percent_covered_display": "100", "missing_lines": 0, "excluded_lines": 0, "percent_statements_covered": 100.0, "percent_statements_covered_display": "100"}, "missing_lines": [], "excluded_lines": [], "start_line": 1}}}, "app/models/agent.py": {"executed_lines": [3, 4, 6, 7, 9, 12, 13, 15, 18, 19, 22, 25, 26, 27, 28, 31, 32, 37, 38, 39, 42, 47, 48, 49, 56, 59], "summary": {"covered_lines": 26, "num_statements": 26, "percent_covered": 100.0, "percent_covered_display": "100", "missing_lines": 0, "excluded_lines": 0, "percent_statements_covered": 100.0, "percent_statements_covered_display": "100"}, "missing_lines": [], "excluded_lines": [], "functions": {"": {"executed_lines": [3, 4, 6, 7, 9, 12, 13, 15, 18, 19, 22, 25, 26, 27, 28, 31, 32, 37, 38, 39, 42, 47, 48, 49, 56, 59], "summary": {"covered_lines": 26, "num_statements": 26, "percent_covered": 100.0, "percent_covered_display": "100", "missing_lines": 0, "excluded_lines": 0, "percent_statements_covered": 100.0, "percent_statements_covered_display": "100"}, "missing_lines": [], "excluded_lines": [], "start_line": 1}}, "classes": {"Agent": {"executed_lines": [], "summary": {"covered_lines": 0, "num_statements": 0, "percent_covered": 100.0, "percent_covered_display": "100", "missing_lines": 0, "excluded_lines": 0, "percent_statements_covered": 100.0, "percent_statements_covered_display": "100"}, "missing_lines": [], "excluded_lines": [], "start_line": 12}, "": {"executed_lines": [3, 4, 6, 7, 9, 12, 13, 15, 18, 19, 22, 25, 26, 27, 28, 31, 32, 37, 38, 39, 42, 47, 48, 49, 56, 59], "summary": {"covered_lines": 26, "num_statements": 26, "percent_covered": 100.0, "percent_covered_display": "100", "missing_lines": 0, "excluded_lines": 0, "percent_statements_covered": 100.0, "percent_statements_covered_display": "100"}, "missing_lines": [], "excluded_lines": [], "start_line": 1}}}, "app/models/agent_work.py": {"executed_lines": [3, 4, 6, 7, 9, 12, 13, 14, 21, 24, 27, 28, 31, 34, 37, 38, 39, 42, 47, 48, 49], "summary": {"covered_lines": 21, "num_statements": 21, "percent_covered": 100.0, "percent_covered_display": "100", "missing_lines": 0, "excluded_lines": 0, "percent_statements_covered": 100.0, "percent_statements_covered_display": "100"}, "missing_lines": [], "excluded_lines": [], "functions": {"": {"executed_lines": [3, 4, 6, 7, 9, 12, 13, 14, 21, 24, 27, 28, 31, 34, 37, 38, 39, 42, 47, 48, 49], "summary": {"covered_lines": 21, "num_statements": 21, "percent_covered": 100.0, "percent_covered_display": "100", "missing_lines": 0, "excluded_lines": 0, "percent_statements_covered": 100.0, "percent_statements_covered_display": "100"}, "missing_lines": [], "excluded_lines": [], "start_line": 1}}, "classes": {"AgentWork": {"executed_lines": [], "summary": {"covered_lines": 0, "num_statements": 0, "percent_covered": 100.0, "percent_covered_display": "100", "missing_lines": 0, "excluded_lines": 0, "percent_statements_covered": 100.0, "percent_statements_covered_display": "100"}, "missing_lines": [], "excluded_lines": [], "start_li
[...]
 {"covered_lines": 0, "num_statements": 0, "percent_covered": 100.0, "percent_covered_display": "100", "missing_lines": 0, "excluded_lines": 0, "percent_statements_covered": 100.0, "percent_statements_covered_display": "100"}, "missing_lines": [], "excluded_lines": [], "start_line": 81}, "_MemJob.__init__": {"executed_lines": [97, 98, 99, 100, 101, 102, 103, 104, 105, 106], "summary": {"covered_lines": 10, "num_statements": 10, "percent_covered": 100.0, "percent_covered_display": "100", "missing_lines": 0, "excluded_lines": 0, "percent_statements_covered": 100.0, "percent_statements_covered_display": "100"}, "missing_lines": [], "excluded_lines": [], "start_line": 96}, "_MemJob.to_dict": {"executed_lines": [109], "summary": {"covered_lines": 1, "num_statements": 1, "percent_covered": 100.0, "percent_covered_display": "100", "missing_lines": 0, "excluded_lines": 0, "percent_statements_covered": 100.0, "percent_statements_covered_display": "100"}, "missing_lines": [], "excluded_lines": [], "start_line": 108}, "MemoryQueue.__init__": {"executed_lines": [127, 128, 129, 130, 131, 132, 133], "summary": {"covered_lines": 7, "num_statements": 7, "percent_covered": 100.0, "percent_covered_display": "100", "missing_lines": 0, "excluded_lines": 0, "percent_statements_covered": 100.0, "percent_statements_covered_display": "100"}, "missing_lines": [], "excluded_lines": [], "start_line": 126}, "MemoryQueue.start": {"executed_lines": [136, 137, 138], "summary": {"covered_lines": 3, "num_statements": 3, "percent_covered": 100.0, "percent_covered_display": "100", "missing_lines": 0, "excluded_lines": 0, "percent_statements_covered": 100.0, "percent_statements_covered_display": "100"}, "missing_lines": [], "excluded_lines": [], "start_line": 135}, "MemoryQueue.stop": {"executed_lines": [141, 142, 143, 144, 145, 146, 147], "summary": {"covered_lines": 7, "num_statements": 7, "percent_covered": 100.0, "percent_covered_display": "100", "missing_lines": 0, "excluded_lines": 0, "percent_statements_covered": 100.0, "percent_statements_covered_display": "100"}, "missing_lines": [], "excluded_lines": [], "start_line": 140}, "MemoryQueue.enqueue": {"executed_lines": [150, 151, 152, 153, 154, 155, 156, 157], "summary": {"covered_lines": 8, "num_statements": 8, "percent_covered": 100.0, "percent_covered_display": "100", "missing_lines": 0, "excluded_lines": 0, "percent_statements_covered": 100.0, "percent_statements_covered_display": "100"}, "missing_lines": [], "excluded_lines": [], "start_line": 149}, "MemoryQueue.status": {"executed_lines": [160, 161], "summary": {"covered_lines": 2, "num_statements": 2, "percent_covered": 100.0, "percent_covered_display": "100", "missing_lines": 0, "excluded_lines": 0, "percent_statements_covered": 100.0, "percent_statements_covered_display": "100"}, "missing_lines": [], "excluded_lines": [], "start_line": 159}, "MemoryQueue._dispatch_loop": {"executed_lines": [164, 165, 166, 167, 168, 169], "summary": {"covered_lines": 6, "num_statements": 6, "percent_covered": 100.0, "percent_covered_display": "100", "missing_lines": 0, "excluded_lines": 0, "percent_statements_covered": 100.0, "percent_statements_covered_display": "100"}, "missing_lines": [], "excluded_lines": [], "start_line": 163}, "MemoryQueue._run": {"executed_lines": [172, 173, 174, 175, 176, 177, 178, 179, 180, 181, 182, 183, 184, 185, 186, 188, 189, 190], "summary": {"covered_lines": 18, "num_statements": 18, "percent_covered": 100.0, "percent_covered_display": "100", "missing_lines": 0, "excluded_lines": 0, "percent_statements_covered": 100.0, "percent_statements_covered_display": "100"}, "missing_lines": [], "excluded_lines": [], "start_line": 171}, "RedisQueue.__init__": {"executed_lines": [223, 224, 225, 226, 227, 228, 229], "summary": {"covered_lines": 7, "num_statements": 7, "percent_covered": 100.0, "percent_covered_display": "100", "missing_lines": 0, "excluded_lines": 0, "percent_statements_covered": 100.0, "percent_statements_covered_display": "100"}, "missing_lines": [], "excluded_lines": [], "start_line": 216}, "RedisQueue.start": {"executed_lines": [232, 235, 236, 237], "summary": {"covered_lines": 4, "num_statements": 6, "percent_covered": 66.66666666666667, "percent_covered_display": "67", "missing_lines": 2, "excluded_lines": 0, "percent_statements_covered": 66.66666666666667, "percent_statements_covered_display": "67"}, "missing_lines": [233, 234], "excluded_lines": [], "start_line": 231}, "RedisQueue.stop": {"executed_lines": [240, 241, 242, 243, 246, 247, 248], "summary": {"covered_lines": 7, "num_statements": 9, "percent_covered": 77.77777777777777, "percent_covered_display": "78", "missing_lines": 2, "excluded_lines": 0, "percent_statements_covered": 77.77777777777777, "percent_statements_covered_display": "78"}, "missing_lines": [244, 245], "excluded_lines": [], "start_line": 239}, "RedisQueue.enqueue": {"executed_lines": [251, 252, 253, 256, 257, 258, 260, 271, 272, 273, 275, 276, 277, 278], "summary": {"covered_lines": 14, "num_statements": 14, "percent_covered": 100.0, "percent_covered_display": "100", "missing_lines": 0, "excluded_lines": 0, "percent_statements_covered": 100.0, "percent_statements_covered_display": "100"}, "missing_lines": [], "excluded_lines": [], "start_line": 250}, "RedisQueue.status": {"executed_lines": [281, 282], "summary": {"covered_lines": 2, "num_statements": 2, "percent_covered": 100.0, "percent_covered_display": "100", "missing_lines": 0, "excluded_lines": 0, "percent_statements_covered": 100.0, "percent_statements_covered_display": "100"}, "missing_lines": [], "excluded_lines": [], "start_line": 280}, "RedisQueue._worker_loop": {"executed_lines": [285, 286, 287, 288, 290, 291, 292, 293], "summary": {"covered_lines": 8, "num_statements": 11, "percent_covered": 72.72727272727273, "percent_covered_display": "73", "missing_lines": 3, "excluded_lines": 0, "percent_statements_covered": 72.72727272727273, "percent_statements_covered_display": "73"}, "missing_lines": [289, 294, 295], "excluded_lines": [], "start_line": 284}, "RedisQueue._run": {"executed_lines": [298, 299, 300, 301, 302, 304, 305, 306, 307, 308, 313, 314, 315, 316, 318, 319, 323, 327, 328, 329, 330, 331, 332, 333, 334, 335, 336, 341, 342, 347, 348, 349], "summary": {"covered_lines": 32, "num_statements": 32, "percent_covered": 100.0, "percent_covered_display": "100", "missing_lines": 0, "excluded_lines": 0, "percent_statements_covered": 100.0, "percent_statements_covered_display": "100"}, "missing_lines": [], "excluded_lines": [], "start_line": 297}, "RedisQueue._deserialize": {"executed_lines": [354, 355, 356, 360], "summary": {"covered_lines": 4, "num_statements": 6, "percent_covered": 66.66666666666667, "percent_covered_display": "67", "missing_lines": 2, "excluded_lines": 0, "percent_statements_covered": 66.66666666666667, "percent_statements_covered_display": "67"}, "missing_lines": [357, 358], "excluded_lines": [], "start_line": 352}, "create_queue": {"executed_lines": [386, 387, 389, 390, 391], "summary": {"covered_lines": 5, "num_statements": 5, "percent_covered": 100.0, "percent_covered_display": "100", "missing_lines": 0, "excluded_lines": 0, "percent_statements_covered": 100.0, "percent_statements_covered_display": "100"}, "missing_lines": [], "excluded_lines": [], "start_line": 377}, "": {"executed_lines": [17, 18, 19, 20, 21, 22, 23, 25, 27, 28, 31, 32, 33, 40, 41, 42, 43, 44, 51, 54, 57, 62, 63, 66, 67, 70, 71, 80, 81, 89, 90, 96, 108, 122, 126, 135, 140, 149, 159, 163, 171, 197, 216, 231, 239, 250, 280, 284, 297, 351, 352, 377, 398], "summary": {"covered_lines": 53, "num_statements": 53, "percent_covered": 100.0, "percent_covered_display": "100", "missing_lines": 0, "excluded_lines": 0, "percent_statements_covered": 100.0, "percent_statements_covered_display": "100"}, "missing_lines": [], "excluded_lines": [], "start_line": 1}}, "classes": {"JobStatus": {"executed_lines": [], "summary": {"covered_lines": 0, "num_statements": 0, "percent_covered": 100.0, "percent_covered_display": "100", "missing_lines": 0, "excluded_lines": 0, "percent_statements_covered": 100.0, "percent_statements_covered_display": "100"}, "missing_lines": [], "excluded_lines": [], "start_line": 40}, "BaseQueue": {"executed_lines": [55, 59, 60], "summary": {"covered_lines": 3, "num_statements": 3, "percent_covered": 100.0, "percent_covered_display": "100", "missing_lines": 0, "excluded_lines": 0, "percent_statements_covered": 100.0, "percent_statements_covered_display": "100"}, "missing_lines": [], "excluded_lines": [], "start_line": 51}, "_MemJob": {"executed_lines": [97, 98, 99, 100, 101, 102, 103, 104, 105, 106, 109], "summary": {"covered_lines": 11, "num_statements": 11, "percent_covered": 100.0, "percent_covered_display": "100", "missing_lines": 0, "excluded_lines": 0, "percent_statements_covered": 100.0, "percent_statements_covered_display": "100"}, "missing_lines": [], "excluded_lines": [], "start_line": 89}, "MemoryQueue": {"executed_lines": [127, 128, 129, 130, 131, 132, 133, 136, 137, 138, 141, 142, 143, 144, 145, 146, 147, 150, 151, 152, 153, 154, 155, 156, 157, 160, 161, 164, 165, 166, 167, 168, 169, 172, 173, 174, 175, 176, 177, 178, 179, 180, 181, 182, 183, 184, 185, 186, 188, 189, 190], "summary": {"covered_lines": 51, "num_statements": 51, "percent_covered": 100.0, "percent_covered_display": "100", "missing_lines": 0, "excluded_lines": 0, "percent_statements_covered": 100.0, "percent_statements_covered_display": "100"}, "missing_lines": [], "excluded_lines": [], "start_line": 122}, "RedisQueue": {"executed_lines": [223, 224, 225, 226, 227, 228, 229, 232, 235, 236, 237, 240, 241, 242, 243, 246, 247, 248, 251, 252, 253, 256, 257, 258, 260, 271, 272, 273, 275, 276, 277, 278, 281, 282, 285, 286, 287, 288, 290, 291, 292, 293, 298, 299, 300, 301, 302, 304, 305, 306, 307, 308, 313, 314, 315, 316, 318, 319, 323, 327, 328, 329, 330, 331, 332, 333, 334, 335, 336, 341, 342, 347, 348, 349, 354, 355, 356, 360], "summary": {"covered_lines": 78, "num_statements": 87, "percent_covered": 89.65517241379311, "percent_covered_display": "90", "missing_lines": 9, "excluded_lines": 0, "percent_statements_covered": 89.65517241379311, "percent_statements_covered_display": "90"}, "missing_lines": [233, 234, 244, 245, 289, 294, 295, 357, 358], "excluded_lines": [], "start_line": 197}, "": {"executed_lines": [17, 18, 19, 20, 21, 22, 23, 25, 27, 28, 31, 32, 33, 40, 41, 42, 43, 44, 51, 54, 57, 62, 63, 66, 67, 70, 71, 80, 81, 89, 90, 96, 108, 122, 126, 135, 140, 149, 159, 163, 171, 197, 216, 231, 239, 250, 280, 284, 297, 351, 352, 377, 386, 387, 389, 390, 391, 398], "summary": {"covered_lines": 58, "num_statements": 58, "percent_covered": 100.0, "percent_covered_display": "100", "missing_lines": 0, "excluded_lines": 0, "percent_statements_covered": 100.0, "percent_statements_covered_display": "100"}, "missing_lines": [], "excluded_lines": [], "start_line": 1}}}, "app/services/title_cleaner.py": {"executed_lines": [12, 13, 14, 16, 17, 19, 20, 22, 28, 43, 44, 45, 46, 47, 48, 49, 50, 51, 52, 53, 60, 80, 87, 90, 159, 177, 184, 225, 244, 245, 247, 253, 255, 256, 258, 259, 261, 262, 269, 270, 276, 277, 278, 281, 282, 284, 285, 286], "summary": {"covered_lines": 48, "num_statements": 96, "percent_covered": 50.0, "percent_covered_display": "50", "missing_lines": 48, "excluded_lines": 0, "percent_statements_covered": 50.0, "percent_statements_covered_display": "50"}, "missing_lines": [103, 104, 105, 108, 114, 115, 116, 117, 118, 121, 122, 127, 128, 129, 131, 133, 134, 135, 136, 137, 138, 139, 140, 143, 149, 150, 152, 194, 195, 196, 198, 199, 204, 205, 206, 208, 209, 210, 211, 212, 214, 215, 216, 217, 218, 264, 265, 266], "excluded_lines": [], "functions": {"clean_title_regex": {"executed_lines": [43, 44, 45, 46, 47, 48, 49, 50, 51, 52, 53], "summary": {"covered_lines": 11, "num_statements": 11, "percent_covered": 100.0, "percent_covered_display": "100", "missing_lines": 0, "excluded_lines": 0, "percent_statements_covered": 100.0, "percent_statements_covered_display": "100"}, "missing_lines": [], "excluded_lines": [], "start_line": 28}, "clean_title_llm": {"executed_lines": [], "summary": {"covered_lines": 0, "num_statements": 27, "percent_covered": 0.0, "percent_covered_display": "0", "missing_lines": 27, "excluded_lines": 0, "percent_statements_covered": 0.0, "percent_statements_covered_display": "0"}, "missing_lines": [103, 104, 105, 108, 114, 115, 116, 117, 118, 121, 122, 127, 128, 129, 131, 133, 134, 135, 136, 137, 138, 139, 140, 143, 149, 150, 152], "excluded_lines": [], "start_line": 90}, "generate_title_regex": {"executed_lines": [], "summary": {"covered_lines": 0, "num_statements": 18, "percent_covered": 0.0, "percent_covered_display": "0", "missing_lines": 18, "excluded_lines": 0, "percent_statements_covered": 0.0, "percent_statements_covered_display": "0"}, "missing_lines": [194, 195, 196, 198, 199, 204, 205, 206, 208, 209, 210, 211, 212, 214, 215, 216, 217, 218], "excluded_lines": [], "start_line": 184}, "backfill_titles": {"executed_lines": [244, 245, 247, 253, 255, 256, 258, 259, 261, 262, 269, 270, 276, 277, 278, 281, 282, 284, 285, 286], "summary": {"covered_lines": 20, "num_statements": 23, "percent_covered": 86.95652173913044, "percent_covered_display": "87", "missing_lines": 3, "excluded_lines": 0, "percent_statements_covered": 86.95652173913044, "percent_statements_covered_display": "87"}, "missing_lines": [264, 265, 266], "excluded_lines": [], "start_line": 225}, "": {"executed_lines": [12, 13, 14, 16, 17, 19, 20, 22, 28, 60, 80, 87, 90, 159, 177, 184, 225], "summary": {"covered_lines": 17, "num_statements": 17, "percent_covered": 100.0, "percent_covered_display": "100", "missing_lines": 0, "excluded_lines": 0, "percent_statements_covered": 100.0, "percent_statements_covered_display": "100"}, "missing_lines": [], "excluded_lines": [], "start_line": 1}}, "classes": {"": {"executed_lines": [12, 13, 14, 16, 17, 19, 20, 22, 28, 43, 44, 45, 46, 47, 48, 49, 50, 51, 52, 53, 60, 80, 87, 90, 159, 177, 184, 225, 244, 245, 247, 253, 255, 256, 258, 259, 261, 262, 269, 270, 276, 277, 278, 281, 282, 284, 285, 286], "summary": {"covered_lines": 48, "num_statements": 96, "percent_covered": 50.0, "percent_covered_display": "50", "missing_lines": 48, "excluded_lines": 0, "percent_statements_covered": 50.0, "percent_statements_covered_display": "50"}, "missing_lines": [103, 104, 105, 108, 114, 115, 116, 117, 118, 121, 122, 127, 128, 129, 131, 133, 134, 135, 136, 137, 138, 139, 140, 143, 149, 150, 152, 194, 195, 196, 198, 199, 204, 205, 206, 208, 209, 210, 211, 212, 214, 215, 216, 217, 218, 264, 265, 266], "excluded_lines": [], "start_line": 1}}}, "app/services/title_parser.py": {"executed_lines": [10, 12, 15, 17, 18, 19, 20, 21, 22, 23, 24, 25, 26, 27, 28, 32, 33, 36, 41, 42, 43, 44, 45, 46, 52, 55, 65, 68, 69, 70, 73, 74, 75, 76, 77, 79, 81, 82, 83, 84, 85, 86, 88, 91, 93, 95, 96, 97, 98, 99, 100, 101, 103, 104, 105, 107, 108, 109, 111, 112, 113, 115, 116, 117, 119, 120, 121, 124, 125, 126, 127, 128, 129, 130, 131, 132, 136, 139, 145, 146, 148, 149, 150, 151, 152, 157, 160, 163, 165, 168], "summary": {"covered_lines": 90, "num_statements": 94, "percent_covered": 95.74468085106383, "percent_covered_display": "96", "missing_lines": 4, "excluded_lines": 0, "percent_statements_covered": 95.74468085106383, "percent_statements_covered_display": "96"}, "missing_lines": [133, 134, 154, 170], "excluded_lines": [], "functions": {"parse_title": {"executed_lines": [65, 68, 69, 70, 73, 74, 75, 76, 77, 79, 81, 82, 83, 84, 85, 86, 88, 91, 93, 95, 96, 97, 98, 99, 100, 101, 103, 104, 105, 107, 108, 109, 111, 112, 113, 115, 116, 117, 119, 120, 121, 124, 125, 126, 127, 128, 129, 130, 131, 132, 136], "summary": {"covered_lines": 51, "num_statements": 53, "percent_covered": 96.22641509433963, "percent_covered_display": "96", "missing_lines": 2, "excluded_lines": 0, "percent_statements_covered": 96.22641509433963, "percent_statements_covered_display": "96"}, "missing_lines": [133, 134], "excluded_lines": [], "start_line": 55}, "_classify_names": {"executed_lines": [145, 146, 148, 149, 150, 151, 152, 157], "summary": {"covered_lines": 8, "num_statements": 9, "percent_covered": 88.88888888888889, "percent_covered_display": "89", "missing_lines": 1, "excluded_lines": 0, "percent_statements_covered": 88.88888888888889, "percent_statements_covered_display": "89"}, "missing_lines": [154], "excluded_lines": [], "start_line": 139}, "_has_cjk": {"executed_lines": [165], "summary": {"covered_lines": 1, "num_statements": 1, "percent_covered": 100.0, "percent_covered_display": "100", "missing_lines": 0, "excluded_lines": 0, "percent_statements_covered": 100.0, "percent_statements_covered_display": "100"}, "missing_lines": [], "excluded_lines": [], "start_line": 163}, "extract_file_size_from_content_length": {"executed_lines": [], "summary": {"covered_lines": 0, "num_statements": 1, "percent_covered": 0.0, "percent_covered_display": "0", "missing_lines": 1, "excluded_lines": 0, "percent_statements_covered": 0.0, "percent_statements_covered_display": "0"}, "missing_lines": [170], "excluded_lines": [], "start_line": 168}, "": {"executed_lines": [10, 12, 15, 17, 18, 19, 20, 21, 22, 23, 24, 25, 26, 27, 28, 32, 33, 36, 41, 42, 43, 44, 45, 46, 52, 55, 139, 160, 163, 168], "summary": {"covered_lines": 30, "num_statements": 30, "percent_covered": 100.0, "percent_covered_display": "100", "missing_lines": 0, "excluded_lines": 0, "percent_statements_covered": 100.0, "percent_statements_covered_display": "100"}, "missing_lines": [], "excluded_lines": [], "start_line": 1}}, "classes": {"ParsedTitle": {"executed_lines": [], "summary": {"covered_lines": 0, "num_statements": 0, "percent_covered": 100.0, "percent_covered_display": "100", "missing_lines": 0, "excluded_lines": 0, "percent_statements_covered": 100.0, "percent_statements_covered_display": "100"}, "missing_lines": [], "excluded_lines": [], "start_line": 15}, "": {"executed_lines": [10, 12, 15, 17, 18, 19, 20, 21, 22, 23, 24, 25, 26, 27, 28, 32, 33, 36, 41, 42, 43, 44, 45, 46, 52, 55, 65, 68, 69, 70, 73, 74, 75, 76, 77, 79, 81, 82, 83, 84, 85, 86, 88, 91, 93, 95, 96, 97, 98, 99, 100, 101, 103, 104, 105, 107, 108, 109, 111, 112, 113, 115, 116, 117, 119, 120, 121, 124, 125, 126, 127, 128, 129, 130, 131, 132, 136, 139, 145, 146, 148, 149, 150, 151, 152, 157, 160, 163, 165, 168], "summary": {"covered_lines": 90, "num_statements": 94, "percent_covered": 95.74468085106383, "percent_covered_display": "96", "missing_lines": 4, "excluded_lines": 0, "percent_statements_covered": 95.74468085106383, "percent_statements_covered_display": "96"}, "missing_lines": [133, 134, 154, 170], "excluded_lines": [], "start_line": 1}}}, "app/utils/__init__.py": {"executed_lines": [], "summary": {"covered_lines": 0, "num_statements": 0, "percent_covered": 100.0, "percent_covered_display": "100", "missing_lines": 0, "excluded_lines": 0, "percent_statements_covered": 100.0, "percent_statements_covered_display": "100"}, "missing_lines": [], "excluded_lines": [], "functions": {"": {"executed_lines": [], "summary": {"covered_lines": 0, "num_statements": 0, "percent_covered": 100.0, "percent_covered_display": "100", "missing_lines": 0, "excluded_lines": 0, "percent_statements_covered": 100.0, "percent_statements_covered_display": "100"}, "missing_lines": [], "excluded_lines": [], "start_line": 1}}, "classes": {"": {"executed_lines": [], "summary": {"covered_lines": 0, "num_statements": 0, "percent_covered": 100.0, "percent_covered_display": "100", "missing_lines": 0, "excluded_lines": 0, "percent_statements_covered": 100.0, "percent_statements_covered_display": "100"}, "missing_lines": [], "excluded_lines": [], "start_line": 1}}}}, "totals": {"covered_lines": 2639, "num_statements": 4030, "percent_covered": 65.48387096774194, "percent_covered_display": "65", "missing_lines": 1391, "excluded_lines": 0, "percent_statements_covered": 65.48387096774194, "percent_statements_covered_display": "65"}}